CRITICAL - 2022-02-10 14:43:40 --> Undefined variable: rka
#0 /var/www/diskominfo/app/Views/backend/profil/profil_admin.php(75): CodeIgniter\Debug\Exceptions->errorHandler(8, 'Undefined varia...', '/var/www/diskom...', 75, Array)
#1 /var/www/diskominfo/system/View/View.php(214): include('/var/www/diskom...')
#2 /var/www/diskominfo/system/View/View.php(217): CodeIgniter\View\View->CodeIgniter\View\{closure}()
#3 /var/www/diskominfo/system/Common.php(1092): CodeIgniter\View\View->render('backend/profil/...', Array, true)
#4 /var/www/diskominfo/app/Controllers/Backend/Profil.php(8): view('backend/profil/...')
#5 /var/www/diskominfo/system/CodeIgniter.php(802): App\Controllers\Backend\Profil->index()
#6 /var/www/diskominfo/system/CodeIgniter.php(399): CodeIgniter\CodeIgniter->runController(Object(App\Controllers\Backend\Profil))
#7 /var/www/diskominfo/system/CodeIgniter.php(317): CodeIgniter\CodeIgniter->handleRequest(NULL, Object(Config\Cache), false)
#8 /var/www/diskominfo/public/index.php(37): CodeIgniter\CodeIgniter->run()
#9 {main}
CRITICAL - 2022-02-10 15:17:00 --> Call to a member function findAll() on null
#0 /var/www/diskominfo/system/CodeIgniter.php(802): App\Controllers\Backend\Profil->index()
#1 /var/www/diskominfo/system/CodeIgniter.php(399): CodeIgniter\CodeIgniter->runController(Object(App\Controllers\Backend\Profil))
#2 /var/www/diskominfo/system/CodeIgniter.php(317): CodeIgniter\CodeIgniter->handleRequest(NULL, Object(Config\Cache), false)
#3 /var/www/diskominfo/public/index.php(37): CodeIgniter\CodeIgniter->run()
#4 {main}
CRITICAL - 2022-02-10 15:18:20 --> Call to a member function findAll() on null
#0 /var/www/diskominfo/system/CodeIgniter.php(802): App\Controllers\Backend\Profil->index()
#1 /var/www/diskominfo/system/CodeIgniter.php(399): CodeIgniter\CodeIgniter->runController(Object(App\Controllers\Backend\Profil))
#2 /var/www/diskominfo/system/CodeIgniter.php(317): CodeIgniter\CodeIgniter->handleRequest(NULL, Object(Config\Cache), false)
#3 /var/www/diskominfo/public/index.php(37): CodeIgniter\CodeIgniter->run()
#4 {main}
CRITICAL - 2022-02-10 15:18:21 --> Call to a member function findAll() on null
#0 /var/www/diskominfo/system/CodeIgniter.php(802): App\Controllers\Backend\Profil->index()
#1 /var/www/diskominfo/system/CodeIgniter.php(399): CodeIgniter\CodeIgniter->runController(Object(App\Controllers\Backend\Profil))
#2 /var/www/diskominfo/system/CodeIgniter.php(317): CodeIgniter\CodeIgniter->handleRequest(NULL, Object(Config\Cache), false)
#3 /var/www/diskominfo/public/index.php(37): CodeIgniter\CodeIgniter->run()
#4 {main}
