CRITICAL - 2022-01-09 06:37:27 --> Invalid file: backend/dpa_rka/rka_input.php
#0 C:\xampp\htdocs\diskominfo.bolmutkab1.go.id\system\View\View.php(198): CodeIgniter\Exceptions\FrameworkException::forInvalidFile('backend/dpa_rka...')
#1 C:\xampp\htdocs\diskominfo.bolmutkab1.go.id\system\Common.php(1092): CodeIgniter\View\View->render('backend/dpa_rka...', Array, true)
#2 C:\xampp\htdocs\diskominfo.bolmutkab1.go.id\app\Controllers\Rka_input.php(8): view('backend/dpa_rka...')
#3 C:\xampp\htdocs\diskominfo.bolmutkab1.go.id\system\CodeIgniter.php(802): App\Controllers\Rka_input->index()
#4 C:\xampp\htdocs\diskominfo.bolmutkab1.go.id\system\CodeIgniter.php(399): CodeIgniter\CodeIgniter->runController(Object(App\Controllers\Rka_input))
#5 C:\xampp\htdocs\diskominfo.bolmutkab1.go.id\system\CodeIgniter.php(317): CodeIgniter\CodeIgniter->handleRequest(NULL, Object(Config\Cache), false)
#6 C:\xampp\htdocs\diskominfo.bolmutkab1.go.id\public\index.php(37): CodeIgniter\CodeIgniter->run()
#7 C:\xampp\htdocs\diskominfo.bolmutkab1.go.id\system\Commands\Server\rewrite.php(43): require_once('C:\\xampp\\htdocs...')
#8 {main}
CRITICAL - 2022-01-09 06:38:34 --> Invalid file: backend/dpa_rka/rka_input.php
#0 C:\xampp\htdocs\diskominfo.bolmutkab1.go.id\system\View\View.php(198): CodeIgniter\Exceptions\FrameworkException::forInvalidFile('backend/dpa_rka...')
#1 C:\xampp\htdocs\diskominfo.bolmutkab1.go.id\system\Common.php(1092): CodeIgniter\View\View->render('backend/dpa_rka...', Array, true)
#2 C:\xampp\htdocs\diskominfo.bolmutkab1.go.id\app\Controllers\Rka_input.php(8): view('backend/dpa_rka...')
#3 C:\xampp\htdocs\diskominfo.bolmutkab1.go.id\system\CodeIgniter.php(802): App\Controllers\Rka_input->index()
#4 C:\xampp\htdocs\diskominfo.bolmutkab1.go.id\system\CodeIgniter.php(399): CodeIgniter\CodeIgniter->runController(Object(App\Controllers\Rka_input))
#5 C:\xampp\htdocs\diskominfo.bolmutkab1.go.id\system\CodeIgniter.php(317): CodeIgniter\CodeIgniter->handleRequest(NULL, Object(Config\Cache), false)
#6 C:\xampp\htdocs\diskominfo.bolmutkab1.go.id\public\index.php(37): CodeIgniter\CodeIgniter->run()
#7 C:\xampp\htdocs\diskominfo.bolmutkab1.go.id\system\Commands\Server\rewrite.php(43): require_once('C:\\xampp\\htdocs...')
#8 {main}
CRITICAL - 2022-01-09 22:00:47 --> Invalid file: backend/admin-index.php
#0 C:\xampp\htdocs\diskominfo.bolmutkab1.go.id\system\View\View.php(198): CodeIgniter\Exceptions\FrameworkException::forInvalidFile('backend/admin-i...')
#1 C:\xampp\htdocs\diskominfo.bolmutkab1.go.id\system\Common.php(1092): CodeIgniter\View\View->render('backend/admin-i...', Array, true)
#2 C:\xampp\htdocs\diskominfo.bolmutkab1.go.id\app\Controllers\Backend.php(8): view('backend/admin-i...')
#3 C:\xampp\htdocs\diskominfo.bolmutkab1.go.id\system\CodeIgniter.php(802): App\Controllers\Backend->index()
#4 C:\xampp\htdocs\diskominfo.bolmutkab1.go.id\system\CodeIgniter.php(399): CodeIgniter\CodeIgniter->runController(Object(App\Controllers\Backend))
#5 C:\xampp\htdocs\diskominfo.bolmutkab1.go.id\system\CodeIgniter.php(317): CodeIgniter\CodeIgniter->handleRequest(NULL, Object(Config\Cache), false)
#6 C:\xampp\htdocs\diskominfo.bolmutkab1.go.id\public\index.php(37): CodeIgniter\CodeIgniter->run()
#7 C:\xampp\htdocs\diskominfo.bolmutkab1.go.id\system\Commands\Server\rewrite.php(43): require_once('C:\\xampp\\htdocs...')
#8 {main}
