ERROR - 2022-01-18 02:24:43 --> Error connecting to the database: No connection could be made because the target machine actively refused it.

CRITICAL - 2022-01-18 02:24:43 --> Unable to connect to the database.
Main connection [MySQLi]: No connection could be made because the target machine actively refused it.

#0 C:\xampp\htdocs\diskominfo.bolmutkab.go.id\system\Database\BaseConnection.php(570): CodeIgniter\Database\BaseConnection->initialize()
#1 C:\xampp\htdocs\diskominfo.bolmutkab.go.id\system\Database\BaseBuilder.php(1428): CodeIgniter\Database\BaseConnection->query('SELECT *\nFROM `...', Array, false)
#2 C:\xampp\htdocs\diskominfo.bolmutkab.go.id\system\Model.php(183): CodeIgniter\Database\BaseBuilder->get()
#3 C:\xampp\htdocs\diskominfo.bolmutkab.go.id\system\BaseModel.php(584): CodeIgniter\Model->doFindAll(0, 0)
#4 C:\xampp\htdocs\diskominfo.bolmutkab.go.id\app\Controllers\Backend\Pegawai.php(45): CodeIgniter\BaseModel->findAll()
#5 C:\xampp\htdocs\diskominfo.bolmutkab.go.id\system\CodeIgniter.php(802): App\Controllers\Backend\Pegawai->struktur()
#6 C:\xampp\htdocs\diskominfo.bolmutkab.go.id\system\CodeIgniter.php(399): CodeIgniter\CodeIgniter->runController(Object(App\Controllers\Backend\Pegawai))
#7 C:\xampp\htdocs\diskominfo.bolmutkab.go.id\system\CodeIgniter.php(317): CodeIgniter\CodeIgniter->handleRequest(NULL, Object(Config\Cache), false)
#8 C:\xampp\htdocs\diskominfo.bolmutkab.go.id\public\index.php(37): CodeIgniter\CodeIgniter->run()
#9 C:\xampp\htdocs\diskominfo.bolmutkab.go.id\system\Commands\Server\rewrite.php(43): require_once('C:\\xampp\\htdocs...')
#10 {main}
CRITICAL - 2022-01-18 15:49:41 --> Undefined variable: Rka_model
#0 C:\xampp\htdocs\diskominfo.bolmutkab.go.id\app\Controllers\Backend\Dpa_admin.php(10): CodeIgniter\Debug\Exceptions->errorHandler(8, 'Undefined varia...', 'C:\\xampp\\htdocs...', 10, Array)
#1 C:\xampp\htdocs\diskominfo.bolmutkab.go.id\system\CodeIgniter.php(802): App\Controllers\Backend\Dpa_admin->index()
#2 C:\xampp\htdocs\diskominfo.bolmutkab.go.id\system\CodeIgniter.php(399): CodeIgniter\CodeIgniter->runController(Object(App\Controllers\Backend\Dpa_admin))
#3 C:\xampp\htdocs\diskominfo.bolmutkab.go.id\system\CodeIgniter.php(317): CodeIgniter\CodeIgniter->handleRequest(NULL, Object(Config\Cache), false)
#4 C:\xampp\htdocs\diskominfo.bolmutkab.go.id\public\index.php(37): CodeIgniter\CodeIgniter->run()
#5 C:\xampp\htdocs\diskominfo.bolmutkab.go.id\system\Commands\Server\rewrite.php(43): require_once('C:\\xampp\\htdocs...')
#6 {main}
CRITICAL - 2022-01-18 16:07:41 --> Undefined variable: rka
#0 C:\xampp\htdocs\diskominfo.bolmutkab.go.id\app\Views\backend\dpa_rka\dpa_admin.php(66): CodeIgniter\Debug\Exceptions->errorHandler(8, 'Undefined varia...', 'C:\\xampp\\htdocs...', 66, Array)
#1 C:\xampp\htdocs\diskominfo.bolmutkab.go.id\system\View\View.php(214): include('C:\\xampp\\htdocs...')
#2 C:\xampp\htdocs\diskominfo.bolmutkab.go.id\system\View\View.php(217): CodeIgniter\View\View->CodeIgniter\View\{closure}()
#3 C:\xampp\htdocs\diskominfo.bolmutkab.go.id\system\Common.php(1092): CodeIgniter\View\View->render('backend/dpa_rka...', Array, true)
#4 C:\xampp\htdocs\diskominfo.bolmutkab.go.id\app\Controllers\Backend\Dpa_admin.php(23): view('backend/dpa_rka...', Array)
#5 C:\xampp\htdocs\diskominfo.bolmutkab.go.id\system\CodeIgniter.php(802): App\Controllers\Backend\Dpa_admin->index()
#6 C:\xampp\htdocs\diskominfo.bolmutkab.go.id\system\CodeIgniter.php(399): CodeIgniter\CodeIgniter->runController(Object(App\Controllers\Backend\Dpa_admin))
#7 C:\xampp\htdocs\diskominfo.bolmutkab.go.id\system\CodeIgniter.php(317): CodeIgniter\CodeIgniter->handleRequest(NULL, Object(Config\Cache), false)
#8 C:\xampp\htdocs\diskominfo.bolmutkab.go.id\public\index.php(37): CodeIgniter\CodeIgniter->run()
#9 C:\xampp\htdocs\diskominfo.bolmutkab.go.id\system\Commands\Server\rewrite.php(43): require_once('C:\\xampp\\htdocs...')
#10 {main}
CRITICAL - 2022-01-18 16:09:41 --> Undefined variable: rka
#0 C:\xampp\htdocs\diskominfo.bolmutkab.go.id\app\Views\backend\dpa_rka\dpa_admin.php(66): CodeIgniter\Debug\Exceptions->errorHandler(8, 'Undefined varia...', 'C:\\xampp\\htdocs...', 66, Array)
#1 C:\xampp\htdocs\diskominfo.bolmutkab.go.id\system\View\View.php(214): include('C:\\xampp\\htdocs...')
#2 C:\xampp\htdocs\diskominfo.bolmutkab.go.id\system\View\View.php(217): CodeIgniter\View\View->CodeIgniter\View\{closure}()
#3 C:\xampp\htdocs\diskominfo.bolmutkab.go.id\system\Common.php(1092): CodeIgniter\View\View->render('backend/dpa_rka...', Array, true)
#4 C:\xampp\htdocs\diskominfo.bolmutkab.go.id\app\Controllers\Backend\Dpa_admin.php(23): view('backend/dpa_rka...', Array)
#5 C:\xampp\htdocs\diskominfo.bolmutkab.go.id\system\CodeIgniter.php(802): App\Controllers\Backend\Dpa_admin->index()
#6 C:\xampp\htdocs\diskominfo.bolmutkab.go.id\system\CodeIgniter.php(399): CodeIgniter\CodeIgniter->runController(Object(App\Controllers\Backend\Dpa_admin))
#7 C:\xampp\htdocs\diskominfo.bolmutkab.go.id\system\CodeIgniter.php(317): CodeIgniter\CodeIgniter->handleRequest(NULL, Object(Config\Cache), false)
#8 C:\xampp\htdocs\diskominfo.bolmutkab.go.id\public\index.php(37): CodeIgniter\CodeIgniter->run()
#9 C:\xampp\htdocs\diskominfo.bolmutkab.go.id\system\Commands\Server\rewrite.php(43): require_once('C:\\xampp\\htdocs...')
#10 {main}
CRITICAL - 2022-01-18 16:13:40 --> Invalid argument supplied for foreach()
#0 C:\xampp\htdocs\diskominfo.bolmutkab.go.id\app\Views\backend\dpa_rka\dpa_admin.php(66): CodeIgniter\Debug\Exceptions->errorHandler(2, 'Invalid argumen...', 'C:\\xampp\\htdocs...', 66, Array)
#1 C:\xampp\htdocs\diskominfo.bolmutkab.go.id\system\View\View.php(214): include('C:\\xampp\\htdocs...')
#2 C:\xampp\htdocs\diskominfo.bolmutkab.go.id\system\View\View.php(217): CodeIgniter\View\View->CodeIgniter\View\{closure}()
#3 C:\xampp\htdocs\diskominfo.bolmutkab.go.id\system\Common.php(1092): CodeIgniter\View\View->render('backend/dpa_rka...', Array, true)
#4 C:\xampp\htdocs\diskominfo.bolmutkab.go.id\app\Controllers\Backend\Dpa_admin.php(23): view('backend/dpa_rka...', Array)
#5 C:\xampp\htdocs\diskominfo.bolmutkab.go.id\system\CodeIgniter.php(802): App\Controllers\Backend\Dpa_admin->index()
#6 C:\xampp\htdocs\diskominfo.bolmutkab.go.id\system\CodeIgniter.php(399): CodeIgniter\CodeIgniter->runController(Object(App\Controllers\Backend\Dpa_admin))
#7 C:\xampp\htdocs\diskominfo.bolmutkab.go.id\system\CodeIgniter.php(317): CodeIgniter\CodeIgniter->handleRequest(NULL, Object(Config\Cache), false)
#8 C:\xampp\htdocs\diskominfo.bolmutkab.go.id\public\index.php(37): CodeIgniter\CodeIgniter->run()
#9 C:\xampp\htdocs\diskominfo.bolmutkab.go.id\system\Commands\Server\rewrite.php(43): require_once('C:\\xampp\\htdocs...')
#10 {main}
CRITICAL - 2022-01-18 16:17:27 --> Undefined variable: Rka_model
#0 C:\xampp\htdocs\diskominfo.bolmutkab.go.id\app\Views\backend\dpa_rka\dpa_admin.php(66): CodeIgniter\Debug\Exceptions->errorHandler(8, 'Undefined varia...', 'C:\\xampp\\htdocs...', 66, Array)
#1 C:\xampp\htdocs\diskominfo.bolmutkab.go.id\system\View\View.php(214): include('C:\\xampp\\htdocs...')
#2 C:\xampp\htdocs\diskominfo.bolmutkab.go.id\system\View\View.php(217): CodeIgniter\View\View->CodeIgniter\View\{closure}()
#3 C:\xampp\htdocs\diskominfo.bolmutkab.go.id\system\Common.php(1092): CodeIgniter\View\View->render('backend/dpa_rka...', Array, true)
#4 C:\xampp\htdocs\diskominfo.bolmutkab.go.id\app\Controllers\Backend\Dpa_admin.php(20): view('backend/dpa_rka...', Array)
#5 C:\xampp\htdocs\diskominfo.bolmutkab.go.id\system\CodeIgniter.php(802): App\Controllers\Backend\Dpa_admin->index()
#6 C:\xampp\htdocs\diskominfo.bolmutkab.go.id\system\CodeIgniter.php(399): CodeIgniter\CodeIgniter->runController(Object(App\Controllers\Backend\Dpa_admin))
#7 C:\xampp\htdocs\diskominfo.bolmutkab.go.id\system\CodeIgniter.php(317): CodeIgniter\CodeIgniter->handleRequest(NULL, Object(Config\Cache), false)
#8 C:\xampp\htdocs\diskominfo.bolmutkab.go.id\public\index.php(37): CodeIgniter\CodeIgniter->run()
#9 C:\xampp\htdocs\diskominfo.bolmutkab.go.id\system\Commands\Server\rewrite.php(43): require_once('C:\\xampp\\htdocs...')
#10 {main}
CRITICAL - 2022-01-18 16:20:54 --> Undefined variable: Rka_model
#0 C:\xampp\htdocs\diskominfo.bolmutkab.go.id\app\Views\backend\dpa_rka\dpa_admin.php(66): CodeIgniter\Debug\Exceptions->errorHandler(8, 'Undefined varia...', 'C:\\xampp\\htdocs...', 66, Array)
#1 C:\xampp\htdocs\diskominfo.bolmutkab.go.id\system\View\View.php(214): include('C:\\xampp\\htdocs...')
#2 C:\xampp\htdocs\diskominfo.bolmutkab.go.id\system\View\View.php(217): CodeIgniter\View\View->CodeIgniter\View\{closure}()
#3 C:\xampp\htdocs\diskominfo.bolmutkab.go.id\system\Common.php(1092): CodeIgniter\View\View->render('backend/dpa_rka...', Array, true)
#4 C:\xampp\htdocs\diskominfo.bolmutkab.go.id\app\Controllers\Backend\Dpa_admin.php(20): view('backend/dpa_rka...', Array)
#5 C:\xampp\htdocs\diskominfo.bolmutkab.go.id\system\CodeIgniter.php(802): App\Controllers\Backend\Dpa_admin->index()
#6 C:\xampp\htdocs\diskominfo.bolmutkab.go.id\system\CodeIgniter.php(399): CodeIgniter\CodeIgniter->runController(Object(App\Controllers\Backend\Dpa_admin))
#7 C:\xampp\htdocs\diskominfo.bolmutkab.go.id\system\CodeIgniter.php(317): CodeIgniter\CodeIgniter->handleRequest(NULL, Object(Config\Cache), false)
#8 C:\xampp\htdocs\diskominfo.bolmutkab.go.id\public\index.php(37): CodeIgniter\CodeIgniter->run()
#9 C:\xampp\htdocs\diskominfo.bolmutkab.go.id\system\Commands\Server\rewrite.php(43): require_once('C:\\xampp\\htdocs...')
#10 {main}
CRITICAL - 2022-01-18 21:57:32 --> Undefined variable: Domaindesa_model
#0 C:\xampp\htdocs\diskominfo.bolmutkab.go.id\app\Controllers\Backend\Domain_bolmut.php(19): CodeIgniter\Debug\Exceptions->errorHandler(8, 'Undefined varia...', 'C:\\xampp\\htdocs...', 19, Array)
#1 C:\xampp\htdocs\diskominfo.bolmutkab.go.id\system\CodeIgniter.php(802): App\Controllers\Backend\Domain_bolmut->index()
#2 C:\xampp\htdocs\diskominfo.bolmutkab.go.id\system\CodeIgniter.php(399): CodeIgniter\CodeIgniter->runController(Object(App\Controllers\Backend\Domain_bolmut))
#3 C:\xampp\htdocs\diskominfo.bolmutkab.go.id\system\CodeIgniter.php(317): CodeIgniter\CodeIgniter->handleRequest(NULL, Object(Config\Cache), false)
#4 C:\xampp\htdocs\diskominfo.bolmutkab.go.id\public\index.php(37): CodeIgniter\CodeIgniter->run()
#5 C:\xampp\htdocs\diskominfo.bolmutkab.go.id\system\Commands\Server\rewrite.php(43): require_once('C:\\xampp\\htdocs...')
#6 {main}
CRITICAL - 2022-01-18 21:57:58 --> Undefined variable: bolmut
#0 C:\xampp\htdocs\diskominfo.bolmutkab.go.id\app\Views\backend\domain\domain_bolmut.php(70): CodeIgniter\Debug\Exceptions->errorHandler(8, 'Undefined varia...', 'C:\\xampp\\htdocs...', 70, Array)
#1 C:\xampp\htdocs\diskominfo.bolmutkab.go.id\system\View\View.php(214): include('C:\\xampp\\htdocs...')
#2 C:\xampp\htdocs\diskominfo.bolmutkab.go.id\system\View\View.php(217): CodeIgniter\View\View->CodeIgniter\View\{closure}()
#3 C:\xampp\htdocs\diskominfo.bolmutkab.go.id\system\Common.php(1092): CodeIgniter\View\View->render('backend/domain/...', Array, true)
#4 C:\xampp\htdocs\diskominfo.bolmutkab.go.id\app\Controllers\Backend\Domain_bolmut.php(26): view('backend/domain/...', Array)
#5 C:\xampp\htdocs\diskominfo.bolmutkab.go.id\system\CodeIgniter.php(802): App\Controllers\Backend\Domain_bolmut->index()
#6 C:\xampp\htdocs\diskominfo.bolmutkab.go.id\system\CodeIgniter.php(399): CodeIgniter\CodeIgniter->runController(Object(App\Controllers\Backend\Domain_bolmut))
#7 C:\xampp\htdocs\diskominfo.bolmutkab.go.id\system\CodeIgniter.php(317): CodeIgniter\CodeIgniter->handleRequest(NULL, Object(Config\Cache), false)
#8 C:\xampp\htdocs\diskominfo.bolmutkab.go.id\public\index.php(37): CodeIgniter\CodeIgniter->run()
#9 C:\xampp\htdocs\diskominfo.bolmutkab.go.id\system\Commands\Server\rewrite.php(43): require_once('C:\\xampp\\htdocs...')
#10 {main}
CRITICAL - 2022-01-18 21:59:21 --> Undefined variable: bolmut
#0 C:\xampp\htdocs\diskominfo.bolmutkab.go.id\app\Views\backend\domain\domain_bolmut.php(70): CodeIgniter\Debug\Exceptions->errorHandler(8, 'Undefined varia...', 'C:\\xampp\\htdocs...', 70, Array)
#1 C:\xampp\htdocs\diskominfo.bolmutkab.go.id\system\View\View.php(214): include('C:\\xampp\\htdocs...')
#2 C:\xampp\htdocs\diskominfo.bolmutkab.go.id\system\View\View.php(217): CodeIgniter\View\View->CodeIgniter\View\{closure}()
#3 C:\xampp\htdocs\diskominfo.bolmutkab.go.id\system\Common.php(1092): CodeIgniter\View\View->render('backend/domain/...', Array, true)
#4 C:\xampp\htdocs\diskominfo.bolmutkab.go.id\app\Controllers\Backend\Domain_bolmut.php(26): view('backend/domain/...', Array)
#5 C:\xampp\htdocs\diskominfo.bolmutkab.go.id\system\CodeIgniter.php(802): App\Controllers\Backend\Domain_bolmut->index()
#6 C:\xampp\htdocs\diskominfo.bolmutkab.go.id\system\CodeIgniter.php(399): CodeIgniter\CodeIgniter->runController(Object(App\Controllers\Backend\Domain_bolmut))
#7 C:\xampp\htdocs\diskominfo.bolmutkab.go.id\system\CodeIgniter.php(317): CodeIgniter\CodeIgniter->handleRequest(NULL, Object(Config\Cache), false)
#8 C:\xampp\htdocs\diskominfo.bolmutkab.go.id\public\index.php(37): CodeIgniter\CodeIgniter->run()
#9 C:\xampp\htdocs\diskominfo.bolmutkab.go.id\system\Commands\Server\rewrite.php(43): require_once('C:\\xampp\\htdocs...')
#10 {main}
CRITICAL - 2022-01-18 22:01:52 --> Undefined variable: bolmut
#0 C:\xampp\htdocs\diskominfo.bolmutkab.go.id\app\Views\backend\domain\domain_bolmut.php(70): CodeIgniter\Debug\Exceptions->errorHandler(8, 'Undefined varia...', 'C:\\xampp\\htdocs...', 70, Array)
#1 C:\xampp\htdocs\diskominfo.bolmutkab.go.id\system\View\View.php(214): include('C:\\xampp\\htdocs...')
#2 C:\xampp\htdocs\diskominfo.bolmutkab.go.id\system\View\View.php(217): CodeIgniter\View\View->CodeIgniter\View\{closure}()
#3 C:\xampp\htdocs\diskominfo.bolmutkab.go.id\system\Common.php(1092): CodeIgniter\View\View->render('backend/domain/...', Array, true)
#4 C:\xampp\htdocs\diskominfo.bolmutkab.go.id\app\Controllers\Backend\Domain_bolmut.php(26): view('backend/domain/...', Array)
#5 C:\xampp\htdocs\diskominfo.bolmutkab.go.id\system\CodeIgniter.php(802): App\Controllers\Backend\Domain_bolmut->index()
#6 C:\xampp\htdocs\diskominfo.bolmutkab.go.id\system\CodeIgniter.php(399): CodeIgniter\CodeIgniter->runController(Object(App\Controllers\Backend\Domain_bolmut))
#7 C:\xampp\htdocs\diskominfo.bolmutkab.go.id\system\CodeIgniter.php(317): CodeIgniter\CodeIgniter->handleRequest(NULL, Object(Config\Cache), false)
#8 C:\xampp\htdocs\diskominfo.bolmutkab.go.id\public\index.php(37): CodeIgniter\CodeIgniter->run()
#9 C:\xampp\htdocs\diskominfo.bolmutkab.go.id\system\Commands\Server\rewrite.php(43): require_once('C:\\xampp\\htdocs...')
#10 {main}
CRITICAL - 2022-01-18 22:02:06 --> Undefined variable: bolmut
#0 C:\xampp\htdocs\diskominfo.bolmutkab.go.id\app\Views\backend\domain\domain_bolmut.php(70): CodeIgniter\Debug\Exceptions->errorHandler(8, 'Undefined varia...', 'C:\\xampp\\htdocs...', 70, Array)
#1 C:\xampp\htdocs\diskominfo.bolmutkab.go.id\system\View\View.php(214): include('C:\\xampp\\htdocs...')
#2 C:\xampp\htdocs\diskominfo.bolmutkab.go.id\system\View\View.php(217): CodeIgniter\View\View->CodeIgniter\View\{closure}()
#3 C:\xampp\htdocs\diskominfo.bolmutkab.go.id\system\Common.php(1092): CodeIgniter\View\View->render('backend/domain/...', Array, true)
#4 C:\xampp\htdocs\diskominfo.bolmutkab.go.id\app\Controllers\Backend\Domain_bolmut.php(26): view('backend/domain/...', Array)
#5 C:\xampp\htdocs\diskominfo.bolmutkab.go.id\system\CodeIgniter.php(802): App\Controllers\Backend\Domain_bolmut->index()
#6 C:\xampp\htdocs\diskominfo.bolmutkab.go.id\system\CodeIgniter.php(399): CodeIgniter\CodeIgniter->runController(Object(App\Controllers\Backend\Domain_bolmut))
#7 C:\xampp\htdocs\diskominfo.bolmutkab.go.id\system\CodeIgniter.php(317): CodeIgniter\CodeIgniter->handleRequest(NULL, Object(Config\Cache), false)
#8 C:\xampp\htdocs\diskominfo.bolmutkab.go.id\public\index.php(37): CodeIgniter\CodeIgniter->run()
#9 C:\xampp\htdocs\diskominfo.bolmutkab.go.id\system\Commands\Server\rewrite.php(43): require_once('C:\\xampp\\htdocs...')
#10 {main}
