CRITICAL - 2021-11-13 04:35:37 --> Invalid file: admin/header_admin.php
#0 C:\xampp\htdocs\ci-4\system\View\View.php(198): CodeIgniter\Exceptions\FrameworkException::forInvalidFile('admin/header_ad...')
#1 C:\xampp\htdocs\ci-4\system\Common.php(1092): CodeIgniter\View\View->render('admin/header_ad...', Array, true)
#2 C:\xampp\htdocs\ci-4\app\Controllers\Admin\Dashadmin.php(2): view('admin/header_ad...')
#3 C:\xampp\htdocs\ci-4\system\Autoloader\Autoloader.php(264): include_once('C:\\xampp\\htdocs...')
#4 C:\xampp\htdocs\ci-4\system\Autoloader\Autoloader.php(241): CodeIgniter\Autoloader\Autoloader->includeFile('C:\\xampp\\htdocs...')
#5 C:\xampp\htdocs\ci-4\system\Autoloader\Autoloader.php(219): CodeIgniter\Autoloader\Autoloader->loadInNamespace('App\\Controllers...')
#6 [internal function]: CodeIgniter\Autoloader\Autoloader->loadClass('App\\Controllers...')
#7 [internal function]: spl_autoload_call('App\\Controllers...')
#8 C:\xampp\htdocs\ci-4\system\CodeIgniter.php(767): class_exists('\\App\\Controller...', true)
#9 C:\xampp\htdocs\ci-4\system\CodeIgniter.php(386): CodeIgniter\CodeIgniter->startController()
#10 C:\xampp\htdocs\ci-4\system\CodeIgniter.php(317): CodeIgniter\CodeIgniter->handleRequest(NULL, Object(Config\Cache), false)
#11 C:\xampp\htdocs\ci-4\public\index.php(37): CodeIgniter\CodeIgniter->run()
#12 C:\xampp\htdocs\ci-4\system\Commands\Server\rewrite.php(43): require_once('C:\\xampp\\htdocs...')
#13 {main}
CRITICAL - 2021-11-13 04:36:59 --> Invalid file: admin/layout/header_admin.php
#0 C:\xampp\htdocs\ci-4\system\View\View.php(198): CodeIgniter\Exceptions\FrameworkException::forInvalidFile('admin/layout/he...')
#1 C:\xampp\htdocs\ci-4\system\Common.php(1092): CodeIgniter\View\View->render('admin/layout/he...', Array, true)
#2 C:\xampp\htdocs\ci-4\app\Controllers\Admin\Dashadmin.php(2): view('admin/layout/he...')
#3 C:\xampp\htdocs\ci-4\system\Autoloader\Autoloader.php(264): include_once('C:\\xampp\\htdocs...')
#4 C:\xampp\htdocs\ci-4\system\Autoloader\Autoloader.php(241): CodeIgniter\Autoloader\Autoloader->includeFile('C:\\xampp\\htdocs...')
#5 C:\xampp\htdocs\ci-4\system\Autoloader\Autoloader.php(219): CodeIgniter\Autoloader\Autoloader->loadInNamespace('App\\Controllers...')
#6 [internal function]: CodeIgniter\Autoloader\Autoloader->loadClass('App\\Controllers...')
#7 [internal function]: spl_autoload_call('App\\Controllers...')
#8 C:\xampp\htdocs\ci-4\system\CodeIgniter.php(767): class_exists('\\App\\Controller...', true)
#9 C:\xampp\htdocs\ci-4\system\CodeIgniter.php(386): CodeIgniter\CodeIgniter->startController()
#10 C:\xampp\htdocs\ci-4\system\CodeIgniter.php(317): CodeIgniter\CodeIgniter->handleRequest(NULL, Object(Config\Cache), false)
#11 C:\xampp\htdocs\ci-4\public\index.php(37): CodeIgniter\CodeIgniter->run()
#12 C:\xampp\htdocs\ci-4\system\Commands\Server\rewrite.php(43): require_once('C:\\xampp\\htdocs...')
#13 {main}
CRITICAL - 2021-11-13 04:37:01 --> Invalid file: admin/layout/header_admin.php
#0 C:\xampp\htdocs\ci-4\system\View\View.php(198): CodeIgniter\Exceptions\FrameworkException::forInvalidFile('admin/layout/he...')
#1 C:\xampp\htdocs\ci-4\system\Common.php(1092): CodeIgniter\View\View->render('admin/layout/he...', Array, true)
#2 C:\xampp\htdocs\ci-4\app\Controllers\Admin\Dashadmin.php(2): view('admin/layout/he...')
#3 C:\xampp\htdocs\ci-4\system\Autoloader\Autoloader.php(264): include_once('C:\\xampp\\htdocs...')
#4 C:\xampp\htdocs\ci-4\system\Autoloader\Autoloader.php(241): CodeIgniter\Autoloader\Autoloader->includeFile('C:\\xampp\\htdocs...')
#5 C:\xampp\htdocs\ci-4\system\Autoloader\Autoloader.php(219): CodeIgniter\Autoloader\Autoloader->loadInNamespace('App\\Controllers...')
#6 [internal function]: CodeIgniter\Autoloader\Autoloader->loadClass('App\\Controllers...')
#7 [internal function]: spl_autoload_call('App\\Controllers...')
#8 C:\xampp\htdocs\ci-4\system\CodeIgniter.php(767): class_exists('\\App\\Controller...', true)
#9 C:\xampp\htdocs\ci-4\system\CodeIgniter.php(386): CodeIgniter\CodeIgniter->startController()
#10 C:\xampp\htdocs\ci-4\system\CodeIgniter.php(317): CodeIgniter\CodeIgniter->handleRequest(NULL, Object(Config\Cache), false)
#11 C:\xampp\htdocs\ci-4\public\index.php(37): CodeIgniter\CodeIgniter->run()
#12 C:\xampp\htdocs\ci-4\system\Commands\Server\rewrite.php(43): require_once('C:\\xampp\\htdocs...')
#13 {main}
CRITICAL - 2021-11-13 04:37:03 --> Invalid file: admin/layout/header_admin.php
#0 C:\xampp\htdocs\ci-4\system\View\View.php(198): CodeIgniter\Exceptions\FrameworkException::forInvalidFile('admin/layout/he...')
#1 C:\xampp\htdocs\ci-4\system\Common.php(1092): CodeIgniter\View\View->render('admin/layout/he...', Array, true)
#2 C:\xampp\htdocs\ci-4\app\Controllers\Admin\Dashadmin.php(2): view('admin/layout/he...')
#3 C:\xampp\htdocs\ci-4\system\Autoloader\Autoloader.php(264): include_once('C:\\xampp\\htdocs...')
#4 C:\xampp\htdocs\ci-4\system\Autoloader\Autoloader.php(241): CodeIgniter\Autoloader\Autoloader->includeFile('C:\\xampp\\htdocs...')
#5 C:\xampp\htdocs\ci-4\system\Autoloader\Autoloader.php(219): CodeIgniter\Autoloader\Autoloader->loadInNamespace('App\\Controllers...')
#6 [internal function]: CodeIgniter\Autoloader\Autoloader->loadClass('App\\Controllers...')
#7 [internal function]: spl_autoload_call('App\\Controllers...')
#8 C:\xampp\htdocs\ci-4\system\CodeIgniter.php(767): class_exists('\\App\\Controller...', true)
#9 C:\xampp\htdocs\ci-4\system\CodeIgniter.php(386): CodeIgniter\CodeIgniter->startController()
#10 C:\xampp\htdocs\ci-4\system\CodeIgniter.php(317): CodeIgniter\CodeIgniter->handleRequest(NULL, Object(Config\Cache), false)
#11 C:\xampp\htdocs\ci-4\public\index.php(37): CodeIgniter\CodeIgniter->run()
#12 C:\xampp\htdocs\ci-4\system\Commands\Server\rewrite.php(43): require_once('C:\\xampp\\htdocs...')
#13 {main}
CRITICAL - 2021-11-13 04:38:04 --> Invalid file: admin/layout/headeradmin.php
#0 C:\xampp\htdocs\ci-4\system\View\View.php(198): CodeIgniter\Exceptions\FrameworkException::forInvalidFile('admin/layout/he...')
#1 C:\xampp\htdocs\ci-4\system\Common.php(1092): CodeIgniter\View\View->render('admin/layout/he...', Array, true)
#2 C:\xampp\htdocs\ci-4\app\Controllers\Admin\Dashadmin.php(2): view('admin/layout/he...')
#3 C:\xampp\htdocs\ci-4\system\Autoloader\Autoloader.php(264): include_once('C:\\xampp\\htdocs...')
#4 C:\xampp\htdocs\ci-4\system\Autoloader\Autoloader.php(241): CodeIgniter\Autoloader\Autoloader->includeFile('C:\\xampp\\htdocs...')
#5 C:\xampp\htdocs\ci-4\system\Autoloader\Autoloader.php(219): CodeIgniter\Autoloader\Autoloader->loadInNamespace('App\\Controllers...')
#6 [internal function]: CodeIgniter\Autoloader\Autoloader->loadClass('App\\Controllers...')
#7 [internal function]: spl_autoload_call('App\\Controllers...')
#8 C:\xampp\htdocs\ci-4\system\CodeIgniter.php(767): class_exists('\\App\\Controller...', true)
#9 C:\xampp\htdocs\ci-4\system\CodeIgniter.php(386): CodeIgniter\CodeIgniter->startController()
#10 C:\xampp\htdocs\ci-4\system\CodeIgniter.php(317): CodeIgniter\CodeIgniter->handleRequest(NULL, Object(Config\Cache), false)
#11 C:\xampp\htdocs\ci-4\public\index.php(37): CodeIgniter\CodeIgniter->run()
#12 C:\xampp\htdocs\ci-4\system\Commands\Server\rewrite.php(43): require_once('C:\\xampp\\htdocs...')
#13 {main}
CRITICAL - 2021-11-13 04:38:05 --> Invalid file: admin/layout/headeradmin.php
#0 C:\xampp\htdocs\ci-4\system\View\View.php(198): CodeIgniter\Exceptions\FrameworkException::forInvalidFile('admin/layout/he...')
#1 C:\xampp\htdocs\ci-4\system\Common.php(1092): CodeIgniter\View\View->render('admin/layout/he...', Array, true)
#2 C:\xampp\htdocs\ci-4\app\Controllers\Admin\Dashadmin.php(2): view('admin/layout/he...')
#3 C:\xampp\htdocs\ci-4\system\Autoloader\Autoloader.php(264): include_once('C:\\xampp\\htdocs...')
#4 C:\xampp\htdocs\ci-4\system\Autoloader\Autoloader.php(241): CodeIgniter\Autoloader\Autoloader->includeFile('C:\\xampp\\htdocs...')
#5 C:\xampp\htdocs\ci-4\system\Autoloader\Autoloader.php(219): CodeIgniter\Autoloader\Autoloader->loadInNamespace('App\\Controllers...')
#6 [internal function]: CodeIgniter\Autoloader\Autoloader->loadClass('App\\Controllers...')
#7 [internal function]: spl_autoload_call('App\\Controllers...')
#8 C:\xampp\htdocs\ci-4\system\CodeIgniter.php(767): class_exists('\\App\\Controller...', true)
#9 C:\xampp\htdocs\ci-4\system\CodeIgniter.php(386): CodeIgniter\CodeIgniter->startController()
#10 C:\xampp\htdocs\ci-4\system\CodeIgniter.php(317): CodeIgniter\CodeIgniter->handleRequest(NULL, Object(Config\Cache), false)
#11 C:\xampp\htdocs\ci-4\public\index.php(37): CodeIgniter\CodeIgniter->run()
#12 C:\xampp\htdocs\ci-4\system\Commands\Server\rewrite.php(43): require_once('C:\\xampp\\htdocs...')
#13 {main}
CRITICAL - 2021-11-13 05:38:44 --> Undefined variable: aksi
#0 C:\xampp\htdocs\ci-4\app\Views\admin\dpaadmin.php(58): CodeIgniter\Debug\Exceptions->errorHandler(8, 'Undefined varia...', 'C:\\xampp\\htdocs...', 58, Array)
#1 C:\xampp\htdocs\ci-4\system\View\View.php(214): include('C:\\xampp\\htdocs...')
#2 C:\xampp\htdocs\ci-4\system\View\View.php(217): CodeIgniter\View\View->CodeIgniter\View\{closure}()
#3 C:\xampp\htdocs\ci-4\system\Common.php(1092): CodeIgniter\View\View->render('admin/dpaadmin', Array, true)
#4 C:\xampp\htdocs\ci-4\app\Controllers\Admin\dpaadmin.php(3): view('admin/dpaadmin')
#5 C:\xampp\htdocs\ci-4\system\Router\Router.php(491): include_once('C:\\xampp\\htdocs...')
#6 C:\xampp\htdocs\ci-4\system\Router\Router.php(160): CodeIgniter\Router\Router->autoRoute('admin/dpaadmin')
#7 C:\xampp\htdocs\ci-4\system\CodeIgniter.php(702): CodeIgniter\Router\Router->handle('admin/dpaadmin')
#8 C:\xampp\htdocs\ci-4\system\CodeIgniter.php(358): CodeIgniter\CodeIgniter->tryToRouteIt(Object(CodeIgniter\Router\RouteCollection))
#9 C:\xampp\htdocs\ci-4\system\CodeIgniter.php(317): CodeIgniter\CodeIgniter->handleRequest(NULL, Object(Config\Cache), false)
#10 C:\xampp\htdocs\ci-4\public\index.php(37): CodeIgniter\CodeIgniter->run()
#11 C:\xampp\htdocs\ci-4\system\Commands\Server\rewrite.php(43): require_once('C:\\xampp\\htdocs...')
#12 {main}
CRITICAL - 2021-11-13 06:40:55 --> Undefined variable: config
#0 C:\xampp\htdocs\ci-4\app\Controllers\Admin\Kategori.php(15): CodeIgniter\Debug\Exceptions->errorHandler(8, 'Undefined varia...', 'C:\\xampp\\htdocs...', 15, Array)
#1 C:\xampp\htdocs\ci-4\system\CodeIgniter.php(802): App\Controllers\admin\Kategori->index()
#2 C:\xampp\htdocs\ci-4\system\CodeIgniter.php(399): CodeIgniter\CodeIgniter->runController(Object(App\Controllers\admin\Kategori))
#3 C:\xampp\htdocs\ci-4\system\CodeIgniter.php(317): CodeIgniter\CodeIgniter->handleRequest(NULL, Object(Config\Cache), false)
#4 C:\xampp\htdocs\ci-4\public\index.php(37): CodeIgniter\CodeIgniter->run()
#5 C:\xampp\htdocs\ci-4\system\Commands\Server\rewrite.php(43): require_once('C:\\xampp\\htdocs...')
#6 {main}
CRITICAL - 2021-11-13 06:43:42 --> Undefined variable: config
#0 C:\xampp\htdocs\ci-4\app\Controllers\Admin\Kategori.php(15): CodeIgniter\Debug\Exceptions->errorHandler(8, 'Undefined varia...', 'C:\\xampp\\htdocs...', 15, Array)
#1 C:\xampp\htdocs\ci-4\system\CodeIgniter.php(802): App\Controllers\admin\Kategori->index()
#2 C:\xampp\htdocs\ci-4\system\CodeIgniter.php(399): CodeIgniter\CodeIgniter->runController(Object(App\Controllers\admin\Kategori))
#3 C:\xampp\htdocs\ci-4\system\CodeIgniter.php(317): CodeIgniter\CodeIgniter->handleRequest(NULL, Object(Config\Cache), false)
#4 C:\xampp\htdocs\ci-4\public\index.php(37): CodeIgniter\CodeIgniter->run()
#5 C:\xampp\htdocs\ci-4\system\Commands\Server\rewrite.php(43): require_once('C:\\xampp\\htdocs...')
#6 {main}
CRITICAL - 2021-11-13 06:45:21 --> Undefined variable: config
#0 C:\xampp\htdocs\ci-4\app\Controllers\Admin\Kategori.php(15): CodeIgniter\Debug\Exceptions->errorHandler(8, 'Undefined varia...', 'C:\\xampp\\htdocs...', 15, Array)
#1 C:\xampp\htdocs\ci-4\system\CodeIgniter.php(802): App\Controllers\admin\Kategori->index()
#2 C:\xampp\htdocs\ci-4\system\CodeIgniter.php(399): CodeIgniter\CodeIgniter->runController(Object(App\Controllers\admin\Kategori))
#3 C:\xampp\htdocs\ci-4\system\CodeIgniter.php(317): CodeIgniter\CodeIgniter->handleRequest(NULL, Object(Config\Cache), false)
#4 C:\xampp\htdocs\ci-4\public\index.php(37): CodeIgniter\CodeIgniter->run()
#5 C:\xampp\htdocs\ci-4\system\Commands\Server\rewrite.php(43): require_once('C:\\xampp\\htdocs...')
#6 {main}
CRITICAL - 2021-11-13 06:45:55 --> Undefined variable: config
#0 C:\xampp\htdocs\ci-4\app\Controllers\Admin\Kategori.php(15): CodeIgniter\Debug\Exceptions->errorHandler(8, 'Undefined varia...', 'C:\\xampp\\htdocs...', 15, Array)
#1 C:\xampp\htdocs\ci-4\system\CodeIgniter.php(802): App\Controllers\admin\Kategori->index()
#2 C:\xampp\htdocs\ci-4\system\CodeIgniter.php(399): CodeIgniter\CodeIgniter->runController(Object(App\Controllers\admin\Kategori))
#3 C:\xampp\htdocs\ci-4\system\CodeIgniter.php(317): CodeIgniter\CodeIgniter->handleRequest(NULL, Object(Config\Cache), false)
#4 C:\xampp\htdocs\ci-4\public\index.php(37): CodeIgniter\CodeIgniter->run()
#5 C:\xampp\htdocs\ci-4\system\Commands\Server\rewrite.php(43): require_once('C:\\xampp\\htdocs...')
#6 {main}
CRITICAL - 2021-11-13 06:47:35 --> Undefined variable: data
#0 C:\xampp\htdocs\ci-4\app\Controllers\Admin\Kategori.php(28): CodeIgniter\Debug\Exceptions->errorHandler(8, 'Undefined varia...', 'C:\\xampp\\htdocs...', 28, Array)
#1 C:\xampp\htdocs\ci-4\system\CodeIgniter.php(802): App\Controllers\admin\Kategori->index()
#2 C:\xampp\htdocs\ci-4\system\CodeIgniter.php(399): CodeIgniter\CodeIgniter->runController(Object(App\Controllers\admin\Kategori))
#3 C:\xampp\htdocs\ci-4\system\CodeIgniter.php(317): CodeIgniter\CodeIgniter->handleRequest(NULL, Object(Config\Cache), false)
#4 C:\xampp\htdocs\ci-4\public\index.php(37): CodeIgniter\CodeIgniter->run()
#5 C:\xampp\htdocs\ci-4\system\Commands\Server\rewrite.php(43): require_once('C:\\xampp\\htdocs...')
#6 {main}
CRITICAL - 2021-11-13 06:47:38 --> Undefined variable: data
#0 C:\xampp\htdocs\ci-4\app\Controllers\Admin\Kategori.php(28): CodeIgniter\Debug\Exceptions->errorHandler(8, 'Undefined varia...', 'C:\\xampp\\htdocs...', 28, Array)
#1 C:\xampp\htdocs\ci-4\system\CodeIgniter.php(802): App\Controllers\admin\Kategori->index()
#2 C:\xampp\htdocs\ci-4\system\CodeIgniter.php(399): CodeIgniter\CodeIgniter->runController(Object(App\Controllers\admin\Kategori))
#3 C:\xampp\htdocs\ci-4\system\CodeIgniter.php(317): CodeIgniter\CodeIgniter->handleRequest(NULL, Object(Config\Cache), false)
#4 C:\xampp\htdocs\ci-4\public\index.php(37): CodeIgniter\CodeIgniter->run()
#5 C:\xampp\htdocs\ci-4\system\Commands\Server\rewrite.php(43): require_once('C:\\xampp\\htdocs...')
#6 {main}
CRITICAL - 2021-11-13 06:48:37 --> Undefined variable: data
#0 C:\xampp\htdocs\ci-4\app\Controllers\Admin\Kategori.php(28): CodeIgniter\Debug\Exceptions->errorHandler(8, 'Undefined varia...', 'C:\\xampp\\htdocs...', 28, Array)
#1 C:\xampp\htdocs\ci-4\system\CodeIgniter.php(802): App\Controllers\admin\Kategori->index()
#2 C:\xampp\htdocs\ci-4\system\CodeIgniter.php(399): CodeIgniter\CodeIgniter->runController(Object(App\Controllers\admin\Kategori))
#3 C:\xampp\htdocs\ci-4\system\CodeIgniter.php(317): CodeIgniter\CodeIgniter->handleRequest(NULL, Object(Config\Cache), false)
#4 C:\xampp\htdocs\ci-4\public\index.php(37): CodeIgniter\CodeIgniter->run()
#5 C:\xampp\htdocs\ci-4\system\Commands\Server\rewrite.php(43): require_once('C:\\xampp\\htdocs...')
#6 {main}
CRITICAL - 2021-11-13 06:48:51 --> Undefined variable: data
#0 C:\xampp\htdocs\ci-4\app\Controllers\Admin\Kategori.php(28): CodeIgniter\Debug\Exceptions->errorHandler(8, 'Undefined varia...', 'C:\\xampp\\htdocs...', 28, Array)
#1 C:\xampp\htdocs\ci-4\system\CodeIgniter.php(802): App\Controllers\admin\Kategori->index()
#2 C:\xampp\htdocs\ci-4\system\CodeIgniter.php(399): CodeIgniter\CodeIgniter->runController(Object(App\Controllers\admin\Kategori))
#3 C:\xampp\htdocs\ci-4\system\CodeIgniter.php(317): CodeIgniter\CodeIgniter->handleRequest(NULL, Object(Config\Cache), false)
#4 C:\xampp\htdocs\ci-4\public\index.php(37): CodeIgniter\CodeIgniter->run()
#5 C:\xampp\htdocs\ci-4\system\Commands\Server\rewrite.php(43): require_once('C:\\xampp\\htdocs...')
#6 {main}
CRITICAL - 2021-11-13 06:49:07 --> Undefined variable: config
#0 C:\xampp\htdocs\ci-4\app\Views\admin\layout\wrapper.php(2): CodeIgniter\Debug\Exceptions->errorHandler(8, 'Undefined varia...', 'C:\\xampp\\htdocs...', 2, Array)
#1 C:\xampp\htdocs\ci-4\system\View\View.php(214): include('C:\\xampp\\htdocs...')
#2 C:\xampp\htdocs\ci-4\system\View\View.php(217): CodeIgniter\View\View->CodeIgniter\View\{closure}()
#3 C:\xampp\htdocs\ci-4\system\Common.php(1092): CodeIgniter\View\View->render('admin/layout/wr...', Array, true)
#4 C:\xampp\htdocs\ci-4\app\Controllers\Admin\Kategori.php(28): view('admin/layout/wr...')
#5 C:\xampp\htdocs\ci-4\system\CodeIgniter.php(802): App\Controllers\admin\Kategori->index()
#6 C:\xampp\htdocs\ci-4\system\CodeIgniter.php(399): CodeIgniter\CodeIgniter->runController(Object(App\Controllers\admin\Kategori))
#7 C:\xampp\htdocs\ci-4\system\CodeIgniter.php(317): CodeIgniter\CodeIgniter->handleRequest(NULL, Object(Config\Cache), false)
#8 C:\xampp\htdocs\ci-4\public\index.php(37): CodeIgniter\CodeIgniter->run()
#9 C:\xampp\htdocs\ci-4\system\Commands\Server\rewrite.php(43): require_once('C:\\xampp\\htdocs...')
#10 {main}
CRITICAL - 2021-11-13 06:50:06 --> Undefined variable: title
#0 C:\xampp\htdocs\ci-4\app\Views\admin\layout\head.php(6): CodeIgniter\Debug\Exceptions->errorHandler(8, 'Undefined varia...', 'C:\\xampp\\htdocs...', 6, Array)
#1 C:\xampp\htdocs\ci-4\app\Views\admin\layout\wrapper.php(6): require_once('C:\\xampp\\htdocs...')
#2 C:\xampp\htdocs\ci-4\system\View\View.php(214): include('C:\\xampp\\htdocs...')
#3 C:\xampp\htdocs\ci-4\system\View\View.php(217): CodeIgniter\View\View->CodeIgniter\View\{closure}()
#4 C:\xampp\htdocs\ci-4\system\Common.php(1092): CodeIgniter\View\View->render('admin/layout/wr...', Array, true)
#5 C:\xampp\htdocs\ci-4\app\Controllers\Admin\Kategori.php(28): view('admin/layout/wr...')
#6 C:\xampp\htdocs\ci-4\system\CodeIgniter.php(802): App\Controllers\admin\Kategori->index()
#7 C:\xampp\htdocs\ci-4\system\CodeIgniter.php(399): CodeIgniter\CodeIgniter->runController(Object(App\Controllers\admin\Kategori))
#8 C:\xampp\htdocs\ci-4\system\CodeIgniter.php(317): CodeIgniter\CodeIgniter->handleRequest(NULL, Object(Config\Cache), false)
#9 C:\xampp\htdocs\ci-4\public\index.php(37): CodeIgniter\CodeIgniter->run()
#10 C:\xampp\htdocs\ci-4\system\Commands\Server\rewrite.php(43): require_once('C:\\xampp\\htdocs...')
#11 {main}
CRITICAL - 2021-11-13 06:50:32 --> Undefined variable: title
#0 C:\xampp\htdocs\ci-4\app\Views\admin\layout\head.php(6): CodeIgniter\Debug\Exceptions->errorHandler(8, 'Undefined varia...', 'C:\\xampp\\htdocs...', 6, Array)
#1 C:\xampp\htdocs\ci-4\app\Views\admin\layout\wrapper.php(6): require_once('C:\\xampp\\htdocs...')
#2 C:\xampp\htdocs\ci-4\system\View\View.php(214): include('C:\\xampp\\htdocs...')
#3 C:\xampp\htdocs\ci-4\system\View\View.php(217): CodeIgniter\View\View->CodeIgniter\View\{closure}()
#4 C:\xampp\htdocs\ci-4\system\Common.php(1092): CodeIgniter\View\View->render('admin/layout/wr...', Array, true)
#5 C:\xampp\htdocs\ci-4\app\Controllers\Admin\Kategori.php(28): view('admin/layout/wr...')
#6 C:\xampp\htdocs\ci-4\system\CodeIgniter.php(802): App\Controllers\admin\Kategori->index()
#7 C:\xampp\htdocs\ci-4\system\CodeIgniter.php(399): CodeIgniter\CodeIgniter->runController(Object(App\Controllers\admin\Kategori))
#8 C:\xampp\htdocs\ci-4\system\CodeIgniter.php(317): CodeIgniter\CodeIgniter->handleRequest(NULL, Object(Config\Cache), false)
#9 C:\xampp\htdocs\ci-4\public\index.php(37): CodeIgniter\CodeIgniter->run()
#10 C:\xampp\htdocs\ci-4\system\Commands\Server\rewrite.php(43): require_once('C:\\xampp\\htdocs...')
#11 {main}
CRITICAL - 2021-11-13 06:51:36 --> Undefined variable: title
#0 C:\xampp\htdocs\ci-4\app\Views\admin\layout\head.php(6): CodeIgniter\Debug\Exceptions->errorHandler(8, 'Undefined varia...', 'C:\\xampp\\htdocs...', 6, Array)
#1 C:\xampp\htdocs\ci-4\app\Views\admin\layout\wrapper.php(6): require_once('C:\\xampp\\htdocs...')
#2 C:\xampp\htdocs\ci-4\system\View\View.php(214): include('C:\\xampp\\htdocs...')
#3 C:\xampp\htdocs\ci-4\system\View\View.php(217): CodeIgniter\View\View->CodeIgniter\View\{closure}()
#4 C:\xampp\htdocs\ci-4\system\Common.php(1092): CodeIgniter\View\View->render('admin/layout/wr...', Array, true)
#5 C:\xampp\htdocs\ci-4\app\Controllers\Admin\Kategori.php(28): view('admin/layout/wr...')
#6 C:\xampp\htdocs\ci-4\system\CodeIgniter.php(802): App\Controllers\admin\Kategori->index()
#7 C:\xampp\htdocs\ci-4\system\CodeIgniter.php(399): CodeIgniter\CodeIgniter->runController(Object(App\Controllers\admin\Kategori))
#8 C:\xampp\htdocs\ci-4\system\CodeIgniter.php(317): CodeIgniter\CodeIgniter->handleRequest(NULL, Object(Config\Cache), false)
#9 C:\xampp\htdocs\ci-4\public\index.php(37): CodeIgniter\CodeIgniter->run()
#10 C:\xampp\htdocs\ci-4\system\Commands\Server\rewrite.php(43): require_once('C:\\xampp\\htdocs...')
#11 {main}
CRITICAL - 2021-11-13 07:04:53 --> Undefined variable: kategori
#0 C:\xampp\htdocs\ci-4\app\Views\admin\dpaadmin.php(58): CodeIgniter\Debug\Exceptions->errorHandler(8, 'Undefined varia...', 'C:\\xampp\\htdocs...', 58, Array)
#1 C:\xampp\htdocs\ci-4\system\View\View.php(214): include('C:\\xampp\\htdocs...')
#2 C:\xampp\htdocs\ci-4\system\View\View.php(217): CodeIgniter\View\View->CodeIgniter\View\{closure}()
#3 C:\xampp\htdocs\ci-4\system\Common.php(1092): CodeIgniter\View\View->render('admin/dpaadmin', Array, true)
#4 C:\xampp\htdocs\ci-4\app\Controllers\Admin\dpaadmin.php(3): view('admin/dpaadmin')
#5 C:\xampp\htdocs\ci-4\system\Router\Router.php(491): include_once('C:\\xampp\\htdocs...')
#6 C:\xampp\htdocs\ci-4\system\Router\Router.php(160): CodeIgniter\Router\Router->autoRoute('admin/dpaadmin')
#7 C:\xampp\htdocs\ci-4\system\CodeIgniter.php(702): CodeIgniter\Router\Router->handle('admin/dpaadmin')
#8 C:\xampp\htdocs\ci-4\system\CodeIgniter.php(358): CodeIgniter\CodeIgniter->tryToRouteIt(Object(CodeIgniter\Router\RouteCollection))
#9 C:\xampp\htdocs\ci-4\system\CodeIgniter.php(317): CodeIgniter\CodeIgniter->handleRequest(NULL, Object(Config\Cache), false)
#10 C:\xampp\htdocs\ci-4\public\index.php(37): CodeIgniter\CodeIgniter->run()
#11 C:\xampp\htdocs\ci-4\system\Commands\Server\rewrite.php(43): require_once('C:\\xampp\\htdocs...')
#12 {main}
CRITICAL - 2021-11-13 18:33:59 --> Invalid file: admin/dpaadmin.php
#0 C:\xampp\htdocs\ci-4\system\View\View.php(198): CodeIgniter\Exceptions\FrameworkException::forInvalidFile('admin/dpaadmin....')
#1 C:\xampp\htdocs\ci-4\system\Common.php(1092): CodeIgniter\View\View->render('admin/dpaadmin', Array, true)
#2 C:\xampp\htdocs\ci-4\app\Controllers\Admin\Dpaadmin.php(3): view('admin/dpaadmin')
#3 C:\xampp\htdocs\ci-4\system\Router\Router.php(491): include_once('C:\\xampp\\htdocs...')
#4 C:\xampp\htdocs\ci-4\system\Router\Router.php(160): CodeIgniter\Router\Router->autoRoute('admin/dpaadmin')
#5 C:\xampp\htdocs\ci-4\system\CodeIgniter.php(702): CodeIgniter\Router\Router->handle('admin/dpaadmin')
#6 C:\xampp\htdocs\ci-4\system\CodeIgniter.php(358): CodeIgniter\CodeIgniter->tryToRouteIt(Object(CodeIgniter\Router\RouteCollection))
#7 C:\xampp\htdocs\ci-4\system\CodeIgniter.php(317): CodeIgniter\CodeIgniter->handleRequest(NULL, Object(Config\Cache), false)
#8 C:\xampp\htdocs\ci-4\public\index.php(37): CodeIgniter\CodeIgniter->run()
#9 C:\xampp\htdocs\ci-4\system\Commands\Server\rewrite.php(43): require_once('C:\\xampp\\htdocs...')
#10 {main}
CRITICAL - 2021-11-13 18:34:51 --> Invalid file: admin/dpaadmin.php
#0 C:\xampp\htdocs\ci-4\system\View\View.php(198): CodeIgniter\Exceptions\FrameworkException::forInvalidFile('admin/dpaadmin....')
#1 C:\xampp\htdocs\ci-4\system\Common.php(1092): CodeIgniter\View\View->render('admin/dpaadmin', Array, true)
#2 C:\xampp\htdocs\ci-4\app\Controllers\Admin\Dpaadmin.php(3): view('admin/dpaadmin')
#3 C:\xampp\htdocs\ci-4\system\Router\Router.php(491): include_once('C:\\xampp\\htdocs...')
#4 C:\xampp\htdocs\ci-4\system\Router\Router.php(160): CodeIgniter\Router\Router->autoRoute('admin/dpaadmin')
#5 C:\xampp\htdocs\ci-4\system\CodeIgniter.php(702): CodeIgniter\Router\Router->handle('admin/dpaadmin')
#6 C:\xampp\htdocs\ci-4\system\CodeIgniter.php(358): CodeIgniter\CodeIgniter->tryToRouteIt(Object(CodeIgniter\Router\RouteCollection))
#7 C:\xampp\htdocs\ci-4\system\CodeIgniter.php(317): CodeIgniter\CodeIgniter->handleRequest(NULL, Object(Config\Cache), false)
#8 C:\xampp\htdocs\ci-4\public\index.php(37): CodeIgniter\CodeIgniter->run()
#9 C:\xampp\htdocs\ci-4\system\Commands\Server\rewrite.php(43): require_once('C:\\xampp\\htdocs...')
#10 {main}
CRITICAL - 2021-11-13 18:36:52 --> Invalid file: admina/aplikasi/aplikasiadmin.php
#0 C:\xampp\htdocs\ci-4\system\View\View.php(198): CodeIgniter\Exceptions\FrameworkException::forInvalidFile('admina/aplikasi...')
#1 C:\xampp\htdocs\ci-4\system\Common.php(1092): CodeIgniter\View\View->render('admina/aplikasi...', Array, true)
#2 C:\xampp\htdocs\ci-4\app\Controllers\Admin\Aplikasiadmin.php(3): view('admina/aplikasi...')
#3 C:\xampp\htdocs\ci-4\system\Router\Router.php(491): include_once('C:\\xampp\\htdocs...')
#4 C:\xampp\htdocs\ci-4\system\Router\Router.php(160): CodeIgniter\Router\Router->autoRoute('admin/aplikasia...')
#5 C:\xampp\htdocs\ci-4\system\CodeIgniter.php(702): CodeIgniter\Router\Router->handle('admin/aplikasia...')
#6 C:\xampp\htdocs\ci-4\system\CodeIgniter.php(358): CodeIgniter\CodeIgniter->tryToRouteIt(Object(CodeIgniter\Router\RouteCollection))
#7 C:\xampp\htdocs\ci-4\system\CodeIgniter.php(317): CodeIgniter\CodeIgniter->handleRequest(NULL, Object(Config\Cache), false)
#8 C:\xampp\htdocs\ci-4\public\index.php(37): CodeIgniter\CodeIgniter->run()
#9 C:\xampp\htdocs\ci-4\system\Commands\Server\rewrite.php(43): require_once('C:\\xampp\\htdocs...')
#10 {main}
CRITICAL - 2021-11-13 18:37:12 --> Invalid file: admina/aplikasi/aplikasiadmin.php
#0 C:\xampp\htdocs\ci-4\system\View\View.php(198): CodeIgniter\Exceptions\FrameworkException::forInvalidFile('admina/aplikasi...')
#1 C:\xampp\htdocs\ci-4\system\Common.php(1092): CodeIgniter\View\View->render('admina/aplikasi...', Array, true)
#2 C:\xampp\htdocs\ci-4\app\Controllers\Admin\Aplikasiadmin.php(3): view('admina/aplikasi...')
#3 C:\xampp\htdocs\ci-4\system\Router\Router.php(491): include_once('C:\\xampp\\htdocs...')
#4 C:\xampp\htdocs\ci-4\system\Router\Router.php(160): CodeIgniter\Router\Router->autoRoute('admin/aplikasia...')
#5 C:\xampp\htdocs\ci-4\system\CodeIgniter.php(702): CodeIgniter\Router\Router->handle('admin/aplikasia...')
#6 C:\xampp\htdocs\ci-4\system\CodeIgniter.php(358): CodeIgniter\CodeIgniter->tryToRouteIt(Object(CodeIgniter\Router\RouteCollection))
#7 C:\xampp\htdocs\ci-4\system\CodeIgniter.php(317): CodeIgniter\CodeIgniter->handleRequest(NULL, Object(Config\Cache), false)
#8 C:\xampp\htdocs\ci-4\public\index.php(37): CodeIgniter\CodeIgniter->run()
#9 C:\xampp\htdocs\ci-4\system\Commands\Server\rewrite.php(43): require_once('C:\\xampp\\htdocs...')
#10 {main}
CRITICAL - 2021-11-13 23:11:21 --> Undefined variable: config
#0 C:\xampp\htdocs\ci-4\app\Controllers\Login.php(12): CodeIgniter\Debug\Exceptions->errorHandler(8, 'Undefined varia...', 'C:\\xampp\\htdocs...', 12, Array)
#1 C:\xampp\htdocs\ci-4\system\CodeIgniter.php(802): App\Controllers\Login->index()
#2 C:\xampp\htdocs\ci-4\system\CodeIgniter.php(399): CodeIgniter\CodeIgniter->runController(Object(App\Controllers\Login))
#3 C:\xampp\htdocs\ci-4\system\CodeIgniter.php(317): CodeIgniter\CodeIgniter->handleRequest(NULL, Object(Config\Cache), false)
#4 C:\xampp\htdocs\ci-4\public\index.php(37): CodeIgniter\CodeIgniter->run()
#5 C:\xampp\htdocs\ci-4\system\Commands\Server\rewrite.php(43): require_once('C:\\xampp\\htdocs...')
#6 {main}
CRITICAL - 2021-11-13 23:11:48 --> Undefined variable: config
#0 C:\xampp\htdocs\ci-4\app\Controllers\Login.php(12): CodeIgniter\Debug\Exceptions->errorHandler(8, 'Undefined varia...', 'C:\\xampp\\htdocs...', 12, Array)
#1 C:\xampp\htdocs\ci-4\system\CodeIgniter.php(802): App\Controllers\Login->index()
#2 C:\xampp\htdocs\ci-4\system\CodeIgniter.php(399): CodeIgniter\CodeIgniter->runController(Object(App\Controllers\Login))
#3 C:\xampp\htdocs\ci-4\system\CodeIgniter.php(317): CodeIgniter\CodeIgniter->handleRequest(NULL, Object(Config\Cache), false)
#4 C:\xampp\htdocs\ci-4\public\index.php(37): CodeIgniter\CodeIgniter->run()
#5 C:\xampp\htdocs\ci-4\system\Commands\Server\rewrite.php(43): require_once('C:\\xampp\\htdocs...')
#6 {main}
CRITICAL - 2021-11-13 23:11:49 --> Undefined variable: config
#0 C:\xampp\htdocs\ci-4\app\Controllers\Login.php(12): CodeIgniter\Debug\Exceptions->errorHandler(8, 'Undefined varia...', 'C:\\xampp\\htdocs...', 12, Array)
#1 C:\xampp\htdocs\ci-4\system\CodeIgniter.php(802): App\Controllers\Login->index()
#2 C:\xampp\htdocs\ci-4\system\CodeIgniter.php(399): CodeIgniter\CodeIgniter->runController(Object(App\Controllers\Login))
#3 C:\xampp\htdocs\ci-4\system\CodeIgniter.php(317): CodeIgniter\CodeIgniter->handleRequest(NULL, Object(Config\Cache), false)
#4 C:\xampp\htdocs\ci-4\public\index.php(37): CodeIgniter\CodeIgniter->run()
#5 C:\xampp\htdocs\ci-4\system\Commands\Server\rewrite.php(43): require_once('C:\\xampp\\htdocs...')
#6 {main}
CRITICAL - 2021-11-13 23:13:37 --> syntax error, unexpected '}', expecting end of file
#0 C:\xampp\htdocs\ci-4\system\Autoloader\Autoloader.php(241): CodeIgniter\Autoloader\Autoloader->includeFile('C:\\xampp\\htdocs...')
#1 C:\xampp\htdocs\ci-4\system\Autoloader\Autoloader.php(219): CodeIgniter\Autoloader\Autoloader->loadInNamespace('App\\Controllers...')
#2 [internal function]: CodeIgniter\Autoloader\Autoloader->loadClass('App\\Controllers...')
#3 [internal function]: spl_autoload_call('App\\Controllers...')
#4 C:\xampp\htdocs\ci-4\system\CodeIgniter.php(767): class_exists('\\App\\Controller...', true)
#5 C:\xampp\htdocs\ci-4\system\CodeIgniter.php(386): CodeIgniter\CodeIgniter->startController()
#6 C:\xampp\htdocs\ci-4\system\CodeIgniter.php(317): CodeIgniter\CodeIgniter->handleRequest(NULL, Object(Config\Cache), false)
#7 C:\xampp\htdocs\ci-4\public\index.php(37): CodeIgniter\CodeIgniter->run()
#8 C:\xampp\htdocs\ci-4\system\Commands\Server\rewrite.php(43): require_once('C:\\xampp\\htdocs...')
#9 {main}
