CRITICAL - 2022-01-23 02:38:16 --> Undefined variable: action
#0 C:\xampp\htdocs\diskominfo.bolmutkab.go.id\app\Views\backend\domain\input_domain_bolmut.php(96): CodeIgniter\Debug\Exceptions->errorHandler(8, 'Undefined varia...', 'C:\\xampp\\htdocs...', 96, Array)
#1 C:\xampp\htdocs\diskominfo.bolmutkab.go.id\system\View\View.php(214): include('C:\\xampp\\htdocs...')
#2 C:\xampp\htdocs\diskominfo.bolmutkab.go.id\system\View\View.php(217): CodeIgniter\View\View->CodeIgniter\View\{closure}()
#3 C:\xampp\htdocs\diskominfo.bolmutkab.go.id\system\Common.php(1092): CodeIgniter\View\View->render('backend/domain/...', Array, true)
#4 C:\xampp\htdocs\diskominfo.bolmutkab.go.id\app\Controllers\Backend\Domain_bolmut.php(137): view('backend/domain/...')
#5 C:\xampp\htdocs\diskominfo.bolmutkab.go.id\system\CodeIgniter.php(802): App\Controllers\Backend\Domain_bolmut->Bolmut()
#6 C:\xampp\htdocs\diskominfo.bolmutkab.go.id\system\CodeIgniter.php(399): CodeIgniter\CodeIgniter->runController(Object(App\Controllers\Backend\Domain_bolmut))
#7 C:\xampp\htdocs\diskominfo.bolmutkab.go.id\system\CodeIgniter.php(317): CodeIgniter\CodeIgniter->handleRequest(NULL, Object(Config\Cache), false)
#8 C:\xampp\htdocs\diskominfo.bolmutkab.go.id\public\index.php(37): CodeIgniter\CodeIgniter->run()
#9 C:\xampp\htdocs\diskominfo.bolmutkab.go.id\system\Commands\Server\rewrite.php(43): require_once('C:\\xampp\\htdocs...')
#10 {main}
CRITICAL - 2022-01-23 02:42:48 --> Undefined variable: action
#0 C:\xampp\htdocs\diskominfo.bolmutkab.go.id\app\Views\backend\domain\input_domain_bolmut.php(96): CodeIgniter\Debug\Exceptions->errorHandler(8, 'Undefined varia...', 'C:\\xampp\\htdocs...', 96, Array)
#1 C:\xampp\htdocs\diskominfo.bolmutkab.go.id\system\View\View.php(214): include('C:\\xampp\\htdocs...')
#2 C:\xampp\htdocs\diskominfo.bolmutkab.go.id\system\View\View.php(217): CodeIgniter\View\View->CodeIgniter\View\{closure}()
#3 C:\xampp\htdocs\diskominfo.bolmutkab.go.id\system\Common.php(1092): CodeIgniter\View\View->render('backend/domain/...', Array, true)
#4 C:\xampp\htdocs\diskominfo.bolmutkab.go.id\app\Controllers\Backend\Domain_bolmut.php(137): view('backend/domain/...')
#5 C:\xampp\htdocs\diskominfo.bolmutkab.go.id\system\CodeIgniter.php(802): App\Controllers\Backend\Domain_bolmut->Bolmut()
#6 C:\xampp\htdocs\diskominfo.bolmutkab.go.id\system\CodeIgniter.php(399): CodeIgniter\CodeIgniter->runController(Object(App\Controllers\Backend\Domain_bolmut))
#7 C:\xampp\htdocs\diskominfo.bolmutkab.go.id\system\CodeIgniter.php(317): CodeIgniter\CodeIgniter->handleRequest(NULL, Object(Config\Cache), false)
#8 C:\xampp\htdocs\diskominfo.bolmutkab.go.id\public\index.php(37): CodeIgniter\CodeIgniter->run()
#9 C:\xampp\htdocs\diskominfo.bolmutkab.go.id\system\Commands\Server\rewrite.php(43): require_once('C:\\xampp\\htdocs...')
#10 {main}
CRITICAL - 2022-01-23 02:50:19 --> Undefined variable: action
#0 C:\xampp\htdocs\diskominfo.bolmutkab.go.id\app\Views\backend\domain\input_domain_bolmut.php(96): CodeIgniter\Debug\Exceptions->errorHandler(8, 'Undefined varia...', 'C:\\xampp\\htdocs...', 96, Array)
#1 C:\xampp\htdocs\diskominfo.bolmutkab.go.id\system\View\View.php(214): include('C:\\xampp\\htdocs...')
#2 C:\xampp\htdocs\diskominfo.bolmutkab.go.id\system\View\View.php(217): CodeIgniter\View\View->CodeIgniter\View\{closure}()
#3 C:\xampp\htdocs\diskominfo.bolmutkab.go.id\system\Common.php(1092): CodeIgniter\View\View->render('backend/domain/...', Array, true)
#4 C:\xampp\htdocs\diskominfo.bolmutkab.go.id\app\Controllers\Backend\Domain_bolmut.php(137): view('backend/domain/...')
#5 C:\xampp\htdocs\diskominfo.bolmutkab.go.id\system\CodeIgniter.php(802): App\Controllers\Backend\Domain_bolmut->Bolmut()
#6 C:\xampp\htdocs\diskominfo.bolmutkab.go.id\system\CodeIgniter.php(399): CodeIgniter\CodeIgniter->runController(Object(App\Controllers\Backend\Domain_bolmut))
#7 C:\xampp\htdocs\diskominfo.bolmutkab.go.id\system\CodeIgniter.php(317): CodeIgniter\CodeIgniter->handleRequest(NULL, Object(Config\Cache), false)
#8 C:\xampp\htdocs\diskominfo.bolmutkab.go.id\public\index.php(37): CodeIgniter\CodeIgniter->run()
#9 C:\xampp\htdocs\diskominfo.bolmutkab.go.id\system\Commands\Server\rewrite.php(43): require_once('C:\\xampp\\htdocs...')
#10 {main}
CRITICAL - 2022-01-23 02:52:23 --> Undefined variable: action
#0 C:\xampp\htdocs\diskominfo.bolmutkab.go.id\app\Views\backend\domain\input_domain_bolmut.php(96): CodeIgniter\Debug\Exceptions->errorHandler(8, 'Undefined varia...', 'C:\\xampp\\htdocs...', 96, Array)
#1 C:\xampp\htdocs\diskominfo.bolmutkab.go.id\system\View\View.php(214): include('C:\\xampp\\htdocs...')
#2 C:\xampp\htdocs\diskominfo.bolmutkab.go.id\system\View\View.php(217): CodeIgniter\View\View->CodeIgniter\View\{closure}()
#3 C:\xampp\htdocs\diskominfo.bolmutkab.go.id\system\Common.php(1092): CodeIgniter\View\View->render('backend/domain/...', Array, true)
#4 C:\xampp\htdocs\diskominfo.bolmutkab.go.id\app\Controllers\Backend\Domain_bolmut.php(137): view('backend/domain/...')
#5 C:\xampp\htdocs\diskominfo.bolmutkab.go.id\system\CodeIgniter.php(802): App\Controllers\Backend\Domain_bolmut->Bolmut()
#6 C:\xampp\htdocs\diskominfo.bolmutkab.go.id\system\CodeIgniter.php(399): CodeIgniter\CodeIgniter->runController(Object(App\Controllers\Backend\Domain_bolmut))
#7 C:\xampp\htdocs\diskominfo.bolmutkab.go.id\system\CodeIgniter.php(317): CodeIgniter\CodeIgniter->handleRequest(NULL, Object(Config\Cache), false)
#8 C:\xampp\htdocs\diskominfo.bolmutkab.go.id\public\index.php(37): CodeIgniter\CodeIgniter->run()
#9 C:\xampp\htdocs\diskominfo.bolmutkab.go.id\system\Commands\Server\rewrite.php(43): require_once('C:\\xampp\\htdocs...')
#10 {main}
CRITICAL - 2022-01-23 04:46:14 --> Undefined variable: action
#0 C:\xampp\htdocs\diskominfo.bolmutkab.go.id\app\Views\backend\domain\input_domain_bolmut.php(96): CodeIgniter\Debug\Exceptions->errorHandler(8, 'Undefined varia...', 'C:\\xampp\\htdocs...', 96, Array)
#1 C:\xampp\htdocs\diskominfo.bolmutkab.go.id\system\View\View.php(214): include('C:\\xampp\\htdocs...')
#2 C:\xampp\htdocs\diskominfo.bolmutkab.go.id\system\View\View.php(217): CodeIgniter\View\View->CodeIgniter\View\{closure}()
#3 C:\xampp\htdocs\diskominfo.bolmutkab.go.id\system\Common.php(1092): CodeIgniter\View\View->render('backend/domain/...', Array, true)
#4 C:\xampp\htdocs\diskominfo.bolmutkab.go.id\app\Controllers\Backend\Domain_bolmut.php(139): view('backend/domain/...')
#5 C:\xampp\htdocs\diskominfo.bolmutkab.go.id\system\CodeIgniter.php(802): App\Controllers\Backend\Domain_bolmut->Bolmut()
#6 C:\xampp\htdocs\diskominfo.bolmutkab.go.id\system\CodeIgniter.php(399): CodeIgniter\CodeIgniter->runController(Object(App\Controllers\Backend\Domain_bolmut))
#7 C:\xampp\htdocs\diskominfo.bolmutkab.go.id\system\CodeIgniter.php(317): CodeIgniter\CodeIgniter->handleRequest(NULL, Object(Config\Cache), false)
#8 C:\xampp\htdocs\diskominfo.bolmutkab.go.id\public\index.php(37): CodeIgniter\CodeIgniter->run()
#9 C:\xampp\htdocs\diskominfo.bolmutkab.go.id\system\Commands\Server\rewrite.php(43): require_once('C:\\xampp\\htdocs...')
#10 {main}
CRITICAL - 2022-01-23 04:50:33 --> Undefined variable: cek
#0 C:\xampp\htdocs\diskominfo.bolmutkab.go.id\app\Views\backend\domain\input_domain_bolmut.php(96): CodeIgniter\Debug\Exceptions->errorHandler(8, 'Undefined varia...', 'C:\\xampp\\htdocs...', 96, Array)
#1 C:\xampp\htdocs\diskominfo.bolmutkab.go.id\system\View\View.php(214): include('C:\\xampp\\htdocs...')
#2 C:\xampp\htdocs\diskominfo.bolmutkab.go.id\system\View\View.php(217): CodeIgniter\View\View->CodeIgniter\View\{closure}()
#3 C:\xampp\htdocs\diskominfo.bolmutkab.go.id\system\Common.php(1092): CodeIgniter\View\View->render('backend/domain/...', Array, true)
#4 C:\xampp\htdocs\diskominfo.bolmutkab.go.id\app\Controllers\Backend\Domain_bolmut.php(139): view('backend/domain/...')
#5 C:\xampp\htdocs\diskominfo.bolmutkab.go.id\system\CodeIgniter.php(802): App\Controllers\Backend\Domain_bolmut->Bolmut()
#6 C:\xampp\htdocs\diskominfo.bolmutkab.go.id\system\CodeIgniter.php(399): CodeIgniter\CodeIgniter->runController(Object(App\Controllers\Backend\Domain_bolmut))
#7 C:\xampp\htdocs\diskominfo.bolmutkab.go.id\system\CodeIgniter.php(317): CodeIgniter\CodeIgniter->handleRequest(NULL, Object(Config\Cache), false)
#8 C:\xampp\htdocs\diskominfo.bolmutkab.go.id\public\index.php(37): CodeIgniter\CodeIgniter->run()
#9 C:\xampp\htdocs\diskominfo.bolmutkab.go.id\system\Commands\Server\rewrite.php(43): require_once('C:\\xampp\\htdocs...')
#10 {main}
CRITICAL - 2022-01-23 04:50:50 --> Undefined variable: cek
#0 C:\xampp\htdocs\diskominfo.bolmutkab.go.id\app\Views\backend\domain\input_domain_bolmut.php(96): CodeIgniter\Debug\Exceptions->errorHandler(8, 'Undefined varia...', 'C:\\xampp\\htdocs...', 96, Array)
#1 C:\xampp\htdocs\diskominfo.bolmutkab.go.id\system\View\View.php(214): include('C:\\xampp\\htdocs...')
#2 C:\xampp\htdocs\diskominfo.bolmutkab.go.id\system\View\View.php(217): CodeIgniter\View\View->CodeIgniter\View\{closure}()
#3 C:\xampp\htdocs\diskominfo.bolmutkab.go.id\system\Common.php(1092): CodeIgniter\View\View->render('backend/domain/...', Array, true)
#4 C:\xampp\htdocs\diskominfo.bolmutkab.go.id\app\Controllers\Backend\Domain_bolmut.php(139): view('backend/domain/...')
#5 C:\xampp\htdocs\diskominfo.bolmutkab.go.id\system\CodeIgniter.php(802): App\Controllers\Backend\Domain_bolmut->Bolmut()
#6 C:\xampp\htdocs\diskominfo.bolmutkab.go.id\system\CodeIgniter.php(399): CodeIgniter\CodeIgniter->runController(Object(App\Controllers\Backend\Domain_bolmut))
#7 C:\xampp\htdocs\diskominfo.bolmutkab.go.id\system\CodeIgniter.php(317): CodeIgniter\CodeIgniter->handleRequest(NULL, Object(Config\Cache), false)
#8 C:\xampp\htdocs\diskominfo.bolmutkab.go.id\public\index.php(37): CodeIgniter\CodeIgniter->run()
#9 C:\xampp\htdocs\diskominfo.bolmutkab.go.id\system\Commands\Server\rewrite.php(43): require_once('C:\\xampp\\htdocs...')
#10 {main}
CRITICAL - 2022-01-23 04:51:07 --> Undefined variable: action
#0 C:\xampp\htdocs\diskominfo.bolmutkab.go.id\app\Views\backend\domain\input_domain_bolmut.php(96): CodeIgniter\Debug\Exceptions->errorHandler(8, 'Undefined varia...', 'C:\\xampp\\htdocs...', 96, Array)
#1 C:\xampp\htdocs\diskominfo.bolmutkab.go.id\system\View\View.php(214): include('C:\\xampp\\htdocs...')
#2 C:\xampp\htdocs\diskominfo.bolmutkab.go.id\system\View\View.php(217): CodeIgniter\View\View->CodeIgniter\View\{closure}()
#3 C:\xampp\htdocs\diskominfo.bolmutkab.go.id\system\Common.php(1092): CodeIgniter\View\View->render('backend/domain/...', Array, true)
#4 C:\xampp\htdocs\diskominfo.bolmutkab.go.id\app\Controllers\Backend\Domain_bolmut.php(139): view('backend/domain/...')
#5 C:\xampp\htdocs\diskominfo.bolmutkab.go.id\system\CodeIgniter.php(802): App\Controllers\Backend\Domain_bolmut->Bolmut()
#6 C:\xampp\htdocs\diskominfo.bolmutkab.go.id\system\CodeIgniter.php(399): CodeIgniter\CodeIgniter->runController(Object(App\Controllers\Backend\Domain_bolmut))
#7 C:\xampp\htdocs\diskominfo.bolmutkab.go.id\system\CodeIgniter.php(317): CodeIgniter\CodeIgniter->handleRequest(NULL, Object(Config\Cache), false)
#8 C:\xampp\htdocs\diskominfo.bolmutkab.go.id\public\index.php(37): CodeIgniter\CodeIgniter->run()
#9 C:\xampp\htdocs\diskominfo.bolmutkab.go.id\system\Commands\Server\rewrite.php(43): require_once('C:\\xampp\\htdocs...')
#10 {main}
CRITICAL - 2022-01-23 04:51:40 --> Undefined variable: action
#0 C:\xampp\htdocs\diskominfo.bolmutkab.go.id\app\Views\backend\domain\input_domain_bolmut.php(96): CodeIgniter\Debug\Exceptions->errorHandler(8, 'Undefined varia...', 'C:\\xampp\\htdocs...', 96, Array)
#1 C:\xampp\htdocs\diskominfo.bolmutkab.go.id\system\View\View.php(214): include('C:\\xampp\\htdocs...')
#2 C:\xampp\htdocs\diskominfo.bolmutkab.go.id\system\View\View.php(217): CodeIgniter\View\View->CodeIgniter\View\{closure}()
#3 C:\xampp\htdocs\diskominfo.bolmutkab.go.id\system\Common.php(1092): CodeIgniter\View\View->render('backend/domain/...', Array, true)
#4 C:\xampp\htdocs\diskominfo.bolmutkab.go.id\app\Controllers\Backend\Domain_bolmut.php(139): view('backend/domain/...')
#5 C:\xampp\htdocs\diskominfo.bolmutkab.go.id\system\CodeIgniter.php(802): App\Controllers\Backend\Domain_bolmut->Bolmut()
#6 C:\xampp\htdocs\diskominfo.bolmutkab.go.id\system\CodeIgniter.php(399): CodeIgniter\CodeIgniter->runController(Object(App\Controllers\Backend\Domain_bolmut))
#7 C:\xampp\htdocs\diskominfo.bolmutkab.go.id\system\CodeIgniter.php(317): CodeIgniter\CodeIgniter->handleRequest(NULL, Object(Config\Cache), false)
#8 C:\xampp\htdocs\diskominfo.bolmutkab.go.id\public\index.php(37): CodeIgniter\CodeIgniter->run()
#9 C:\xampp\htdocs\diskominfo.bolmutkab.go.id\system\Commands\Server\rewrite.php(43): require_once('C:\\xampp\\htdocs...')
#10 {main}
CRITICAL - 2022-01-23 04:52:15 --> Undefined variable: action
#0 C:\xampp\htdocs\diskominfo.bolmutkab.go.id\app\Views\backend\domain\input_domain_bolmut.php(96): CodeIgniter\Debug\Exceptions->errorHandler(8, 'Undefined varia...', 'C:\\xampp\\htdocs...', 96, Array)
#1 C:\xampp\htdocs\diskominfo.bolmutkab.go.id\system\View\View.php(214): include('C:\\xampp\\htdocs...')
#2 C:\xampp\htdocs\diskominfo.bolmutkab.go.id\system\View\View.php(217): CodeIgniter\View\View->CodeIgniter\View\{closure}()
#3 C:\xampp\htdocs\diskominfo.bolmutkab.go.id\system\Common.php(1092): CodeIgniter\View\View->render('backend/domain/...', Array, true)
#4 C:\xampp\htdocs\diskominfo.bolmutkab.go.id\app\Controllers\Backend\Domain_bolmut.php(139): view('backend/domain/...')
#5 C:\xampp\htdocs\diskominfo.bolmutkab.go.id\system\CodeIgniter.php(802): App\Controllers\Backend\Domain_bolmut->Bolmut()
#6 C:\xampp\htdocs\diskominfo.bolmutkab.go.id\system\CodeIgniter.php(399): CodeIgniter\CodeIgniter->runController(Object(App\Controllers\Backend\Domain_bolmut))
#7 C:\xampp\htdocs\diskominfo.bolmutkab.go.id\system\CodeIgniter.php(317): CodeIgniter\CodeIgniter->handleRequest(NULL, Object(Config\Cache), false)
#8 C:\xampp\htdocs\diskominfo.bolmutkab.go.id\public\index.php(37): CodeIgniter\CodeIgniter->run()
#9 C:\xampp\htdocs\diskominfo.bolmutkab.go.id\system\Commands\Server\rewrite.php(43): require_once('C:\\xampp\\htdocs...')
#10 {main}
CRITICAL - 2022-01-23 04:52:25 --> Undefined variable: action
#0 C:\xampp\htdocs\diskominfo.bolmutkab.go.id\app\Views\backend\domain\input_domain_bolmut.php(96): CodeIgniter\Debug\Exceptions->errorHandler(8, 'Undefined varia...', 'C:\\xampp\\htdocs...', 96, Array)
#1 C:\xampp\htdocs\diskominfo.bolmutkab.go.id\system\View\View.php(214): include('C:\\xampp\\htdocs...')
#2 C:\xampp\htdocs\diskominfo.bolmutkab.go.id\system\View\View.php(217): CodeIgniter\View\View->CodeIgniter\View\{closure}()
#3 C:\xampp\htdocs\diskominfo.bolmutkab.go.id\system\Common.php(1092): CodeIgniter\View\View->render('backend/domain/...', Array, true)
#4 C:\xampp\htdocs\diskominfo.bolmutkab.go.id\app\Controllers\Backend\Domain_bolmut.php(139): view('backend/domain/...')
#5 C:\xampp\htdocs\diskominfo.bolmutkab.go.id\system\CodeIgniter.php(802): App\Controllers\Backend\Domain_bolmut->Bolmut()
#6 C:\xampp\htdocs\diskominfo.bolmutkab.go.id\system\CodeIgniter.php(399): CodeIgniter\CodeIgniter->runController(Object(App\Controllers\Backend\Domain_bolmut))
#7 C:\xampp\htdocs\diskominfo.bolmutkab.go.id\system\CodeIgniter.php(317): CodeIgniter\CodeIgniter->handleRequest(NULL, Object(Config\Cache), false)
#8 C:\xampp\htdocs\diskominfo.bolmutkab.go.id\public\index.php(37): CodeIgniter\CodeIgniter->run()
#9 C:\xampp\htdocs\diskominfo.bolmutkab.go.id\system\Commands\Server\rewrite.php(43): require_once('C:\\xampp\\htdocs...')
#10 {main}
CRITICAL - 2022-01-23 04:53:18 --> Undefined variable: action
#0 C:\xampp\htdocs\diskominfo.bolmutkab.go.id\app\Views\backend\domain\input_domain_bolmut.php(96): CodeIgniter\Debug\Exceptions->errorHandler(8, 'Undefined varia...', 'C:\\xampp\\htdocs...', 96, Array)
#1 C:\xampp\htdocs\diskominfo.bolmutkab.go.id\system\View\View.php(214): include('C:\\xampp\\htdocs...')
#2 C:\xampp\htdocs\diskominfo.bolmutkab.go.id\system\View\View.php(217): CodeIgniter\View\View->CodeIgniter\View\{closure}()
#3 C:\xampp\htdocs\diskominfo.bolmutkab.go.id\system\Common.php(1092): CodeIgniter\View\View->render('backend/domain/...', Array, true)
#4 C:\xampp\htdocs\diskominfo.bolmutkab.go.id\app\Controllers\Backend\Domain_bolmut.php(139): view('backend/domain/...')
#5 C:\xampp\htdocs\diskominfo.bolmutkab.go.id\system\CodeIgniter.php(802): App\Controllers\Backend\Domain_bolmut->Bolmut()
#6 C:\xampp\htdocs\diskominfo.bolmutkab.go.id\system\CodeIgniter.php(399): CodeIgniter\CodeIgniter->runController(Object(App\Controllers\Backend\Domain_bolmut))
#7 C:\xampp\htdocs\diskominfo.bolmutkab.go.id\system\CodeIgniter.php(317): CodeIgniter\CodeIgniter->handleRequest(NULL, Object(Config\Cache), false)
#8 C:\xampp\htdocs\diskominfo.bolmutkab.go.id\public\index.php(37): CodeIgniter\CodeIgniter->run()
#9 C:\xampp\htdocs\diskominfo.bolmutkab.go.id\system\Commands\Server\rewrite.php(43): require_once('C:\\xampp\\htdocs...')
#10 {main}
CRITICAL - 2022-01-23 04:54:34 --> Undefined variable: action
#0 C:\xampp\htdocs\diskominfo.bolmutkab.go.id\app\Views\backend\domain\input_domain_bolmut.php(97): CodeIgniter\Debug\Exceptions->errorHandler(8, 'Undefined varia...', 'C:\\xampp\\htdocs...', 97, Array)
#1 C:\xampp\htdocs\diskominfo.bolmutkab.go.id\system\View\View.php(214): include('C:\\xampp\\htdocs...')
#2 C:\xampp\htdocs\diskominfo.bolmutkab.go.id\system\View\View.php(217): CodeIgniter\View\View->CodeIgniter\View\{closure}()
#3 C:\xampp\htdocs\diskominfo.bolmutkab.go.id\system\Common.php(1092): CodeIgniter\View\View->render('backend/domain/...', Array, true)
#4 C:\xampp\htdocs\diskominfo.bolmutkab.go.id\app\Controllers\Backend\Domain_bolmut.php(139): view('backend/domain/...')
#5 C:\xampp\htdocs\diskominfo.bolmutkab.go.id\system\CodeIgniter.php(802): App\Controllers\Backend\Domain_bolmut->Bolmut()
#6 C:\xampp\htdocs\diskominfo.bolmutkab.go.id\system\CodeIgniter.php(399): CodeIgniter\CodeIgniter->runController(Object(App\Controllers\Backend\Domain_bolmut))
#7 C:\xampp\htdocs\diskominfo.bolmutkab.go.id\system\CodeIgniter.php(317): CodeIgniter\CodeIgniter->handleRequest(NULL, Object(Config\Cache), false)
#8 C:\xampp\htdocs\diskominfo.bolmutkab.go.id\public\index.php(37): CodeIgniter\CodeIgniter->run()
#9 C:\xampp\htdocs\diskominfo.bolmutkab.go.id\system\Commands\Server\rewrite.php(43): require_once('C:\\xampp\\htdocs...')
#10 {main}
CRITICAL - 2022-01-23 18:34:37 --> Undefined variable: action
#0 C:\xampp\htdocs\diskominfo.bolmutkab.go.id\app\Views\backend\domain\input_domain_bolmut.php(97): CodeIgniter\Debug\Exceptions->errorHandler(8, 'Undefined varia...', 'C:\\xampp\\htdocs...', 97, Array)
#1 C:\xampp\htdocs\diskominfo.bolmutkab.go.id\system\View\View.php(214): include('C:\\xampp\\htdocs...')
#2 C:\xampp\htdocs\diskominfo.bolmutkab.go.id\system\View\View.php(217): CodeIgniter\View\View->CodeIgniter\View\{closure}()
#3 C:\xampp\htdocs\diskominfo.bolmutkab.go.id\system\Common.php(1092): CodeIgniter\View\View->render('backend/domain/...', Array, true)
#4 C:\xampp\htdocs\diskominfo.bolmutkab.go.id\app\Controllers\Backend\Domain_bolmut.php(139): view('backend/domain/...')
#5 C:\xampp\htdocs\diskominfo.bolmutkab.go.id\system\CodeIgniter.php(802): App\Controllers\Backend\Domain_bolmut->Bolmut()
#6 C:\xampp\htdocs\diskominfo.bolmutkab.go.id\system\CodeIgniter.php(399): CodeIgniter\CodeIgniter->runController(Object(App\Controllers\Backend\Domain_bolmut))
#7 C:\xampp\htdocs\diskominfo.bolmutkab.go.id\system\CodeIgniter.php(317): CodeIgniter\CodeIgniter->handleRequest(NULL, Object(Config\Cache), false)
#8 C:\xampp\htdocs\diskominfo.bolmutkab.go.id\public\index.php(37): CodeIgniter\CodeIgniter->run()
#9 C:\xampp\htdocs\diskominfo.bolmutkab.go.id\system\Commands\Server\rewrite.php(43): require_once('C:\\xampp\\htdocs...')
#10 {main}
CRITICAL - 2022-01-23 20:48:52 --> Invalid file: backend/login.php
#0 C:\xampp\htdocs\diskominfo.bolmutkab.go.id\system\View\View.php(198): CodeIgniter\Exceptions\FrameworkException::forInvalidFile('backend/login.p...')
#1 C:\xampp\htdocs\diskominfo.bolmutkab.go.id\system\Common.php(1092): CodeIgniter\View\View->render('backend/login', Array, true)
#2 C:\xampp\htdocs\diskominfo.bolmutkab.go.id\app\Controllers\Backend\Admin.php(8): view('backend/login')
#3 C:\xampp\htdocs\diskominfo.bolmutkab.go.id\system\CodeIgniter.php(802): App\Controllers\Backend\Admin->index()
#4 C:\xampp\htdocs\diskominfo.bolmutkab.go.id\system\CodeIgniter.php(399): CodeIgniter\CodeIgniter->runController(Object(App\Controllers\Backend\Admin))
#5 C:\xampp\htdocs\diskominfo.bolmutkab.go.id\system\CodeIgniter.php(317): CodeIgniter\CodeIgniter->handleRequest(NULL, Object(Config\Cache), false)
#6 C:\xampp\htdocs\diskominfo.bolmutkab.go.id\public\index.php(37): CodeIgniter\CodeIgniter->run()
#7 C:\xampp\htdocs\diskominfo.bolmutkab.go.id\system\Commands\Server\rewrite.php(43): require_once('C:\\xampp\\htdocs...')
#8 {main}
CRITICAL - 2022-01-23 20:50:14 --> Invalid file: web/login.php
#0 C:\xampp\htdocs\diskominfo.bolmutkab.go.id\system\View\View.php(198): CodeIgniter\Exceptions\FrameworkException::forInvalidFile('web/login.php')
#1 C:\xampp\htdocs\diskominfo.bolmutkab.go.id\system\Common.php(1092): CodeIgniter\View\View->render('web/login', Array, true)
#2 C:\xampp\htdocs\diskominfo.bolmutkab.go.id\app\Controllers\Backend\Admin.php(8): view('web/login')
#3 C:\xampp\htdocs\diskominfo.bolmutkab.go.id\system\CodeIgniter.php(802): App\Controllers\Backend\Admin->index()
#4 C:\xampp\htdocs\diskominfo.bolmutkab.go.id\system\CodeIgniter.php(399): CodeIgniter\CodeIgniter->runController(Object(App\Controllers\Backend\Admin))
#5 C:\xampp\htdocs\diskominfo.bolmutkab.go.id\system\CodeIgniter.php(317): CodeIgniter\CodeIgniter->handleRequest(NULL, Object(Config\Cache), false)
#6 C:\xampp\htdocs\diskominfo.bolmutkab.go.id\public\index.php(37): CodeIgniter\CodeIgniter->run()
#7 C:\xampp\htdocs\diskominfo.bolmutkab.go.id\system\Commands\Server\rewrite.php(43): require_once('C:\\xampp\\htdocs...')
#8 {main}
CRITICAL - 2022-01-23 20:53:11 --> Invalid file: web/login.php
#0 C:\xampp\htdocs\diskominfo.bolmutkab.go.id\system\View\View.php(198): CodeIgniter\Exceptions\FrameworkException::forInvalidFile('web/login.php')
#1 C:\xampp\htdocs\diskominfo.bolmutkab.go.id\system\Common.php(1092): CodeIgniter\View\View->render('web/login', Array, true)
#2 C:\xampp\htdocs\diskominfo.bolmutkab.go.id\app\Controllers\Backend\Admin.php(8): view('web/login')
#3 C:\xampp\htdocs\diskominfo.bolmutkab.go.id\system\CodeIgniter.php(802): App\Controllers\Backend\Admin->index()
#4 C:\xampp\htdocs\diskominfo.bolmutkab.go.id\system\CodeIgniter.php(399): CodeIgniter\CodeIgniter->runController(Object(App\Controllers\Backend\Admin))
#5 C:\xampp\htdocs\diskominfo.bolmutkab.go.id\system\CodeIgniter.php(317): CodeIgniter\CodeIgniter->handleRequest(NULL, Object(Config\Cache), false)
#6 C:\xampp\htdocs\diskominfo.bolmutkab.go.id\public\index.php(37): CodeIgniter\CodeIgniter->run()
#7 C:\xampp\htdocs\diskominfo.bolmutkab.go.id\system\Commands\Server\rewrite.php(43): require_once('C:\\xampp\\htdocs...')
#8 {main}
