CRITICAL - 2022-01-13 20:59:31 --> Invalid file: admin\form_pendaftaran.php
#0 C:\xampp\htdocs\diskominfo.bolmutkab1.go.id\system\View\View.php(198): CodeIgniter\Exceptions\FrameworkException::forInvalidFile('admin\\form_pend...')
#1 C:\xampp\htdocs\diskominfo.bolmutkab1.go.id\system\Common.php(1092): CodeIgniter\View\View->render('admin\\form_pend...', Array, true)
#2 C:\xampp\htdocs\diskominfo.bolmutkab1.go.id\app\Controllers\Home.php(81): view('admin\\form_pend...')
#3 C:\xampp\htdocs\diskominfo.bolmutkab1.go.id\system\CodeIgniter.php(802): App\Controllers\Home->pendaftaran()
#4 C:\xampp\htdocs\diskominfo.bolmutkab1.go.id\system\CodeIgniter.php(399): CodeIgniter\CodeIgniter->runController(Object(App\Controllers\Home))
#5 C:\xampp\htdocs\diskominfo.bolmutkab1.go.id\system\CodeIgniter.php(317): CodeIgniter\CodeIgniter->handleRequest(NULL, Object(Config\Cache), false)
#6 C:\xampp\htdocs\diskominfo.bolmutkab1.go.id\public\index.php(37): CodeIgniter\CodeIgniter->run()
#7 C:\xampp\htdocs\diskominfo.bolmutkab1.go.id\system\Commands\Server\rewrite.php(43): require_once('C:\\xampp\\htdocs...')
#8 {main}
CRITICAL - 2022-01-13 21:00:58 --> Invalid file: seleksi\form_pendaftaran.php
#0 C:\xampp\htdocs\diskominfo.bolmutkab1.go.id\system\View\View.php(198): CodeIgniter\Exceptions\FrameworkException::forInvalidFile('seleksi\\form_pe...')
#1 C:\xampp\htdocs\diskominfo.bolmutkab1.go.id\system\Common.php(1092): CodeIgniter\View\View->render('seleksi\\form_pe...', Array, true)
#2 C:\xampp\htdocs\diskominfo.bolmutkab1.go.id\app\Controllers\Home.php(81): view('seleksi\\form_pe...')
#3 C:\xampp\htdocs\diskominfo.bolmutkab1.go.id\system\CodeIgniter.php(802): App\Controllers\Home->pendaftaran()
#4 C:\xampp\htdocs\diskominfo.bolmutkab1.go.id\system\CodeIgniter.php(399): CodeIgniter\CodeIgniter->runController(Object(App\Controllers\Home))
#5 C:\xampp\htdocs\diskominfo.bolmutkab1.go.id\system\CodeIgniter.php(317): CodeIgniter\CodeIgniter->handleRequest(NULL, Object(Config\Cache), false)
#6 C:\xampp\htdocs\diskominfo.bolmutkab1.go.id\public\index.php(37): CodeIgniter\CodeIgniter->run()
#7 C:\xampp\htdocs\diskominfo.bolmutkab1.go.id\system\Commands\Server\rewrite.php(43): require_once('C:\\xampp\\htdocs...')
#8 {main}
CRITICAL - 2022-01-13 21:01:08 --> Invalid file: seleksi\form_pendaftaran.php
#0 C:\xampp\htdocs\diskominfo.bolmutkab1.go.id\system\View\View.php(198): CodeIgniter\Exceptions\FrameworkException::forInvalidFile('seleksi\\form_pe...')
#1 C:\xampp\htdocs\diskominfo.bolmutkab1.go.id\system\Common.php(1092): CodeIgniter\View\View->render('seleksi\\form_pe...', Array, true)
#2 C:\xampp\htdocs\diskominfo.bolmutkab1.go.id\app\Controllers\Home.php(81): view('seleksi\\form_pe...')
#3 C:\xampp\htdocs\diskominfo.bolmutkab1.go.id\system\CodeIgniter.php(802): App\Controllers\Home->pendaftaran()
#4 C:\xampp\htdocs\diskominfo.bolmutkab1.go.id\system\CodeIgniter.php(399): CodeIgniter\CodeIgniter->runController(Object(App\Controllers\Home))
#5 C:\xampp\htdocs\diskominfo.bolmutkab1.go.id\system\CodeIgniter.php(317): CodeIgniter\CodeIgniter->handleRequest(NULL, Object(Config\Cache), false)
#6 C:\xampp\htdocs\diskominfo.bolmutkab1.go.id\public\index.php(37): CodeIgniter\CodeIgniter->run()
#7 C:\xampp\htdocs\diskominfo.bolmutkab1.go.id\system\Commands\Server\rewrite.php(43): require_once('C:\\xampp\\htdocs...')
#8 {main}
