CRITICAL - 2022-01-27 00:51:24 --> Undefined variable: action
#0 C:\xampp\htdocs\diskominfo.bolmutkab.go.id\app\Views\web\seleksi\portfolio-pendaftaran.php(293): CodeIgniter\Debug\Exceptions->errorHandler(8, 'Undefined varia...', 'C:\\xampp\\htdocs...', 293, Array)
#1 C:\xampp\htdocs\diskominfo.bolmutkab.go.id\system\View\View.php(214): include('C:\\xampp\\htdocs...')
#2 C:\xampp\htdocs\diskominfo.bolmutkab.go.id\system\View\View.php(217): CodeIgniter\View\View->CodeIgniter\View\{closure}()
#3 C:\xampp\htdocs\diskominfo.bolmutkab.go.id\system\Common.php(1092): CodeIgniter\View\View->render('web/seleksi/por...', Array, true)
#4 C:\xampp\htdocs\diskominfo.bolmutkab.go.id\app\Controllers\Home.php(120): view('web/seleksi/por...', Array)
#5 C:\xampp\htdocs\diskominfo.bolmutkab.go.id\system\CodeIgniter.php(802): App\Controllers\Home->pendaftaran()
#6 C:\xampp\htdocs\diskominfo.bolmutkab.go.id\system\CodeIgniter.php(399): CodeIgniter\CodeIgniter->runController(Object(App\Controllers\Home))
#7 C:\xampp\htdocs\diskominfo.bolmutkab.go.id\system\CodeIgniter.php(317): CodeIgniter\CodeIgniter->handleRequest(NULL, Object(Config\Cache), false)
#8 C:\xampp\htdocs\diskominfo.bolmutkab.go.id\public\index.php(37): CodeIgniter\CodeIgniter->run()
#9 C:\xampp\htdocs\diskominfo.bolmutkab.go.id\system\Commands\Server\rewrite.php(43): require_once('C:\\xampp\\htdocs...')
#10 {main}
CRITICAL - 2022-01-27 00:51:25 --> Undefined variable: action
#0 C:\xampp\htdocs\diskominfo.bolmutkab.go.id\app\Views\web\seleksi\portfolio-pendaftaran.php(293): CodeIgniter\Debug\Exceptions->errorHandler(8, 'Undefined varia...', 'C:\\xampp\\htdocs...', 293, Array)
#1 C:\xampp\htdocs\diskominfo.bolmutkab.go.id\system\View\View.php(214): include('C:\\xampp\\htdocs...')
#2 C:\xampp\htdocs\diskominfo.bolmutkab.go.id\system\View\View.php(217): CodeIgniter\View\View->CodeIgniter\View\{closure}()
#3 C:\xampp\htdocs\diskominfo.bolmutkab.go.id\system\Common.php(1092): CodeIgniter\View\View->render('web/seleksi/por...', Array, true)
#4 C:\xampp\htdocs\diskominfo.bolmutkab.go.id\app\Controllers\Home.php(120): view('web/seleksi/por...', Array)
#5 C:\xampp\htdocs\diskominfo.bolmutkab.go.id\system\CodeIgniter.php(802): App\Controllers\Home->pendaftaran()
#6 C:\xampp\htdocs\diskominfo.bolmutkab.go.id\system\CodeIgniter.php(399): CodeIgniter\CodeIgniter->runController(Object(App\Controllers\Home))
#7 C:\xampp\htdocs\diskominfo.bolmutkab.go.id\system\CodeIgniter.php(317): CodeIgniter\CodeIgniter->handleRequest(NULL, Object(Config\Cache), false)
#8 C:\xampp\htdocs\diskominfo.bolmutkab.go.id\public\index.php(37): CodeIgniter\CodeIgniter->run()
#9 C:\xampp\htdocs\diskominfo.bolmutkab.go.id\system\Commands\Server\rewrite.php(43): require_once('C:\\xampp\\htdocs...')
#10 {main}
CRITICAL - 2022-01-27 00:56:00 --> Undefined variable: persyaratan1
#0 C:\xampp\htdocs\diskominfo.bolmutkab.go.id\app\Views\backend\layanan\admin_syarat.php(43): CodeIgniter\Debug\Exceptions->errorHandler(8, 'Undefined varia...', 'C:\\xampp\\htdocs...', 43, Array)
#1 C:\xampp\htdocs\diskominfo.bolmutkab.go.id\system\View\View.php(214): include('C:\\xampp\\htdocs...')
#2 C:\xampp\htdocs\diskominfo.bolmutkab.go.id\system\View\View.php(217): CodeIgniter\View\View->CodeIgniter\View\{closure}()
#3 C:\xampp\htdocs\diskominfo.bolmutkab.go.id\system\Common.php(1092): CodeIgniter\View\View->render('backend/layanan...', Array, true)
#4 C:\xampp\htdocs\diskominfo.bolmutkab.go.id\app\Controllers\Backend\Pendaftaran.php(112): view('backend/layanan...')
#5 C:\xampp\htdocs\diskominfo.bolmutkab.go.id\system\CodeIgniter.php(802): App\Controllers\Backend\Pendaftaran->syarat()
#6 C:\xampp\htdocs\diskominfo.bolmutkab.go.id\system\CodeIgniter.php(399): CodeIgniter\CodeIgniter->runController(Object(App\Controllers\Backend\Pendaftaran))
#7 C:\xampp\htdocs\diskominfo.bolmutkab.go.id\system\CodeIgniter.php(317): CodeIgniter\CodeIgniter->handleRequest(NULL, Object(Config\Cache), false)
#8 C:\xampp\htdocs\diskominfo.bolmutkab.go.id\public\index.php(37): CodeIgniter\CodeIgniter->run()
#9 C:\xampp\htdocs\diskominfo.bolmutkab.go.id\system\Commands\Server\rewrite.php(43): require_once('C:\\xampp\\htdocs...')
#10 {main}
CRITICAL - 2022-01-27 00:58:43 --> syntax error, unexpected 'as' (T_AS), expecting variable (T_VARIABLE) or '{' or '$'
#0 C:\xampp\htdocs\diskominfo.bolmutkab.go.id\system\View\View.php(217): CodeIgniter\View\View->CodeIgniter\View\{closure}()
#1 C:\xampp\htdocs\diskominfo.bolmutkab.go.id\system\Common.php(1092): CodeIgniter\View\View->render('backend/layanan...', Array, true)
#2 C:\xampp\htdocs\diskominfo.bolmutkab.go.id\app\Controllers\Backend\Pendaftaran.php(112): view('backend/layanan...')
#3 C:\xampp\htdocs\diskominfo.bolmutkab.go.id\system\CodeIgniter.php(802): App\Controllers\Backend\Pendaftaran->syarat()
#4 C:\xampp\htdocs\diskominfo.bolmutkab.go.id\system\CodeIgniter.php(399): CodeIgniter\CodeIgniter->runController(Object(App\Controllers\Backend\Pendaftaran))
#5 C:\xampp\htdocs\diskominfo.bolmutkab.go.id\system\CodeIgniter.php(317): CodeIgniter\CodeIgniter->handleRequest(NULL, Object(Config\Cache), false)
#6 C:\xampp\htdocs\diskominfo.bolmutkab.go.id\public\index.php(37): CodeIgniter\CodeIgniter->run()
#7 C:\xampp\htdocs\diskominfo.bolmutkab.go.id\system\Commands\Server\rewrite.php(43): require_once('C:\\xampp\\htdocs...')
#8 {main}
CRITICAL - 2022-01-27 00:58:54 --> Undefined variable: persyaratan2
#0 C:\xampp\htdocs\diskominfo.bolmutkab.go.id\app\Views\backend\layanan\admin_syarat.php(90): CodeIgniter\Debug\Exceptions->errorHandler(8, 'Undefined varia...', 'C:\\xampp\\htdocs...', 90, Array)
#1 C:\xampp\htdocs\diskominfo.bolmutkab.go.id\system\View\View.php(214): include('C:\\xampp\\htdocs...')
#2 C:\xampp\htdocs\diskominfo.bolmutkab.go.id\system\View\View.php(217): CodeIgniter\View\View->CodeIgniter\View\{closure}()
#3 C:\xampp\htdocs\diskominfo.bolmutkab.go.id\system\Common.php(1092): CodeIgniter\View\View->render('backend/layanan...', Array, true)
#4 C:\xampp\htdocs\diskominfo.bolmutkab.go.id\app\Controllers\Backend\Pendaftaran.php(112): view('backend/layanan...')
#5 C:\xampp\htdocs\diskominfo.bolmutkab.go.id\system\CodeIgniter.php(802): App\Controllers\Backend\Pendaftaran->syarat()
#6 C:\xampp\htdocs\diskominfo.bolmutkab.go.id\system\CodeIgniter.php(399): CodeIgniter\CodeIgniter->runController(Object(App\Controllers\Backend\Pendaftaran))
#7 C:\xampp\htdocs\diskominfo.bolmutkab.go.id\system\CodeIgniter.php(317): CodeIgniter\CodeIgniter->handleRequest(NULL, Object(Config\Cache), false)
#8 C:\xampp\htdocs\diskominfo.bolmutkab.go.id\public\index.php(37): CodeIgniter\CodeIgniter->run()
#9 C:\xampp\htdocs\diskominfo.bolmutkab.go.id\system\Commands\Server\rewrite.php(43): require_once('C:\\xampp\\htdocs...')
#10 {main}
CRITICAL - 2022-01-27 01:01:07 --> Undefined variable: umum
#0 C:\xampp\htdocs\diskominfo.bolmutkab.go.id\app\Views\backend\layanan\admin_syarat.php(43): CodeIgniter\Debug\Exceptions->errorHandler(8, 'Undefined varia...', 'C:\\xampp\\htdocs...', 43, Array)
#1 C:\xampp\htdocs\diskominfo.bolmutkab.go.id\system\View\View.php(214): include('C:\\xampp\\htdocs...')
#2 C:\xampp\htdocs\diskominfo.bolmutkab.go.id\system\View\View.php(217): CodeIgniter\View\View->CodeIgniter\View\{closure}()
#3 C:\xampp\htdocs\diskominfo.bolmutkab.go.id\system\Common.php(1092): CodeIgniter\View\View->render('backend/layanan...', Array, true)
#4 C:\xampp\htdocs\diskominfo.bolmutkab.go.id\app\Controllers\Backend\Pendaftaran.php(112): view('backend/layanan...')
#5 C:\xampp\htdocs\diskominfo.bolmutkab.go.id\system\CodeIgniter.php(802): App\Controllers\Backend\Pendaftaran->syarat()
#6 C:\xampp\htdocs\diskominfo.bolmutkab.go.id\system\CodeIgniter.php(399): CodeIgniter\CodeIgniter->runController(Object(App\Controllers\Backend\Pendaftaran))
#7 C:\xampp\htdocs\diskominfo.bolmutkab.go.id\system\CodeIgniter.php(317): CodeIgniter\CodeIgniter->handleRequest(NULL, Object(Config\Cache), false)
#8 C:\xampp\htdocs\diskominfo.bolmutkab.go.id\public\index.php(37): CodeIgniter\CodeIgniter->run()
#9 C:\xampp\htdocs\diskominfo.bolmutkab.go.id\system\Commands\Server\rewrite.php(43): require_once('C:\\xampp\\htdocs...')
#10 {main}
CRITICAL - 2022-01-27 01:05:28 --> Undefined variable: persyaratan1
#0 C:\xampp\htdocs\diskominfo.bolmutkab.go.id\app\Views\backend\layanan\admin_syarat.php(43): CodeIgniter\Debug\Exceptions->errorHandler(8, 'Undefined varia...', 'C:\\xampp\\htdocs...', 43, Array)
#1 C:\xampp\htdocs\diskominfo.bolmutkab.go.id\system\View\View.php(214): include('C:\\xampp\\htdocs...')
#2 C:\xampp\htdocs\diskominfo.bolmutkab.go.id\system\View\View.php(217): CodeIgniter\View\View->CodeIgniter\View\{closure}()
#3 C:\xampp\htdocs\diskominfo.bolmutkab.go.id\system\Common.php(1092): CodeIgniter\View\View->render('backend/layanan...', Array, true)
#4 C:\xampp\htdocs\diskominfo.bolmutkab.go.id\app\Controllers\Backend\Pendaftaran.php(112): view('backend/layanan...')
#5 C:\xampp\htdocs\diskominfo.bolmutkab.go.id\system\CodeIgniter.php(802): App\Controllers\Backend\Pendaftaran->syarat()
#6 C:\xampp\htdocs\diskominfo.bolmutkab.go.id\system\CodeIgniter.php(399): CodeIgniter\CodeIgniter->runController(Object(App\Controllers\Backend\Pendaftaran))
#7 C:\xampp\htdocs\diskominfo.bolmutkab.go.id\system\CodeIgniter.php(317): CodeIgniter\CodeIgniter->handleRequest(NULL, Object(Config\Cache), false)
#8 C:\xampp\htdocs\diskominfo.bolmutkab.go.id\public\index.php(37): CodeIgniter\CodeIgniter->run()
#9 C:\xampp\htdocs\diskominfo.bolmutkab.go.id\system\Commands\Server\rewrite.php(43): require_once('C:\\xampp\\htdocs...')
#10 {main}
CRITICAL - 2022-01-27 01:06:13 --> Undefined variable: persyaratan1
#0 C:\xampp\htdocs\diskominfo.bolmutkab.go.id\app\Views\backend\layanan\admin_syarat.php(43): CodeIgniter\Debug\Exceptions->errorHandler(8, 'Undefined varia...', 'C:\\xampp\\htdocs...', 43, Array)
#1 C:\xampp\htdocs\diskominfo.bolmutkab.go.id\system\View\View.php(214): include('C:\\xampp\\htdocs...')
#2 C:\xampp\htdocs\diskominfo.bolmutkab.go.id\system\View\View.php(217): CodeIgniter\View\View->CodeIgniter\View\{closure}()
#3 C:\xampp\htdocs\diskominfo.bolmutkab.go.id\system\Common.php(1092): CodeIgniter\View\View->render('backend/layanan...', Array, true)
#4 C:\xampp\htdocs\diskominfo.bolmutkab.go.id\app\Controllers\Backend\Pendaftaran.php(112): view('backend/layanan...')
#5 C:\xampp\htdocs\diskominfo.bolmutkab.go.id\system\CodeIgniter.php(802): App\Controllers\Backend\Pendaftaran->syarat()
#6 C:\xampp\htdocs\diskominfo.bolmutkab.go.id\system\CodeIgniter.php(399): CodeIgniter\CodeIgniter->runController(Object(App\Controllers\Backend\Pendaftaran))
#7 C:\xampp\htdocs\diskominfo.bolmutkab.go.id\system\CodeIgniter.php(317): CodeIgniter\CodeIgniter->handleRequest(NULL, Object(Config\Cache), false)
#8 C:\xampp\htdocs\diskominfo.bolmutkab.go.id\public\index.php(37): CodeIgniter\CodeIgniter->run()
#9 C:\xampp\htdocs\diskominfo.bolmutkab.go.id\system\Commands\Server\rewrite.php(43): require_once('C:\\xampp\\htdocs...')
#10 {main}
CRITICAL - 2022-01-27 01:11:27 --> Undefined variable: persyaratan1
#0 C:\xampp\htdocs\diskominfo.bolmutkab.go.id\app\Views\backend\layanan\admin_syarat.php(43): CodeIgniter\Debug\Exceptions->errorHandler(8, 'Undefined varia...', 'C:\\xampp\\htdocs...', 43, Array)
#1 C:\xampp\htdocs\diskominfo.bolmutkab.go.id\system\View\View.php(214): include('C:\\xampp\\htdocs...')
#2 C:\xampp\htdocs\diskominfo.bolmutkab.go.id\system\View\View.php(217): CodeIgniter\View\View->CodeIgniter\View\{closure}()
#3 C:\xampp\htdocs\diskominfo.bolmutkab.go.id\system\Common.php(1092): CodeIgniter\View\View->render('backend/layanan...', Array, true)
#4 C:\xampp\htdocs\diskominfo.bolmutkab.go.id\app\Controllers\Backend\Pendaftaran.php(113): view('backend/layanan...')
#5 C:\xampp\htdocs\diskominfo.bolmutkab.go.id\system\CodeIgniter.php(802): App\Controllers\Backend\Pendaftaran->syarat()
#6 C:\xampp\htdocs\diskominfo.bolmutkab.go.id\system\CodeIgniter.php(399): CodeIgniter\CodeIgniter->runController(Object(App\Controllers\Backend\Pendaftaran))
#7 C:\xampp\htdocs\diskominfo.bolmutkab.go.id\system\CodeIgniter.php(317): CodeIgniter\CodeIgniter->handleRequest(NULL, Object(Config\Cache), false)
#8 C:\xampp\htdocs\diskominfo.bolmutkab.go.id\public\index.php(37): CodeIgniter\CodeIgniter->run()
#9 C:\xampp\htdocs\diskominfo.bolmutkab.go.id\system\Commands\Server\rewrite.php(43): require_once('C:\\xampp\\htdocs...')
#10 {main}
CRITICAL - 2022-01-27 01:14:01 --> Undefined variable: persyaratan1
#0 C:\xampp\htdocs\diskominfo.bolmutkab.go.id\app\Views\backend\layanan\admin_syarat.php(43): CodeIgniter\Debug\Exceptions->errorHandler(8, 'Undefined varia...', 'C:\\xampp\\htdocs...', 43, Array)
#1 C:\xampp\htdocs\diskominfo.bolmutkab.go.id\system\View\View.php(214): include('C:\\xampp\\htdocs...')
#2 C:\xampp\htdocs\diskominfo.bolmutkab.go.id\system\View\View.php(217): CodeIgniter\View\View->CodeIgniter\View\{closure}()
#3 C:\xampp\htdocs\diskominfo.bolmutkab.go.id\system\Common.php(1092): CodeIgniter\View\View->render('backend/layanan...', Array, true)
#4 C:\xampp\htdocs\diskominfo.bolmutkab.go.id\app\Controllers\Backend\Pendaftaran.php(113): view('backend/layanan...')
#5 C:\xampp\htdocs\diskominfo.bolmutkab.go.id\system\CodeIgniter.php(802): App\Controllers\Backend\Pendaftaran->syarat()
#6 C:\xampp\htdocs\diskominfo.bolmutkab.go.id\system\CodeIgniter.php(399): CodeIgniter\CodeIgniter->runController(Object(App\Controllers\Backend\Pendaftaran))
#7 C:\xampp\htdocs\diskominfo.bolmutkab.go.id\system\CodeIgniter.php(317): CodeIgniter\CodeIgniter->handleRequest(NULL, Object(Config\Cache), false)
#8 C:\xampp\htdocs\diskominfo.bolmutkab.go.id\public\index.php(37): CodeIgniter\CodeIgniter->run()
#9 C:\xampp\htdocs\diskominfo.bolmutkab.go.id\system\Commands\Server\rewrite.php(43): require_once('C:\\xampp\\htdocs...')
#10 {main}
CRITICAL - 2022-01-27 01:19:53 --> Undefined variable: persyaratan1
#0 C:\xampp\htdocs\diskominfo.bolmutkab.go.id\app\Views\backend\layanan\admin_syarat.php(43): CodeIgniter\Debug\Exceptions->errorHandler(8, 'Undefined varia...', 'C:\\xampp\\htdocs...', 43, Array)
#1 C:\xampp\htdocs\diskominfo.bolmutkab.go.id\system\View\View.php(214): include('C:\\xampp\\htdocs...')
#2 C:\xampp\htdocs\diskominfo.bolmutkab.go.id\system\View\View.php(217): CodeIgniter\View\View->CodeIgniter\View\{closure}()
#3 C:\xampp\htdocs\diskominfo.bolmutkab.go.id\system\Common.php(1092): CodeIgniter\View\View->render('backend/layanan...', Array, true)
#4 C:\xampp\htdocs\diskominfo.bolmutkab.go.id\app\Controllers\Backend\Pendaftaran.php(113): view('backend/layanan...')
#5 C:\xampp\htdocs\diskominfo.bolmutkab.go.id\system\CodeIgniter.php(802): App\Controllers\Backend\Pendaftaran->syarat()
#6 C:\xampp\htdocs\diskominfo.bolmutkab.go.id\system\CodeIgniter.php(399): CodeIgniter\CodeIgniter->runController(Object(App\Controllers\Backend\Pendaftaran))
#7 C:\xampp\htdocs\diskominfo.bolmutkab.go.id\system\CodeIgniter.php(317): CodeIgniter\CodeIgniter->handleRequest(NULL, Object(Config\Cache), false)
#8 C:\xampp\htdocs\diskominfo.bolmutkab.go.id\public\index.php(37): CodeIgniter\CodeIgniter->run()
#9 C:\xampp\htdocs\diskominfo.bolmutkab.go.id\system\Commands\Server\rewrite.php(43): require_once('C:\\xampp\\htdocs...')
#10 {main}
CRITICAL - 2022-01-27 01:20:08 --> Undefined variable: persyaratan1
#0 C:\xampp\htdocs\diskominfo.bolmutkab.go.id\app\Views\backend\layanan\admin_syarat.php(43): CodeIgniter\Debug\Exceptions->errorHandler(8, 'Undefined varia...', 'C:\\xampp\\htdocs...', 43, Array)
#1 C:\xampp\htdocs\diskominfo.bolmutkab.go.id\system\View\View.php(214): include('C:\\xampp\\htdocs...')
#2 C:\xampp\htdocs\diskominfo.bolmutkab.go.id\system\View\View.php(217): CodeIgniter\View\View->CodeIgniter\View\{closure}()
#3 C:\xampp\htdocs\diskominfo.bolmutkab.go.id\system\Common.php(1092): CodeIgniter\View\View->render('backend/layanan...', Array, true)
#4 C:\xampp\htdocs\diskominfo.bolmutkab.go.id\app\Controllers\Backend\Pendaftaran.php(113): view('backend/layanan...')
#5 C:\xampp\htdocs\diskominfo.bolmutkab.go.id\system\CodeIgniter.php(802): App\Controllers\Backend\Pendaftaran->syarat()
#6 C:\xampp\htdocs\diskominfo.bolmutkab.go.id\system\CodeIgniter.php(399): CodeIgniter\CodeIgniter->runController(Object(App\Controllers\Backend\Pendaftaran))
#7 C:\xampp\htdocs\diskominfo.bolmutkab.go.id\system\CodeIgniter.php(317): CodeIgniter\CodeIgniter->handleRequest(NULL, Object(Config\Cache), false)
#8 C:\xampp\htdocs\diskominfo.bolmutkab.go.id\public\index.php(37): CodeIgniter\CodeIgniter->run()
#9 C:\xampp\htdocs\diskominfo.bolmutkab.go.id\system\Commands\Server\rewrite.php(43): require_once('C:\\xampp\\htdocs...')
#10 {main}
CRITICAL - 2022-01-27 01:20:32 --> Undefined variable: persyaratan1
#0 C:\xampp\htdocs\diskominfo.bolmutkab.go.id\app\Views\backend\layanan\admin_syarat.php(43): CodeIgniter\Debug\Exceptions->errorHandler(8, 'Undefined varia...', 'C:\\xampp\\htdocs...', 43, Array)
#1 C:\xampp\htdocs\diskominfo.bolmutkab.go.id\system\View\View.php(214): include('C:\\xampp\\htdocs...')
#2 C:\xampp\htdocs\diskominfo.bolmutkab.go.id\system\View\View.php(217): CodeIgniter\View\View->CodeIgniter\View\{closure}()
#3 C:\xampp\htdocs\diskominfo.bolmutkab.go.id\system\Common.php(1092): CodeIgniter\View\View->render('backend/layanan...', Array, true)
#4 C:\xampp\htdocs\diskominfo.bolmutkab.go.id\app\Controllers\Backend\Pendaftaran.php(113): view('backend/layanan...')
#5 C:\xampp\htdocs\diskominfo.bolmutkab.go.id\system\CodeIgniter.php(802): App\Controllers\Backend\Pendaftaran->syarat()
#6 C:\xampp\htdocs\diskominfo.bolmutkab.go.id\system\CodeIgniter.php(399): CodeIgniter\CodeIgniter->runController(Object(App\Controllers\Backend\Pendaftaran))
#7 C:\xampp\htdocs\diskominfo.bolmutkab.go.id\system\CodeIgniter.php(317): CodeIgniter\CodeIgniter->handleRequest(NULL, Object(Config\Cache), false)
#8 C:\xampp\htdocs\diskominfo.bolmutkab.go.id\public\index.php(37): CodeIgniter\CodeIgniter->run()
#9 C:\xampp\htdocs\diskominfo.bolmutkab.go.id\system\Commands\Server\rewrite.php(43): require_once('C:\\xampp\\htdocs...')
#10 {main}
CRITICAL - 2022-01-27 01:22:01 --> Undefined variable: persyaratan1
#0 C:\xampp\htdocs\diskominfo.bolmutkab.go.id\app\Views\backend\layanan\admin_syarat.php(43): CodeIgniter\Debug\Exceptions->errorHandler(8, 'Undefined varia...', 'C:\\xampp\\htdocs...', 43, Array)
#1 C:\xampp\htdocs\diskominfo.bolmutkab.go.id\system\View\View.php(214): include('C:\\xampp\\htdocs...')
#2 C:\xampp\htdocs\diskominfo.bolmutkab.go.id\system\View\View.php(217): CodeIgniter\View\View->CodeIgniter\View\{closure}()
#3 C:\xampp\htdocs\diskominfo.bolmutkab.go.id\system\Common.php(1092): CodeIgniter\View\View->render('backend/layanan...', Array, true)
#4 C:\xampp\htdocs\diskominfo.bolmutkab.go.id\app\Controllers\Backend\Pendaftaran.php(113): view('backend/layanan...')
#5 C:\xampp\htdocs\diskominfo.bolmutkab.go.id\system\CodeIgniter.php(802): App\Controllers\Backend\Pendaftaran->syarat()
#6 C:\xampp\htdocs\diskominfo.bolmutkab.go.id\system\CodeIgniter.php(399): CodeIgniter\CodeIgniter->runController(Object(App\Controllers\Backend\Pendaftaran))
#7 C:\xampp\htdocs\diskominfo.bolmutkab.go.id\system\CodeIgniter.php(317): CodeIgniter\CodeIgniter->handleRequest(NULL, Object(Config\Cache), false)
#8 C:\xampp\htdocs\diskominfo.bolmutkab.go.id\public\index.php(37): CodeIgniter\CodeIgniter->run()
#9 C:\xampp\htdocs\diskominfo.bolmutkab.go.id\system\Commands\Server\rewrite.php(43): require_once('C:\\xampp\\htdocs...')
#10 {main}
CRITICAL - 2022-01-27 01:23:08 --> Undefined variable: persyaratan1
#0 C:\xampp\htdocs\diskominfo.bolmutkab.go.id\app\Views\backend\layanan\admin_syarat.php(43): CodeIgniter\Debug\Exceptions->errorHandler(8, 'Undefined varia...', 'C:\\xampp\\htdocs...', 43, Array)
#1 C:\xampp\htdocs\diskominfo.bolmutkab.go.id\system\View\View.php(214): include('C:\\xampp\\htdocs...')
#2 C:\xampp\htdocs\diskominfo.bolmutkab.go.id\system\View\View.php(217): CodeIgniter\View\View->CodeIgniter\View\{closure}()
#3 C:\xampp\htdocs\diskominfo.bolmutkab.go.id\system\Common.php(1092): CodeIgniter\View\View->render('backend/layanan...', Array, true)
#4 C:\xampp\htdocs\diskominfo.bolmutkab.go.id\app\Controllers\Backend\Pendaftaran.php(113): view('backend/layanan...')
#5 C:\xampp\htdocs\diskominfo.bolmutkab.go.id\system\CodeIgniter.php(802): App\Controllers\Backend\Pendaftaran->syarat()
#6 C:\xampp\htdocs\diskominfo.bolmutkab.go.id\system\CodeIgniter.php(399): CodeIgniter\CodeIgniter->runController(Object(App\Controllers\Backend\Pendaftaran))
#7 C:\xampp\htdocs\diskominfo.bolmutkab.go.id\system\CodeIgniter.php(317): CodeIgniter\CodeIgniter->handleRequest(NULL, Object(Config\Cache), false)
#8 C:\xampp\htdocs\diskominfo.bolmutkab.go.id\public\index.php(37): CodeIgniter\CodeIgniter->run()
#9 C:\xampp\htdocs\diskominfo.bolmutkab.go.id\system\Commands\Server\rewrite.php(43): require_once('C:\\xampp\\htdocs...')
#10 {main}
CRITICAL - 2022-01-27 03:32:02 --> Undefined variable: persyaratan1
#0 C:\xampp\htdocs\diskominfo.bolmutkab.go.id\app\Views\backend\layanan\admin_syarat.php(43): CodeIgniter\Debug\Exceptions->errorHandler(8, 'Undefined varia...', 'C:\\xampp\\htdocs...', 43, Array)
#1 C:\xampp\htdocs\diskominfo.bolmutkab.go.id\system\View\View.php(214): include('C:\\xampp\\htdocs...')
#2 C:\xampp\htdocs\diskominfo.bolmutkab.go.id\system\View\View.php(217): CodeIgniter\View\View->CodeIgniter\View\{closure}()
#3 C:\xampp\htdocs\diskominfo.bolmutkab.go.id\system\Common.php(1092): CodeIgniter\View\View->render('backend/layanan...', Array, true)
#4 C:\xampp\htdocs\diskominfo.bolmutkab.go.id\app\Controllers\Backend\Pendaftaran.php(113): view('backend/layanan...')
#5 C:\xampp\htdocs\diskominfo.bolmutkab.go.id\system\CodeIgniter.php(802): App\Controllers\Backend\Pendaftaran->syarat()
#6 C:\xampp\htdocs\diskominfo.bolmutkab.go.id\system\CodeIgniter.php(399): CodeIgniter\CodeIgniter->runController(Object(App\Controllers\Backend\Pendaftaran))
#7 C:\xampp\htdocs\diskominfo.bolmutkab.go.id\system\CodeIgniter.php(317): CodeIgniter\CodeIgniter->handleRequest(NULL, Object(Config\Cache), false)
#8 C:\xampp\htdocs\diskominfo.bolmutkab.go.id\public\index.php(37): CodeIgniter\CodeIgniter->run()
#9 C:\xampp\htdocs\diskominfo.bolmutkab.go.id\system\Commands\Server\rewrite.php(43): require_once('C:\\xampp\\htdocs...')
#10 {main}
CRITICAL - 2022-01-27 03:47:51 --> Undefined variable: action
#0 C:\xampp\htdocs\diskominfo.bolmutkab.go.id\app\Views\web\seleksi\portfolio-pendaftaran.php(304): CodeIgniter\Debug\Exceptions->errorHandler(8, 'Undefined varia...', 'C:\\xampp\\htdocs...', 304, Array)
#1 C:\xampp\htdocs\diskominfo.bolmutkab.go.id\system\View\View.php(214): include('C:\\xampp\\htdocs...')
#2 C:\xampp\htdocs\diskominfo.bolmutkab.go.id\system\View\View.php(217): CodeIgniter\View\View->CodeIgniter\View\{closure}()
#3 C:\xampp\htdocs\diskominfo.bolmutkab.go.id\system\Common.php(1092): CodeIgniter\View\View->render('web/seleksi/por...', Array, true)
#4 C:\xampp\htdocs\diskominfo.bolmutkab.go.id\app\Controllers\Home.php(120): view('web/seleksi/por...', Array)
#5 C:\xampp\htdocs\diskominfo.bolmutkab.go.id\system\CodeIgniter.php(802): App\Controllers\Home->pendaftaran()
#6 C:\xampp\htdocs\diskominfo.bolmutkab.go.id\system\CodeIgniter.php(399): CodeIgniter\CodeIgniter->runController(Object(App\Controllers\Home))
#7 C:\xampp\htdocs\diskominfo.bolmutkab.go.id\system\CodeIgniter.php(317): CodeIgniter\CodeIgniter->handleRequest(NULL, Object(Config\Cache), false)
#8 C:\xampp\htdocs\diskominfo.bolmutkab.go.id\public\index.php(37): CodeIgniter\CodeIgniter->run()
#9 C:\xampp\htdocs\diskominfo.bolmutkab.go.id\system\Commands\Server\rewrite.php(43): require_once('C:\\xampp\\htdocs...')
#10 {main}
CRITICAL - 2022-01-27 03:47:51 --> Undefined variable: action
#0 C:\xampp\htdocs\diskominfo.bolmutkab.go.id\app\Views\web\seleksi\portfolio-pendaftaran.php(304): CodeIgniter\Debug\Exceptions->errorHandler(8, 'Undefined varia...', 'C:\\xampp\\htdocs...', 304, Array)
#1 C:\xampp\htdocs\diskominfo.bolmutkab.go.id\system\View\View.php(214): include('C:\\xampp\\htdocs...')
#2 C:\xampp\htdocs\diskominfo.bolmutkab.go.id\system\View\View.php(217): CodeIgniter\View\View->CodeIgniter\View\{closure}()
#3 C:\xampp\htdocs\diskominfo.bolmutkab.go.id\system\Common.php(1092): CodeIgniter\View\View->render('web/seleksi/por...', Array, true)
#4 C:\xampp\htdocs\diskominfo.bolmutkab.go.id\app\Controllers\Home.php(120): view('web/seleksi/por...', Array)
#5 C:\xampp\htdocs\diskominfo.bolmutkab.go.id\system\CodeIgniter.php(802): App\Controllers\Home->pendaftaran()
#6 C:\xampp\htdocs\diskominfo.bolmutkab.go.id\system\CodeIgniter.php(399): CodeIgniter\CodeIgniter->runController(Object(App\Controllers\Home))
#7 C:\xampp\htdocs\diskominfo.bolmutkab.go.id\system\CodeIgniter.php(317): CodeIgniter\CodeIgniter->handleRequest(NULL, Object(Config\Cache), false)
#8 C:\xampp\htdocs\diskominfo.bolmutkab.go.id\public\index.php(37): CodeIgniter\CodeIgniter->run()
#9 C:\xampp\htdocs\diskominfo.bolmutkab.go.id\system\Commands\Server\rewrite.php(43): require_once('C:\\xampp\\htdocs...')
#10 {main}
ERROR - 2022-01-27 17:23:42 --> Error connecting to the database: No connection could be made because the target machine actively refused it.

CRITICAL - 2022-01-27 17:23:42 --> Unable to connect to the database.
Main connection [MySQLi]: No connection could be made because the target machine actively refused it.

#0 C:\xampp\htdocs\diskominfo.bolmutkab.go.id\system\Database\BaseConnection.php(570): CodeIgniter\Database\BaseConnection->initialize()
#1 C:\xampp\htdocs\diskominfo.bolmutkab.go.id\system\Database\BaseBuilder.php(1428): CodeIgniter\Database\BaseConnection->query('SELECT *\nFROM `...', Array, false)
#2 C:\xampp\htdocs\diskominfo.bolmutkab.go.id\system\Model.php(183): CodeIgniter\Database\BaseBuilder->get()
#3 C:\xampp\htdocs\diskominfo.bolmutkab.go.id\system\BaseModel.php(584): CodeIgniter\Model->doFindAll(0, 0)
#4 C:\xampp\htdocs\diskominfo.bolmutkab.go.id\app\Controllers\Home.php(85): CodeIgniter\BaseModel->findAll()
#5 C:\xampp\htdocs\diskominfo.bolmutkab.go.id\system\CodeIgniter.php(802): App\Controllers\Home->dpa()
#6 C:\xampp\htdocs\diskominfo.bolmutkab.go.id\system\CodeIgniter.php(399): CodeIgniter\CodeIgniter->runController(Object(App\Controllers\Home))
#7 C:\xampp\htdocs\diskominfo.bolmutkab.go.id\system\CodeIgniter.php(317): CodeIgniter\CodeIgniter->handleRequest(NULL, Object(Config\Cache), false)
#8 C:\xampp\htdocs\diskominfo.bolmutkab.go.id\public\index.php(37): CodeIgniter\CodeIgniter->run()
#9 C:\xampp\htdocs\diskominfo.bolmutkab.go.id\system\Commands\Server\rewrite.php(43): require_once('C:\\xampp\\htdocs...')
#10 {main}
CRITICAL - 2022-01-27 17:23:43 --> Uncaught ErrorException: print_r(): Property access is not allowed yet in C:\xampp\htdocs\diskominfo.bolmutkab.go.id\app\Views\errors\html\error_exception.php:96
Stack trace:
#0 [internal function]: CodeIgniter\Debug\Exceptions->errorHandler(2, 'print_r(): Prop...', 'C:\\xampp\\htdocs...', 96, Array)
#1 C:\xampp\htdocs\diskominfo.bolmutkab.go.id\app\Views\errors\html\error_exception.php(96): print_r(Object(App\Controllers\Home), true)
#2 C:\xampp\htdocs\diskominfo.bolmutkab.go.id\system\Debug\Exceptions.php(235): include('C:\\xampp\\htdocs...')
#3 C:\xampp\htdocs\diskominfo.bolmutkab.go.id\system\Debug\Exceptions.php(132): CodeIgniter\Debug\Exceptions->render(Object(CodeIgniter\Database\Exceptions\DatabaseException), 500)
#4 [internal function]: CodeIgniter\Debug\Exceptions->exceptionHandler(Object(CodeIgniter\Database\Exceptions\DatabaseException))
#5 {main}
  thrown
#0 [internal function]: CodeIgniter\Debug\Exceptions->shutdownHandler()
#1 {main}
CRITICAL - 2022-01-27 18:38:33 --> readfile(Ada): failed to open stream: No such file or directory
#0 [internal function]: CodeIgniter\Debug\Exceptions->errorHandler(2, 'readfile(Ada): ...', 'C:\\xampp\\htdocs...', 48, Array)
#1 C:\xampp\htdocs\diskominfo.bolmutkab.go.id\app\Views\web\aplikasi.php(48): readfile('Ada')
#2 C:\xampp\htdocs\diskominfo.bolmutkab.go.id\system\View\View.php(214): include('C:\\xampp\\htdocs...')
#3 C:\xampp\htdocs\diskominfo.bolmutkab.go.id\system\View\View.php(217): CodeIgniter\View\View->CodeIgniter\View\{closure}()
#4 C:\xampp\htdocs\diskominfo.bolmutkab.go.id\system\Common.php(1092): CodeIgniter\View\View->render('web/aplikasi', Array, true)
#5 C:\xampp\htdocs\diskominfo.bolmutkab.go.id\app\Controllers\Home.php(131): view('web/aplikasi')
#6 C:\xampp\htdocs\diskominfo.bolmutkab.go.id\system\CodeIgniter.php(802): App\Controllers\Home->aplikasi()
#7 C:\xampp\htdocs\diskominfo.bolmutkab.go.id\system\CodeIgniter.php(399): CodeIgniter\CodeIgniter->runController(Object(App\Controllers\Home))
#8 C:\xampp\htdocs\diskominfo.bolmutkab.go.id\system\CodeIgniter.php(317): CodeIgniter\CodeIgniter->handleRequest(NULL, Object(Config\Cache), false)
#9 C:\xampp\htdocs\diskominfo.bolmutkab.go.id\public\index.php(37): CodeIgniter\CodeIgniter->run()
#10 C:\xampp\htdocs\diskominfo.bolmutkab.go.id\system\Commands\Server\rewrite.php(43): require_once('C:\\xampp\\htdocs...')
#11 {main}
CRITICAL - 2022-01-27 18:39:06 --> readfile(manual_book1): failed to open stream: No such file or directory
#0 [internal function]: CodeIgniter\Debug\Exceptions->errorHandler(2, 'readfile(manual...', 'C:\\xampp\\htdocs...', 48, Array)
#1 C:\xampp\htdocs\diskominfo.bolmutkab.go.id\app\Views\web\aplikasi.php(48): readfile('manual_book1')
#2 C:\xampp\htdocs\diskominfo.bolmutkab.go.id\system\View\View.php(214): include('C:\\xampp\\htdocs...')
#3 C:\xampp\htdocs\diskominfo.bolmutkab.go.id\system\View\View.php(217): CodeIgniter\View\View->CodeIgniter\View\{closure}()
#4 C:\xampp\htdocs\diskominfo.bolmutkab.go.id\system\Common.php(1092): CodeIgniter\View\View->render('web/aplikasi', Array, true)
#5 C:\xampp\htdocs\diskominfo.bolmutkab.go.id\app\Controllers\Home.php(131): view('web/aplikasi')
#6 C:\xampp\htdocs\diskominfo.bolmutkab.go.id\system\CodeIgniter.php(802): App\Controllers\Home->aplikasi()
#7 C:\xampp\htdocs\diskominfo.bolmutkab.go.id\system\CodeIgniter.php(399): CodeIgniter\CodeIgniter->runController(Object(App\Controllers\Home))
#8 C:\xampp\htdocs\diskominfo.bolmutkab.go.id\system\CodeIgniter.php(317): CodeIgniter\CodeIgniter->handleRequest(NULL, Object(Config\Cache), false)
#9 C:\xampp\htdocs\diskominfo.bolmutkab.go.id\public\index.php(37): CodeIgniter\CodeIgniter->run()
#10 C:\xampp\htdocs\diskominfo.bolmutkab.go.id\system\Commands\Server\rewrite.php(43): require_once('C:\\xampp\\htdocs...')
#11 {main}
CRITICAL - 2022-01-27 18:40:07 --> readfile(Ada): failed to open stream: No such file or directory
#0 [internal function]: CodeIgniter\Debug\Exceptions->errorHandler(2, 'readfile(Ada): ...', 'C:\\xampp\\htdocs...', 48, Array)
#1 C:\xampp\htdocs\diskominfo.bolmutkab.go.id\app\Views\web\aplikasi.php(48): readfile('Ada')
#2 C:\xampp\htdocs\diskominfo.bolmutkab.go.id\system\View\View.php(214): include('C:\\xampp\\htdocs...')
#3 C:\xampp\htdocs\diskominfo.bolmutkab.go.id\system\View\View.php(217): CodeIgniter\View\View->CodeIgniter\View\{closure}()
#4 C:\xampp\htdocs\diskominfo.bolmutkab.go.id\system\Common.php(1092): CodeIgniter\View\View->render('web/aplikasi', Array, true)
#5 C:\xampp\htdocs\diskominfo.bolmutkab.go.id\app\Controllers\Home.php(131): view('web/aplikasi')
#6 C:\xampp\htdocs\diskominfo.bolmutkab.go.id\system\CodeIgniter.php(802): App\Controllers\Home->aplikasi()
#7 C:\xampp\htdocs\diskominfo.bolmutkab.go.id\system\CodeIgniter.php(399): CodeIgniter\CodeIgniter->runController(Object(App\Controllers\Home))
#8 C:\xampp\htdocs\diskominfo.bolmutkab.go.id\system\CodeIgniter.php(317): CodeIgniter\CodeIgniter->handleRequest(NULL, Object(Config\Cache), false)
#9 C:\xampp\htdocs\diskominfo.bolmutkab.go.id\public\index.php(37): CodeIgniter\CodeIgniter->run()
#10 C:\xampp\htdocs\diskominfo.bolmutkab.go.id\system\Commands\Server\rewrite.php(43): require_once('C:\\xampp\\htdocs...')
#11 {main}
CRITICAL - 2022-01-27 18:43:24 --> readfile(petunjuk.pdf): failed to open stream: No such file or directory
#0 [internal function]: CodeIgniter\Debug\Exceptions->errorHandler(2, 'readfile(petunj...', 'C:\\xampp\\htdocs...', 49, Array)
#1 C:\xampp\htdocs\diskominfo.bolmutkab.go.id\app\Views\web\aplikasi.php(49): readfile('petunjuk.pdf')
#2 C:\xampp\htdocs\diskominfo.bolmutkab.go.id\system\View\View.php(214): include('C:\\xampp\\htdocs...')
#3 C:\xampp\htdocs\diskominfo.bolmutkab.go.id\system\View\View.php(217): CodeIgniter\View\View->CodeIgniter\View\{closure}()
#4 C:\xampp\htdocs\diskominfo.bolmutkab.go.id\system\Common.php(1092): CodeIgniter\View\View->render('web/aplikasi', Array, true)
#5 C:\xampp\htdocs\diskominfo.bolmutkab.go.id\app\Controllers\Home.php(131): view('web/aplikasi')
#6 C:\xampp\htdocs\diskominfo.bolmutkab.go.id\system\CodeIgniter.php(802): App\Controllers\Home->aplikasi()
#7 C:\xampp\htdocs\diskominfo.bolmutkab.go.id\system\CodeIgniter.php(399): CodeIgniter\CodeIgniter->runController(Object(App\Controllers\Home))
#8 C:\xampp\htdocs\diskominfo.bolmutkab.go.id\system\CodeIgniter.php(317): CodeIgniter\CodeIgniter->handleRequest(NULL, Object(Config\Cache), false)
#9 C:\xampp\htdocs\diskominfo.bolmutkab.go.id\public\index.php(37): CodeIgniter\CodeIgniter->run()
#10 C:\xampp\htdocs\diskominfo.bolmutkab.go.id\system\Commands\Server\rewrite.php(43): require_once('C:\\xampp\\htdocs...')
#11 {main}
CRITICAL - 2022-01-27 18:51:05 --> readfile(petunjuk.pdf): failed to open stream: No such file or directory
#0 [internal function]: CodeIgniter\Debug\Exceptions->errorHandler(2, 'readfile(petunj...', 'C:\\xampp\\htdocs...', 49, Array)
#1 C:\xampp\htdocs\diskominfo.bolmutkab.go.id\app\Views\web\aplikasi.php(49): readfile('petunjuk.pdf')
#2 C:\xampp\htdocs\diskominfo.bolmutkab.go.id\system\View\View.php(214): include('C:\\xampp\\htdocs...')
#3 C:\xampp\htdocs\diskominfo.bolmutkab.go.id\system\View\View.php(217): CodeIgniter\View\View->CodeIgniter\View\{closure}()
#4 C:\xampp\htdocs\diskominfo.bolmutkab.go.id\system\Common.php(1092): CodeIgniter\View\View->render('web/aplikasi', Array, true)
#5 C:\xampp\htdocs\diskominfo.bolmutkab.go.id\app\Controllers\Home.php(131): view('web/aplikasi')
#6 C:\xampp\htdocs\diskominfo.bolmutkab.go.id\system\CodeIgniter.php(802): App\Controllers\Home->aplikasi()
#7 C:\xampp\htdocs\diskominfo.bolmutkab.go.id\system\CodeIgniter.php(399): CodeIgniter\CodeIgniter->runController(Object(App\Controllers\Home))
#8 C:\xampp\htdocs\diskominfo.bolmutkab.go.id\system\CodeIgniter.php(317): CodeIgniter\CodeIgniter->handleRequest(NULL, Object(Config\Cache), false)
#9 C:\xampp\htdocs\diskominfo.bolmutkab.go.id\public\index.php(37): CodeIgniter\CodeIgniter->run()
#10 C:\xampp\htdocs\diskominfo.bolmutkab.go.id\system\Commands\Server\rewrite.php(43): require_once('C:\\xampp\\htdocs...')
#11 {main}
CRITICAL - 2022-01-27 19:44:30 --> Undefined variable: action
#0 C:\xampp\htdocs\diskominfo.bolmutkab.go.id\app\Views\backend\hukum\input_hukum.php(86): CodeIgniter\Debug\Exceptions->errorHandler(8, 'Undefined varia...', 'C:\\xampp\\htdocs...', 86, Array)
#1 C:\xampp\htdocs\diskominfo.bolmutkab.go.id\system\View\View.php(214): include('C:\\xampp\\htdocs...')
#2 C:\xampp\htdocs\diskominfo.bolmutkab.go.id\system\View\View.php(217): CodeIgniter\View\View->CodeIgniter\View\{closure}()
#3 C:\xampp\htdocs\diskominfo.bolmutkab.go.id\system\Common.php(1092): CodeIgniter\View\View->render('backend/hukum/i...', Array, true)
#4 C:\xampp\htdocs\diskominfo.bolmutkab.go.id\app\Controllers\Backend\Hukum.php(101): view('backend/hukum/i...')
#5 C:\xampp\htdocs\diskominfo.bolmutkab.go.id\system\CodeIgniter.php(802): App\Controllers\Backend\Hukum->hukum_input()
#6 C:\xampp\htdocs\diskominfo.bolmutkab.go.id\system\CodeIgniter.php(399): CodeIgniter\CodeIgniter->runController(Object(App\Controllers\Backend\Hukum))
#7 C:\xampp\htdocs\diskominfo.bolmutkab.go.id\system\CodeIgniter.php(317): CodeIgniter\CodeIgniter->handleRequest(NULL, Object(Config\Cache), false)
#8 C:\xampp\htdocs\diskominfo.bolmutkab.go.id\public\index.php(37): CodeIgniter\CodeIgniter->run()
#9 C:\xampp\htdocs\diskominfo.bolmutkab.go.id\system\Commands\Server\rewrite.php(43): require_once('C:\\xampp\\htdocs...')
#10 {main}
