CRITICAL - 2021-11-14 01:11:45 --> Undefined variable: aplikasi1
#0 C:\xampp\htdocs\ci-4\app\Views\admin\aplikasi\aplikasiadmin.php(35): CodeIgniter\Debug\Exceptions->errorHandler(8, 'Undefined varia...', 'C:\\xampp\\htdocs...', 35, Array)
#1 C:\xampp\htdocs\ci-4\system\View\View.php(214): include('C:\\xampp\\htdocs...')
#2 C:\xampp\htdocs\ci-4\system\View\View.php(217): CodeIgniter\View\View->CodeIgniter\View\{closure}()
#3 C:\xampp\htdocs\ci-4\system\Common.php(1092): CodeIgniter\View\View->render('admin/aplikasi/...', Array, true)
#4 C:\xampp\htdocs\ci-4\app\Controllers\Admin\Aplikasiadmin.php(3): view('admin/aplikasi/...')
#5 C:\xampp\htdocs\ci-4\system\Router\Router.php(491): include_once('C:\\xampp\\htdocs...')
#6 C:\xampp\htdocs\ci-4\system\Router\Router.php(160): CodeIgniter\Router\Router->autoRoute('admin/aplikasia...')
#7 C:\xampp\htdocs\ci-4\system\CodeIgniter.php(702): CodeIgniter\Router\Router->handle('admin/aplikasia...')
#8 C:\xampp\htdocs\ci-4\system\CodeIgniter.php(358): CodeIgniter\CodeIgniter->tryToRouteIt(Object(CodeIgniter\Router\RouteCollection))
#9 C:\xampp\htdocs\ci-4\system\CodeIgniter.php(317): CodeIgniter\CodeIgniter->handleRequest(NULL, Object(Config\Cache), false)
#10 C:\xampp\htdocs\ci-4\public\index.php(37): CodeIgniter\CodeIgniter->run()
#11 C:\xampp\htdocs\ci-4\system\Commands\Server\rewrite.php(43): require_once('C:\\xampp\\htdocs...')
#12 {main}
CRITICAL - 2021-11-14 01:14:07 --> Undefined variable: aplikasi1
#0 C:\xampp\htdocs\ci-4\app\Views\admin\aplikasi\aplikasiadmin.php(35): CodeIgniter\Debug\Exceptions->errorHandler(8, 'Undefined varia...', 'C:\\xampp\\htdocs...', 35, Array)
#1 C:\xampp\htdocs\ci-4\system\View\View.php(214): include('C:\\xampp\\htdocs...')
#2 C:\xampp\htdocs\ci-4\system\View\View.php(217): CodeIgniter\View\View->CodeIgniter\View\{closure}()
#3 C:\xampp\htdocs\ci-4\system\Common.php(1092): CodeIgniter\View\View->render('admin/aplikasi/...', Array, true)
#4 C:\xampp\htdocs\ci-4\app\Controllers\Admin\Aplikasiadmin.php(3): view('admin/aplikasi/...')
#5 C:\xampp\htdocs\ci-4\system\Router\Router.php(491): include_once('C:\\xampp\\htdocs...')
#6 C:\xampp\htdocs\ci-4\system\Router\Router.php(160): CodeIgniter\Router\Router->autoRoute('admin/aplikasia...')
#7 C:\xampp\htdocs\ci-4\system\CodeIgniter.php(702): CodeIgniter\Router\Router->handle('admin/aplikasia...')
#8 C:\xampp\htdocs\ci-4\system\CodeIgniter.php(358): CodeIgniter\CodeIgniter->tryToRouteIt(Object(CodeIgniter\Router\RouteCollection))
#9 C:\xampp\htdocs\ci-4\system\CodeIgniter.php(317): CodeIgniter\CodeIgniter->handleRequest(NULL, Object(Config\Cache), false)
#10 C:\xampp\htdocs\ci-4\public\index.php(37): CodeIgniter\CodeIgniter->run()
#11 C:\xampp\htdocs\ci-4\system\Commands\Server\rewrite.php(43): require_once('C:\\xampp\\htdocs...')
#12 {main}
CRITICAL - 2021-11-14 01:14:52 --> Undefined variable: aplikasi1
#0 C:\xampp\htdocs\ci-4\app\Views\admin\aplikasi\aplikasiadmin.php(35): CodeIgniter\Debug\Exceptions->errorHandler(8, 'Undefined varia...', 'C:\\xampp\\htdocs...', 35, Array)
#1 C:\xampp\htdocs\ci-4\system\View\View.php(214): include('C:\\xampp\\htdocs...')
#2 C:\xampp\htdocs\ci-4\system\View\View.php(217): CodeIgniter\View\View->CodeIgniter\View\{closure}()
#3 C:\xampp\htdocs\ci-4\system\Common.php(1092): CodeIgniter\View\View->render('admin/aplikasi/...', Array, true)
#4 C:\xampp\htdocs\ci-4\app\Controllers\Admin\Aplikasiadmin.php(3): view('admin/aplikasi/...')
#5 C:\xampp\htdocs\ci-4\system\Router\Router.php(491): include_once('C:\\xampp\\htdocs...')
#6 C:\xampp\htdocs\ci-4\system\Router\Router.php(160): CodeIgniter\Router\Router->autoRoute('admin/aplikasia...')
#7 C:\xampp\htdocs\ci-4\system\CodeIgniter.php(702): CodeIgniter\Router\Router->handle('admin/aplikasia...')
#8 C:\xampp\htdocs\ci-4\system\CodeIgniter.php(358): CodeIgniter\CodeIgniter->tryToRouteIt(Object(CodeIgniter\Router\RouteCollection))
#9 C:\xampp\htdocs\ci-4\system\CodeIgniter.php(317): CodeIgniter\CodeIgniter->handleRequest(NULL, Object(Config\Cache), false)
#10 C:\xampp\htdocs\ci-4\public\index.php(37): CodeIgniter\CodeIgniter->run()
#11 C:\xampp\htdocs\ci-4\system\Commands\Server\rewrite.php(43): require_once('C:\\xampp\\htdocs...')
#12 {main}
CRITICAL - 2021-11-14 01:29:09 --> Undefined variable: aplikasi1
#0 C:\xampp\htdocs\ci-4\app\Views\admin\aplikasi\aplikasiadmin.php(35): CodeIgniter\Debug\Exceptions->errorHandler(8, 'Undefined varia...', 'C:\\xampp\\htdocs...', 35, Array)
#1 C:\xampp\htdocs\ci-4\system\View\View.php(214): include('C:\\xampp\\htdocs...')
#2 C:\xampp\htdocs\ci-4\system\View\View.php(217): CodeIgniter\View\View->CodeIgniter\View\{closure}()
#3 C:\xampp\htdocs\ci-4\system\Common.php(1092): CodeIgniter\View\View->render('admin/aplikasi/...', Array, true)
#4 C:\xampp\htdocs\ci-4\app\Controllers\Admin\Aplikasiadmin.php(3): view('admin/aplikasi/...')
#5 C:\xampp\htdocs\ci-4\system\Router\Router.php(491): include_once('C:\\xampp\\htdocs...')
#6 C:\xampp\htdocs\ci-4\system\Router\Router.php(160): CodeIgniter\Router\Router->autoRoute('admin/aplikasia...')
#7 C:\xampp\htdocs\ci-4\system\CodeIgniter.php(702): CodeIgniter\Router\Router->handle('admin/aplikasia...')
#8 C:\xampp\htdocs\ci-4\system\CodeIgniter.php(358): CodeIgniter\CodeIgniter->tryToRouteIt(Object(CodeIgniter\Router\RouteCollection))
#9 C:\xampp\htdocs\ci-4\system\CodeIgniter.php(317): CodeIgniter\CodeIgniter->handleRequest(NULL, Object(Config\Cache), false)
#10 C:\xampp\htdocs\ci-4\public\index.php(37): CodeIgniter\CodeIgniter->run()
#11 C:\xampp\htdocs\ci-4\system\Commands\Server\rewrite.php(43): require_once('C:\\xampp\\htdocs...')
#12 {main}
CRITICAL - 2021-11-14 01:30:17 --> Undefined variable: aplikasi1
#0 C:\xampp\htdocs\ci-4\app\Views\admin\aplikasi\aplikasiadmin.php(35): CodeIgniter\Debug\Exceptions->errorHandler(8, 'Undefined varia...', 'C:\\xampp\\htdocs...', 35, Array)
#1 C:\xampp\htdocs\ci-4\system\View\View.php(214): include('C:\\xampp\\htdocs...')
#2 C:\xampp\htdocs\ci-4\system\View\View.php(217): CodeIgniter\View\View->CodeIgniter\View\{closure}()
#3 C:\xampp\htdocs\ci-4\system\Common.php(1092): CodeIgniter\View\View->render('admin/aplikasi/...', Array, true)
#4 C:\xampp\htdocs\ci-4\app\Controllers\Admin\Aplikasiadmin.php(3): view('admin/aplikasi/...')
#5 C:\xampp\htdocs\ci-4\system\Router\Router.php(491): include_once('C:\\xampp\\htdocs...')
#6 C:\xampp\htdocs\ci-4\system\Router\Router.php(160): CodeIgniter\Router\Router->autoRoute('admin/aplikasia...')
#7 C:\xampp\htdocs\ci-4\system\CodeIgniter.php(702): CodeIgniter\Router\Router->handle('admin/aplikasia...')
#8 C:\xampp\htdocs\ci-4\system\CodeIgniter.php(358): CodeIgniter\CodeIgniter->tryToRouteIt(Object(CodeIgniter\Router\RouteCollection))
#9 C:\xampp\htdocs\ci-4\system\CodeIgniter.php(317): CodeIgniter\CodeIgniter->handleRequest(NULL, Object(Config\Cache), false)
#10 C:\xampp\htdocs\ci-4\public\index.php(37): CodeIgniter\CodeIgniter->run()
#11 C:\xampp\htdocs\ci-4\system\Commands\Server\rewrite.php(43): require_once('C:\\xampp\\htdocs...')
#12 {main}
CRITICAL - 2021-11-14 01:31:38 --> Invalid argument supplied for foreach()
#0 C:\xampp\htdocs\ci-4\app\Views\admin\aplikasi\aplikasiadmin.php(35): CodeIgniter\Debug\Exceptions->errorHandler(2, 'Invalid argumen...', 'C:\\xampp\\htdocs...', 35, Array)
#1 C:\xampp\htdocs\ci-4\system\View\View.php(214): include('C:\\xampp\\htdocs...')
#2 C:\xampp\htdocs\ci-4\system\View\View.php(217): CodeIgniter\View\View->CodeIgniter\View\{closure}()
#3 C:\xampp\htdocs\ci-4\system\Common.php(1092): CodeIgniter\View\View->render('admin/aplikasi/...', Array, true)
#4 C:\xampp\htdocs\ci-4\app\Controllers\Admin\Aplikasiadmin.php(3): view('admin/aplikasi/...')
#5 C:\xampp\htdocs\ci-4\system\Router\Router.php(491): include_once('C:\\xampp\\htdocs...')
#6 C:\xampp\htdocs\ci-4\system\Router\Router.php(160): CodeIgniter\Router\Router->autoRoute('admin/aplikasia...')
#7 C:\xampp\htdocs\ci-4\system\CodeIgniter.php(702): CodeIgniter\Router\Router->handle('admin/aplikasia...')
#8 C:\xampp\htdocs\ci-4\system\CodeIgniter.php(358): CodeIgniter\CodeIgniter->tryToRouteIt(Object(CodeIgniter\Router\RouteCollection))
#9 C:\xampp\htdocs\ci-4\system\CodeIgniter.php(317): CodeIgniter\CodeIgniter->handleRequest(NULL, Object(Config\Cache), false)
#10 C:\xampp\htdocs\ci-4\public\index.php(37): CodeIgniter\CodeIgniter->run()
#11 C:\xampp\htdocs\ci-4\system\Commands\Server\rewrite.php(43): require_once('C:\\xampp\\htdocs...')
#12 {main}
CRITICAL - 2021-11-14 01:33:37 --> Undefined variable: aplikasi1
#0 C:\xampp\htdocs\ci-4\app\Views\admin\aplikasi\aplikasiadmin.php(35): CodeIgniter\Debug\Exceptions->errorHandler(8, 'Undefined varia...', 'C:\\xampp\\htdocs...', 35, Array)
#1 C:\xampp\htdocs\ci-4\system\View\View.php(214): include('C:\\xampp\\htdocs...')
#2 C:\xampp\htdocs\ci-4\system\View\View.php(217): CodeIgniter\View\View->CodeIgniter\View\{closure}()
#3 C:\xampp\htdocs\ci-4\system\Common.php(1092): CodeIgniter\View\View->render('admin/aplikasi/...', Array, true)
#4 C:\xampp\htdocs\ci-4\app\Controllers\Admin\Aplikasiadmin.php(3): view('admin/aplikasi/...')
#5 C:\xampp\htdocs\ci-4\system\Router\Router.php(491): include_once('C:\\xampp\\htdocs...')
#6 C:\xampp\htdocs\ci-4\system\Router\Router.php(160): CodeIgniter\Router\Router->autoRoute('admin/aplikasia...')
#7 C:\xampp\htdocs\ci-4\system\CodeIgniter.php(702): CodeIgniter\Router\Router->handle('admin/aplikasia...')
#8 C:\xampp\htdocs\ci-4\system\CodeIgniter.php(358): CodeIgniter\CodeIgniter->tryToRouteIt(Object(CodeIgniter\Router\RouteCollection))
#9 C:\xampp\htdocs\ci-4\system\CodeIgniter.php(317): CodeIgniter\CodeIgniter->handleRequest(NULL, Object(Config\Cache), false)
#10 C:\xampp\htdocs\ci-4\public\index.php(37): CodeIgniter\CodeIgniter->run()
#11 C:\xampp\htdocs\ci-4\system\Commands\Server\rewrite.php(43): require_once('C:\\xampp\\htdocs...')
#12 {main}
CRITICAL - 2021-11-14 01:40:32 --> Undefined variable: aplikasi1
#0 C:\xampp\htdocs\ci-4\app\Views\admin\aplikasi\aplikasiadmin.php(35): CodeIgniter\Debug\Exceptions->errorHandler(8, 'Undefined varia...', 'C:\\xampp\\htdocs...', 35, Array)
#1 C:\xampp\htdocs\ci-4\system\View\View.php(214): include('C:\\xampp\\htdocs...')
#2 C:\xampp\htdocs\ci-4\system\View\View.php(217): CodeIgniter\View\View->CodeIgniter\View\{closure}()
#3 C:\xampp\htdocs\ci-4\system\Common.php(1092): CodeIgniter\View\View->render('admin/aplikasi/...', Array, true)
#4 C:\xampp\htdocs\ci-4\app\Controllers\Admin\Aplikasiadmin.php(3): view('admin/aplikasi/...')
#5 C:\xampp\htdocs\ci-4\system\Router\Router.php(491): include_once('C:\\xampp\\htdocs...')
#6 C:\xampp\htdocs\ci-4\system\Router\Router.php(160): CodeIgniter\Router\Router->autoRoute('admin/aplikasia...')
#7 C:\xampp\htdocs\ci-4\system\CodeIgniter.php(702): CodeIgniter\Router\Router->handle('admin/aplikasia...')
#8 C:\xampp\htdocs\ci-4\system\CodeIgniter.php(358): CodeIgniter\CodeIgniter->tryToRouteIt(Object(CodeIgniter\Router\RouteCollection))
#9 C:\xampp\htdocs\ci-4\system\CodeIgniter.php(317): CodeIgniter\CodeIgniter->handleRequest(NULL, Object(Config\Cache), false)
#10 C:\xampp\htdocs\ci-4\public\index.php(37): CodeIgniter\CodeIgniter->run()
#11 C:\xampp\htdocs\ci-4\system\Commands\Server\rewrite.php(43): require_once('C:\\xampp\\htdocs...')
#12 {main}
CRITICAL - 2021-11-14 01:49:12 --> Class 'Config\CodeIgniter\Config\View' not found
#0 C:\xampp\htdocs\ci-4\system\Autoloader\Autoloader.php(264): include_once()
#1 C:\xampp\htdocs\ci-4\system\Autoloader\Autoloader.php(241): CodeIgniter\Autoloader\Autoloader->includeFile('C:\\xampp\\htdocs...')
#2 C:\xampp\htdocs\ci-4\system\Autoloader\Autoloader.php(219): CodeIgniter\Autoloader\Autoloader->loadInNamespace('Config\\View')
#3 [internal function]: CodeIgniter\Autoloader\Autoloader->loadClass('Config\\View')
#4 [internal function]: spl_autoload_call('Config\\View')
#5 C:\xampp\htdocs\ci-4\system\Config\Factories.php(136): class_exists('Config\\View')
#6 C:\xampp\htdocs\ci-4\system\Config\Factories.php(106): CodeIgniter\Config\Factories::locateClass(Array, 'View')
#7 C:\xampp\htdocs\ci-4\system\Common.php(197): CodeIgniter\Config\Factories::__callStatic('config', Array)
#8 C:\xampp\htdocs\ci-4\system\Config\Services.php(445): config('View')
#9 C:\xampp\htdocs\ci-4\system\Config\BaseService.php(248): CodeIgniter\Config\Services::renderer('C:\\xampp\\htdocs...', NULL, false)
#10 C:\xampp\htdocs\ci-4\system\Config\BaseService.php(189): CodeIgniter\Config\BaseService::__callStatic('renderer', Array)
#11 C:\xampp\htdocs\ci-4\system\Config\Services.php(441): CodeIgniter\Config\BaseService::getSharedInstance('renderer', NULL, NULL)
#12 C:\xampp\htdocs\ci-4\system\Config\BaseService.php(248): CodeIgniter\Config\Services::renderer()
#13 C:\xampp\htdocs\ci-4\system\Debug\Toolbar\Collectors\Views.php(81): CodeIgniter\Config\BaseService::__callStatic('renderer', Array)
#14 C:\xampp\htdocs\ci-4\system\Debug\Toolbar.php(62): CodeIgniter\Debug\Toolbar\Collectors\Views->__construct()
#15 C:\xampp\htdocs\ci-4\system\Config\Services.php(626): CodeIgniter\Debug\Toolbar->__construct(Object(Config\Toolbar))
#16 C:\xampp\htdocs\ci-4\system\Config\BaseService.php(248): CodeIgniter\Config\Services::toolbar(Object(Config\Toolbar), false)
#17 C:\xampp\htdocs\ci-4\system\Config\BaseService.php(189): CodeIgniter\Config\BaseService::__callStatic('toolbar', Array)
#18 C:\xampp\htdocs\ci-4\system\Config\Services.php(621): CodeIgniter\Config\BaseService::getSharedInstance('toolbar', NULL)
#19 C:\xampp\htdocs\ci-4\system\Config\BaseService.php(248): CodeIgniter\Config\Services::toolbar()
#20 C:\xampp\htdocs\ci-4\app\Config\Events.php(48): CodeIgniter\Config\BaseService::__callStatic('toolbar', Array)
#21 C:\xampp\htdocs\ci-4\system\Events\Events.php(149): CodeIgniter\Events\Events::Config\{closure}()
#22 C:\xampp\htdocs\ci-4\system\CodeIgniter.php(299): CodeIgniter\Events\Events::trigger('pre_system')
#23 C:\xampp\htdocs\ci-4\public\index.php(37): CodeIgniter\CodeIgniter->run()
#24 C:\xampp\htdocs\ci-4\system\Commands\Server\rewrite.php(43): require_once('C:\\xampp\\htdocs...')
#25 {main}
CRITICAL - 2021-11-14 01:50:01 --> Undefined variable: aplikasi1
#0 C:\xampp\htdocs\ci-4\app\Views\admin\aplikasi\aplikasiadmin.php(35): CodeIgniter\Debug\Exceptions->errorHandler(8, 'Undefined varia...', 'C:\\xampp\\htdocs...', 35, Array)
#1 C:\xampp\htdocs\ci-4\system\View\View.php(214): include('C:\\xampp\\htdocs...')
#2 C:\xampp\htdocs\ci-4\system\View\View.php(217): CodeIgniter\View\View->CodeIgniter\View\{closure}()
#3 C:\xampp\htdocs\ci-4\system\Common.php(1092): CodeIgniter\View\View->render('admin/aplikasi/...', Array, true)
#4 C:\xampp\htdocs\ci-4\app\Controllers\Admin\Aplikasiadmin.php(3): view('admin/aplikasi/...')
#5 C:\xampp\htdocs\ci-4\system\Router\Router.php(491): include_once('C:\\xampp\\htdocs...')
#6 C:\xampp\htdocs\ci-4\system\Router\Router.php(160): CodeIgniter\Router\Router->autoRoute('admin/aplikasia...')
#7 C:\xampp\htdocs\ci-4\system\CodeIgniter.php(702): CodeIgniter\Router\Router->handle('admin/aplikasia...')
#8 C:\xampp\htdocs\ci-4\system\CodeIgniter.php(358): CodeIgniter\CodeIgniter->tryToRouteIt(Object(CodeIgniter\Router\RouteCollection))
#9 C:\xampp\htdocs\ci-4\system\CodeIgniter.php(317): CodeIgniter\CodeIgniter->handleRequest(NULL, Object(Config\Cache), false)
#10 C:\xampp\htdocs\ci-4\public\index.php(37): CodeIgniter\CodeIgniter->run()
#11 C:\xampp\htdocs\ci-4\system\Commands\Server\rewrite.php(43): require_once('C:\\xampp\\htdocs...')
#12 {main}
CRITICAL - 2021-11-14 01:51:39 --> Undefined variable: aplikasi1
#0 C:\xampp\htdocs\ci-4\app\Views\admin\aplikasi\aplikasiadmin.php(35): CodeIgniter\Debug\Exceptions->errorHandler(8, 'Undefined varia...', 'C:\\xampp\\htdocs...', 35, Array)
#1 C:\xampp\htdocs\ci-4\system\View\View.php(214): include('C:\\xampp\\htdocs...')
#2 C:\xampp\htdocs\ci-4\system\View\View.php(217): CodeIgniter\View\View->CodeIgniter\View\{closure}()
#3 C:\xampp\htdocs\ci-4\system\Common.php(1092): CodeIgniter\View\View->render('admin/aplikasi/...', Array, true)
#4 C:\xampp\htdocs\ci-4\app\Controllers\Admin\Aplikasiadmin.php(3): view('admin/aplikasi/...')
#5 C:\xampp\htdocs\ci-4\system\Router\Router.php(491): include_once('C:\\xampp\\htdocs...')
#6 C:\xampp\htdocs\ci-4\system\Router\Router.php(160): CodeIgniter\Router\Router->autoRoute('admin/aplikasia...')
#7 C:\xampp\htdocs\ci-4\system\CodeIgniter.php(702): CodeIgniter\Router\Router->handle('admin/aplikasia...')
#8 C:\xampp\htdocs\ci-4\system\CodeIgniter.php(358): CodeIgniter\CodeIgniter->tryToRouteIt(Object(CodeIgniter\Router\RouteCollection))
#9 C:\xampp\htdocs\ci-4\system\CodeIgniter.php(317): CodeIgniter\CodeIgniter->handleRequest(NULL, Object(Config\Cache), false)
#10 C:\xampp\htdocs\ci-4\public\index.php(37): CodeIgniter\CodeIgniter->run()
#11 C:\xampp\htdocs\ci-4\system\Commands\Server\rewrite.php(43): require_once('C:\\xampp\\htdocs...')
#12 {main}
CRITICAL - 2021-11-14 04:12:26 --> Undefined variable: aplikasi1
#0 C:\xampp\htdocs\ci-4\app\Views\admin\aplikasi\aplikasiadmin.php(35): CodeIgniter\Debug\Exceptions->errorHandler(8, 'Undefined varia...', 'C:\\xampp\\htdocs...', 35, Array)
#1 C:\xampp\htdocs\ci-4\system\View\View.php(214): include('C:\\xampp\\htdocs...')
#2 C:\xampp\htdocs\ci-4\system\View\View.php(217): CodeIgniter\View\View->CodeIgniter\View\{closure}()
#3 C:\xampp\htdocs\ci-4\system\Common.php(1092): CodeIgniter\View\View->render('admin/aplikasi/...', Array, true)
#4 C:\xampp\htdocs\ci-4\app\Controllers\Admin\Aplikasiadmin.php(3): view('admin/aplikasi/...')
#5 C:\xampp\htdocs\ci-4\system\Router\Router.php(491): include_once('C:\\xampp\\htdocs...')
#6 C:\xampp\htdocs\ci-4\system\Router\Router.php(160): CodeIgniter\Router\Router->autoRoute('admin/aplikasia...')
#7 C:\xampp\htdocs\ci-4\system\CodeIgniter.php(702): CodeIgniter\Router\Router->handle('admin/aplikasia...')
#8 C:\xampp\htdocs\ci-4\system\CodeIgniter.php(358): CodeIgniter\CodeIgniter->tryToRouteIt(Object(CodeIgniter\Router\RouteCollection))
#9 C:\xampp\htdocs\ci-4\system\CodeIgniter.php(317): CodeIgniter\CodeIgniter->handleRequest(NULL, Object(Config\Cache), false)
#10 C:\xampp\htdocs\ci-4\public\index.php(37): CodeIgniter\CodeIgniter->run()
#11 C:\xampp\htdocs\ci-4\system\Commands\Server\rewrite.php(43): require_once('C:\\xampp\\htdocs...')
#12 {main}
CRITICAL - 2021-11-14 04:50:34 --> Undefined variable: aplikasi1
#0 C:\xampp\htdocs\ci-4\app\Views\admin\aplikasi\aplikasiadmin.php(35): CodeIgniter\Debug\Exceptions->errorHandler(8, 'Undefined varia...', 'C:\\xampp\\htdocs...', 35, Array)
#1 C:\xampp\htdocs\ci-4\system\View\View.php(214): include('C:\\xampp\\htdocs...')
#2 C:\xampp\htdocs\ci-4\system\View\View.php(217): CodeIgniter\View\View->CodeIgniter\View\{closure}()
#3 C:\xampp\htdocs\ci-4\system\Common.php(1092): CodeIgniter\View\View->render('admin/aplikasi/...', Array, true)
#4 C:\xampp\htdocs\ci-4\app\Controllers\Admin\Aplikasiadmin.php(3): view('admin/aplikasi/...')
#5 C:\xampp\htdocs\ci-4\system\Router\Router.php(491): include_once('C:\\xampp\\htdocs...')
#6 C:\xampp\htdocs\ci-4\system\Router\Router.php(160): CodeIgniter\Router\Router->autoRoute('admin/aplikasia...')
#7 C:\xampp\htdocs\ci-4\system\CodeIgniter.php(702): CodeIgniter\Router\Router->handle('admin/aplikasia...')
#8 C:\xampp\htdocs\ci-4\system\CodeIgniter.php(358): CodeIgniter\CodeIgniter->tryToRouteIt(Object(CodeIgniter\Router\RouteCollection))
#9 C:\xampp\htdocs\ci-4\system\CodeIgniter.php(317): CodeIgniter\CodeIgniter->handleRequest(NULL, Object(Config\Cache), false)
#10 C:\xampp\htdocs\ci-4\public\index.php(37): CodeIgniter\CodeIgniter->run()
#11 C:\xampp\htdocs\ci-4\system\Commands\Server\rewrite.php(43): require_once('C:\\xampp\\htdocs...')
#12 {main}
CRITICAL - 2021-11-14 04:52:34 --> Undefined variable: aplikasi1
#0 C:\xampp\htdocs\ci-4\app\Views\admin\aplikasi\aplikasiadmin.php(35): CodeIgniter\Debug\Exceptions->errorHandler(8, 'Undefined varia...', 'C:\\xampp\\htdocs...', 35, Array)
#1 C:\xampp\htdocs\ci-4\system\View\View.php(214): include('C:\\xampp\\htdocs...')
#2 C:\xampp\htdocs\ci-4\system\View\View.php(217): CodeIgniter\View\View->CodeIgniter\View\{closure}()
#3 C:\xampp\htdocs\ci-4\system\Common.php(1092): CodeIgniter\View\View->render('admin/aplikasi/...', Array, true)
#4 C:\xampp\htdocs\ci-4\app\Controllers\Admin\Aplikasiadmin.php(3): view('admin/aplikasi/...')
#5 C:\xampp\htdocs\ci-4\system\Router\Router.php(491): include_once('C:\\xampp\\htdocs...')
#6 C:\xampp\htdocs\ci-4\system\Router\Router.php(160): CodeIgniter\Router\Router->autoRoute('admin/aplikasia...')
#7 C:\xampp\htdocs\ci-4\system\CodeIgniter.php(702): CodeIgniter\Router\Router->handle('admin/aplikasia...')
#8 C:\xampp\htdocs\ci-4\system\CodeIgniter.php(358): CodeIgniter\CodeIgniter->tryToRouteIt(Object(CodeIgniter\Router\RouteCollection))
#9 C:\xampp\htdocs\ci-4\system\CodeIgniter.php(317): CodeIgniter\CodeIgniter->handleRequest(NULL, Object(Config\Cache), false)
#10 C:\xampp\htdocs\ci-4\public\index.php(37): CodeIgniter\CodeIgniter->run()
#11 C:\xampp\htdocs\ci-4\system\Commands\Server\rewrite.php(43): require_once('C:\\xampp\\htdocs...')
#12 {main}
CRITICAL - 2021-11-14 04:52:36 --> Undefined variable: aplikasi1
#0 C:\xampp\htdocs\ci-4\app\Views\admin\aplikasi\aplikasiadmin.php(35): CodeIgniter\Debug\Exceptions->errorHandler(8, 'Undefined varia...', 'C:\\xampp\\htdocs...', 35, Array)
#1 C:\xampp\htdocs\ci-4\system\View\View.php(214): include('C:\\xampp\\htdocs...')
#2 C:\xampp\htdocs\ci-4\system\View\View.php(217): CodeIgniter\View\View->CodeIgniter\View\{closure}()
#3 C:\xampp\htdocs\ci-4\system\Common.php(1092): CodeIgniter\View\View->render('admin/aplikasi/...', Array, true)
#4 C:\xampp\htdocs\ci-4\app\Controllers\Admin\Aplikasiadmin.php(3): view('admin/aplikasi/...')
#5 C:\xampp\htdocs\ci-4\system\Router\Router.php(491): include_once('C:\\xampp\\htdocs...')
#6 C:\xampp\htdocs\ci-4\system\Router\Router.php(160): CodeIgniter\Router\Router->autoRoute('admin/aplikasia...')
#7 C:\xampp\htdocs\ci-4\system\CodeIgniter.php(702): CodeIgniter\Router\Router->handle('admin/aplikasia...')
#8 C:\xampp\htdocs\ci-4\system\CodeIgniter.php(358): CodeIgniter\CodeIgniter->tryToRouteIt(Object(CodeIgniter\Router\RouteCollection))
#9 C:\xampp\htdocs\ci-4\system\CodeIgniter.php(317): CodeIgniter\CodeIgniter->handleRequest(NULL, Object(Config\Cache), false)
#10 C:\xampp\htdocs\ci-4\public\index.php(37): CodeIgniter\CodeIgniter->run()
#11 C:\xampp\htdocs\ci-4\system\Commands\Server\rewrite.php(43): require_once('C:\\xampp\\htdocs...')
#12 {main}
CRITICAL - 2021-11-14 04:53:04 --> Undefined variable: aplikasi1
#0 C:\xampp\htdocs\ci-4\app\Views\admin\aplikasi\aplikasiadmin.php(35): CodeIgniter\Debug\Exceptions->errorHandler(8, 'Undefined varia...', 'C:\\xampp\\htdocs...', 35, Array)
#1 C:\xampp\htdocs\ci-4\system\View\View.php(214): include('C:\\xampp\\htdocs...')
#2 C:\xampp\htdocs\ci-4\system\View\View.php(217): CodeIgniter\View\View->CodeIgniter\View\{closure}()
#3 C:\xampp\htdocs\ci-4\system\Common.php(1092): CodeIgniter\View\View->render('admin/aplikasi/...', Array, true)
#4 C:\xampp\htdocs\ci-4\app\Controllers\Admin\Aplikasiadmin.php(3): view('admin/aplikasi/...')
#5 C:\xampp\htdocs\ci-4\system\Router\Router.php(491): include_once('C:\\xampp\\htdocs...')
#6 C:\xampp\htdocs\ci-4\system\Router\Router.php(160): CodeIgniter\Router\Router->autoRoute('admin/aplikasia...')
#7 C:\xampp\htdocs\ci-4\system\CodeIgniter.php(702): CodeIgniter\Router\Router->handle('admin/aplikasia...')
#8 C:\xampp\htdocs\ci-4\system\CodeIgniter.php(358): CodeIgniter\CodeIgniter->tryToRouteIt(Object(CodeIgniter\Router\RouteCollection))
#9 C:\xampp\htdocs\ci-4\system\CodeIgniter.php(317): CodeIgniter\CodeIgniter->handleRequest(NULL, Object(Config\Cache), false)
#10 C:\xampp\htdocs\ci-4\public\index.php(37): CodeIgniter\CodeIgniter->run()
#11 C:\xampp\htdocs\ci-4\system\Commands\Server\rewrite.php(43): require_once('C:\\xampp\\htdocs...')
#12 {main}
CRITICAL - 2021-11-14 06:06:00 --> Undefined variable: aplikasi1
#0 C:\xampp\htdocs\ci-4\app\Views\admin\aplikasi\aplikasiadmin.php(35): CodeIgniter\Debug\Exceptions->errorHandler(8, 'Undefined varia...', 'C:\\xampp\\htdocs...', 35, Array)
#1 C:\xampp\htdocs\ci-4\system\View\View.php(214): include('C:\\xampp\\htdocs...')
#2 C:\xampp\htdocs\ci-4\system\View\View.php(217): CodeIgniter\View\View->CodeIgniter\View\{closure}()
#3 C:\xampp\htdocs\ci-4\system\Common.php(1092): CodeIgniter\View\View->render('admin/aplikasi/...', Array, true)
#4 C:\xampp\htdocs\ci-4\app\Controllers\Admin\Aplikasiadmin.php(3): view('admin/aplikasi/...')
#5 C:\xampp\htdocs\ci-4\system\Router\Router.php(491): include_once('C:\\xampp\\htdocs...')
#6 C:\xampp\htdocs\ci-4\system\Router\Router.php(160): CodeIgniter\Router\Router->autoRoute('admin/aplikasia...')
#7 C:\xampp\htdocs\ci-4\system\CodeIgniter.php(702): CodeIgniter\Router\Router->handle('admin/aplikasia...')
#8 C:\xampp\htdocs\ci-4\system\CodeIgniter.php(358): CodeIgniter\CodeIgniter->tryToRouteIt(Object(CodeIgniter\Router\RouteCollection))
#9 C:\xampp\htdocs\ci-4\system\CodeIgniter.php(317): CodeIgniter\CodeIgniter->handleRequest(NULL, Object(Config\Cache), false)
#10 C:\xampp\htdocs\ci-4\public\index.php(37): CodeIgniter\CodeIgniter->run()
#11 C:\xampp\htdocs\ci-4\system\Commands\Server\rewrite.php(43): require_once('C:\\xampp\\htdocs...')
#12 {main}
CRITICAL - 2021-11-14 06:38:00 --> Undefined variable: aplikasi1
#0 C:\xampp\htdocs\ci-4\app\Views\admin\aplikasi\aplikasiadmin.php(35): CodeIgniter\Debug\Exceptions->errorHandler(8, 'Undefined varia...', 'C:\\xampp\\htdocs...', 35, Array)
#1 C:\xampp\htdocs\ci-4\system\View\View.php(214): include('C:\\xampp\\htdocs...')
#2 C:\xampp\htdocs\ci-4\system\View\View.php(217): CodeIgniter\View\View->CodeIgniter\View\{closure}()
#3 C:\xampp\htdocs\ci-4\system\Common.php(1092): CodeIgniter\View\View->render('admin/aplikasi/...', Array, true)
#4 C:\xampp\htdocs\ci-4\app\Controllers\Admin\Aplikasiadmin.php(3): view('admin/aplikasi/...')
#5 C:\xampp\htdocs\ci-4\system\Router\Router.php(491): include_once('C:\\xampp\\htdocs...')
#6 C:\xampp\htdocs\ci-4\system\Router\Router.php(160): CodeIgniter\Router\Router->autoRoute('admin/aplikasia...')
#7 C:\xampp\htdocs\ci-4\system\CodeIgniter.php(702): CodeIgniter\Router\Router->handle('admin/aplikasia...')
#8 C:\xampp\htdocs\ci-4\system\CodeIgniter.php(358): CodeIgniter\CodeIgniter->tryToRouteIt(Object(CodeIgniter\Router\RouteCollection))
#9 C:\xampp\htdocs\ci-4\system\CodeIgniter.php(317): CodeIgniter\CodeIgniter->handleRequest(NULL, Object(Config\Cache), false)
#10 C:\xampp\htdocs\ci-4\public\index.php(37): CodeIgniter\CodeIgniter->run()
#11 C:\xampp\htdocs\ci-4\system\Commands\Server\rewrite.php(43): require_once('C:\\xampp\\htdocs...')
#12 {main}
CRITICAL - 2021-11-14 06:38:03 --> Undefined variable: aplikasi1
#0 C:\xampp\htdocs\ci-4\app\Views\admin\aplikasi\aplikasiadmin.php(35): CodeIgniter\Debug\Exceptions->errorHandler(8, 'Undefined varia...', 'C:\\xampp\\htdocs...', 35, Array)
#1 C:\xampp\htdocs\ci-4\system\View\View.php(214): include('C:\\xampp\\htdocs...')
#2 C:\xampp\htdocs\ci-4\system\View\View.php(217): CodeIgniter\View\View->CodeIgniter\View\{closure}()
#3 C:\xampp\htdocs\ci-4\system\Common.php(1092): CodeIgniter\View\View->render('admin/aplikasi/...', Array, true)
#4 C:\xampp\htdocs\ci-4\app\Controllers\Admin\Aplikasiadmin.php(3): view('admin/aplikasi/...')
#5 C:\xampp\htdocs\ci-4\system\Router\Router.php(491): include_once('C:\\xampp\\htdocs...')
#6 C:\xampp\htdocs\ci-4\system\Router\Router.php(160): CodeIgniter\Router\Router->autoRoute('admin/aplikasia...')
#7 C:\xampp\htdocs\ci-4\system\CodeIgniter.php(702): CodeIgniter\Router\Router->handle('admin/aplikasia...')
#8 C:\xampp\htdocs\ci-4\system\CodeIgniter.php(358): CodeIgniter\CodeIgniter->tryToRouteIt(Object(CodeIgniter\Router\RouteCollection))
#9 C:\xampp\htdocs\ci-4\system\CodeIgniter.php(317): CodeIgniter\CodeIgniter->handleRequest(NULL, Object(Config\Cache), false)
#10 C:\xampp\htdocs\ci-4\public\index.php(37): CodeIgniter\CodeIgniter->run()
#11 C:\xampp\htdocs\ci-4\system\Commands\Server\rewrite.php(43): require_once('C:\\xampp\\htdocs...')
#12 {main}
CRITICAL - 2021-11-14 06:52:32 --> Undefined variable: aplikasi1
#0 C:\xampp\htdocs\ci-4\app\Views\admin\aplikasi\aplikasiadmin.php(35): CodeIgniter\Debug\Exceptions->errorHandler(8, 'Undefined varia...', 'C:\\xampp\\htdocs...', 35, Array)
#1 C:\xampp\htdocs\ci-4\system\View\View.php(214): include('C:\\xampp\\htdocs...')
#2 C:\xampp\htdocs\ci-4\system\View\View.php(217): CodeIgniter\View\View->CodeIgniter\View\{closure}()
#3 C:\xampp\htdocs\ci-4\system\Common.php(1092): CodeIgniter\View\View->render('admin/aplikasi/...', Array, true)
#4 C:\xampp\htdocs\ci-4\app\Controllers\Admin\Aplikasiadmin.php(3): view('admin/aplikasi/...')
#5 C:\xampp\htdocs\ci-4\system\Router\Router.php(491): include_once('C:\\xampp\\htdocs...')
#6 C:\xampp\htdocs\ci-4\system\Router\Router.php(160): CodeIgniter\Router\Router->autoRoute('admin/aplikasia...')
#7 C:\xampp\htdocs\ci-4\system\CodeIgniter.php(702): CodeIgniter\Router\Router->handle('admin/aplikasia...')
#8 C:\xampp\htdocs\ci-4\system\CodeIgniter.php(358): CodeIgniter\CodeIgniter->tryToRouteIt(Object(CodeIgniter\Router\RouteCollection))
#9 C:\xampp\htdocs\ci-4\system\CodeIgniter.php(317): CodeIgniter\CodeIgniter->handleRequest(NULL, Object(Config\Cache), false)
#10 C:\xampp\htdocs\ci-4\public\index.php(37): CodeIgniter\CodeIgniter->run()
#11 C:\xampp\htdocs\ci-4\system\Commands\Server\rewrite.php(43): require_once('C:\\xampp\\htdocs...')
#12 {main}
CRITICAL - 2021-11-14 06:54:21 --> Undefined variable: aplikasi1
#0 C:\xampp\htdocs\ci-4\app\Views\admin\aplikasi\aplikasiadmin.php(35): CodeIgniter\Debug\Exceptions->errorHandler(8, 'Undefined varia...', 'C:\\xampp\\htdocs...', 35, Array)
#1 C:\xampp\htdocs\ci-4\system\View\View.php(214): include('C:\\xampp\\htdocs...')
#2 C:\xampp\htdocs\ci-4\system\View\View.php(217): CodeIgniter\View\View->CodeIgniter\View\{closure}()
#3 C:\xampp\htdocs\ci-4\system\Common.php(1092): CodeIgniter\View\View->render('admin/aplikasi/...', Array, true)
#4 C:\xampp\htdocs\ci-4\app\Controllers\Admin\Aplikasiadmin.php(3): view('admin/aplikasi/...')
#5 C:\xampp\htdocs\ci-4\system\Router\Router.php(491): include_once('C:\\xampp\\htdocs...')
#6 C:\xampp\htdocs\ci-4\system\Router\Router.php(160): CodeIgniter\Router\Router->autoRoute('admin/aplikasia...')
#7 C:\xampp\htdocs\ci-4\system\CodeIgniter.php(702): CodeIgniter\Router\Router->handle('admin/aplikasia...')
#8 C:\xampp\htdocs\ci-4\system\CodeIgniter.php(358): CodeIgniter\CodeIgniter->tryToRouteIt(Object(CodeIgniter\Router\RouteCollection))
#9 C:\xampp\htdocs\ci-4\system\CodeIgniter.php(317): CodeIgniter\CodeIgniter->handleRequest(NULL, Object(Config\Cache), false)
#10 C:\xampp\htdocs\ci-4\public\index.php(37): CodeIgniter\CodeIgniter->run()
#11 C:\xampp\htdocs\ci-4\system\Commands\Server\rewrite.php(43): require_once('C:\\xampp\\htdocs...')
#12 {main}
CRITICAL - 2021-11-14 06:58:01 --> Undefined variable: aplikasi1
#0 C:\xampp\htdocs\ci-4\app\Views\admin\aplikasi\aplikasiadmin.php(35): CodeIgniter\Debug\Exceptions->errorHandler(8, 'Undefined varia...', 'C:\\xampp\\htdocs...', 35, Array)
#1 C:\xampp\htdocs\ci-4\system\View\View.php(214): include('C:\\xampp\\htdocs...')
#2 C:\xampp\htdocs\ci-4\system\View\View.php(217): CodeIgniter\View\View->CodeIgniter\View\{closure}()
#3 C:\xampp\htdocs\ci-4\system\Common.php(1092): CodeIgniter\View\View->render('admin/aplikasi/...', Array, true)
#4 C:\xampp\htdocs\ci-4\app\Controllers\Admin\Aplikasiadmin.php(3): view('admin/aplikasi/...')
#5 C:\xampp\htdocs\ci-4\system\Router\Router.php(491): include_once('C:\\xampp\\htdocs...')
#6 C:\xampp\htdocs\ci-4\system\Router\Router.php(160): CodeIgniter\Router\Router->autoRoute('admin/aplikasia...')
#7 C:\xampp\htdocs\ci-4\system\CodeIgniter.php(702): CodeIgniter\Router\Router->handle('admin/aplikasia...')
#8 C:\xampp\htdocs\ci-4\system\CodeIgniter.php(358): CodeIgniter\CodeIgniter->tryToRouteIt(Object(CodeIgniter\Router\RouteCollection))
#9 C:\xampp\htdocs\ci-4\system\CodeIgniter.php(317): CodeIgniter\CodeIgniter->handleRequest(NULL, Object(Config\Cache), false)
#10 C:\xampp\htdocs\ci-4\public\index.php(37): CodeIgniter\CodeIgniter->run()
#11 C:\xampp\htdocs\ci-4\system\Commands\Server\rewrite.php(43): require_once('C:\\xampp\\htdocs...')
#12 {main}
