CRITICAL - 2022-01-17 06:20:13 --> Undefined variable: pns
#0 C:\xampp\htdocs\diskominfo.bolmutkab.go.id\app\Views\backend\pegawai\duk.php(99): CodeIgniter\Debug\Exceptions->errorHandler(8, 'Undefined varia...', 'C:\\xampp\\htdocs...', 99, Array)
#1 C:\xampp\htdocs\diskominfo.bolmutkab.go.id\system\View\View.php(214): include('C:\\xampp\\htdocs...')
#2 C:\xampp\htdocs\diskominfo.bolmutkab.go.id\system\View\View.php(217): CodeIgniter\View\View->CodeIgniter\View\{closure}()
#3 C:\xampp\htdocs\diskominfo.bolmutkab.go.id\system\Common.php(1092): CodeIgniter\View\View->render('backend/pegawai...', Array, true)
#4 C:\xampp\htdocs\diskominfo.bolmutkab.go.id\app\Controllers\Backend\Pegawai.php(34): view('backend/pegawai...')
#5 C:\xampp\htdocs\diskominfo.bolmutkab.go.id\system\CodeIgniter.php(802): App\Controllers\Backend\Pegawai->duk()
#6 C:\xampp\htdocs\diskominfo.bolmutkab.go.id\system\CodeIgniter.php(399): CodeIgniter\CodeIgniter->runController(Object(App\Controllers\Backend\Pegawai))
#7 C:\xampp\htdocs\diskominfo.bolmutkab.go.id\system\CodeIgniter.php(317): CodeIgniter\CodeIgniter->handleRequest(NULL, Object(Config\Cache), false)
#8 C:\xampp\htdocs\diskominfo.bolmutkab.go.id\public\index.php(37): CodeIgniter\CodeIgniter->run()
#9 C:\xampp\htdocs\diskominfo.bolmutkab.go.id\system\Commands\Server\rewrite.php(43): require_once('C:\\xampp\\htdocs...')
#10 {main}
CRITICAL - 2022-01-17 06:22:49 --> Undefined variable: pns
#0 C:\xampp\htdocs\diskominfo.bolmutkab.go.id\app\Views\backend\pegawai\duk.php(99): CodeIgniter\Debug\Exceptions->errorHandler(8, 'Undefined varia...', 'C:\\xampp\\htdocs...', 99, Array)
#1 C:\xampp\htdocs\diskominfo.bolmutkab.go.id\system\View\View.php(214): include('C:\\xampp\\htdocs...')
#2 C:\xampp\htdocs\diskominfo.bolmutkab.go.id\system\View\View.php(217): CodeIgniter\View\View->CodeIgniter\View\{closure}()
#3 C:\xampp\htdocs\diskominfo.bolmutkab.go.id\system\Common.php(1092): CodeIgniter\View\View->render('backend/pegawai...', Array, true)
#4 C:\xampp\htdocs\diskominfo.bolmutkab.go.id\app\Controllers\Backend\Pegawai.php(34): view('backend/pegawai...')
#5 C:\xampp\htdocs\diskominfo.bolmutkab.go.id\system\CodeIgniter.php(802): App\Controllers\Backend\Pegawai->duk()
#6 C:\xampp\htdocs\diskominfo.bolmutkab.go.id\system\CodeIgniter.php(399): CodeIgniter\CodeIgniter->runController(Object(App\Controllers\Backend\Pegawai))
#7 C:\xampp\htdocs\diskominfo.bolmutkab.go.id\system\CodeIgniter.php(317): CodeIgniter\CodeIgniter->handleRequest(NULL, Object(Config\Cache), false)
#8 C:\xampp\htdocs\diskominfo.bolmutkab.go.id\public\index.php(37): CodeIgniter\CodeIgniter->run()
#9 C:\xampp\htdocs\diskominfo.bolmutkab.go.id\system\Commands\Server\rewrite.php(43): require_once('C:\\xampp\\htdocs...')
#10 {main}
CRITICAL - 2022-01-17 06:23:10 --> Undefined variable: pns
#0 C:\xampp\htdocs\diskominfo.bolmutkab.go.id\app\Views\backend\pegawai\duk.php(99): CodeIgniter\Debug\Exceptions->errorHandler(8, 'Undefined varia...', 'C:\\xampp\\htdocs...', 99, Array)
#1 C:\xampp\htdocs\diskominfo.bolmutkab.go.id\system\View\View.php(214): include('C:\\xampp\\htdocs...')
#2 C:\xampp\htdocs\diskominfo.bolmutkab.go.id\system\View\View.php(217): CodeIgniter\View\View->CodeIgniter\View\{closure}()
#3 C:\xampp\htdocs\diskominfo.bolmutkab.go.id\system\Common.php(1092): CodeIgniter\View\View->render('backend/pegawai...', Array, true)
#4 C:\xampp\htdocs\diskominfo.bolmutkab.go.id\app\Controllers\Backend\Pegawai.php(34): view('backend/pegawai...')
#5 C:\xampp\htdocs\diskominfo.bolmutkab.go.id\system\CodeIgniter.php(802): App\Controllers\Backend\Pegawai->duk()
#6 C:\xampp\htdocs\diskominfo.bolmutkab.go.id\system\CodeIgniter.php(399): CodeIgniter\CodeIgniter->runController(Object(App\Controllers\Backend\Pegawai))
#7 C:\xampp\htdocs\diskominfo.bolmutkab.go.id\system\CodeIgniter.php(317): CodeIgniter\CodeIgniter->handleRequest(NULL, Object(Config\Cache), false)
#8 C:\xampp\htdocs\diskominfo.bolmutkab.go.id\public\index.php(37): CodeIgniter\CodeIgniter->run()
#9 C:\xampp\htdocs\diskominfo.bolmutkab.go.id\system\Commands\Server\rewrite.php(43): require_once('C:\\xampp\\htdocs...')
#10 {main}
CRITICAL - 2022-01-17 06:29:27 --> Undefined index: status_kawin
#0 C:\xampp\htdocs\diskominfo.bolmutkab.go.id\app\Views\backend\pegawai\pegawai.php(105): CodeIgniter\Debug\Exceptions->errorHandler(8, 'Undefined index...', 'C:\\xampp\\htdocs...', 105, Array)
#1 C:\xampp\htdocs\diskominfo.bolmutkab.go.id\system\View\View.php(214): include('C:\\xampp\\htdocs...')
#2 C:\xampp\htdocs\diskominfo.bolmutkab.go.id\system\View\View.php(217): CodeIgniter\View\View->CodeIgniter\View\{closure}()
#3 C:\xampp\htdocs\diskominfo.bolmutkab.go.id\system\Common.php(1092): CodeIgniter\View\View->render('backend/pegawai...', Array, true)
#4 C:\xampp\htdocs\diskominfo.bolmutkab.go.id\app\Controllers\Backend\Pegawai.php(16): view('backend/pegawai...', Array)
#5 C:\xampp\htdocs\diskominfo.bolmutkab.go.id\system\CodeIgniter.php(802): App\Controllers\Backend\Pegawai->index()
#6 C:\xampp\htdocs\diskominfo.bolmutkab.go.id\system\CodeIgniter.php(399): CodeIgniter\CodeIgniter->runController(Object(App\Controllers\Backend\Pegawai))
#7 C:\xampp\htdocs\diskominfo.bolmutkab.go.id\system\CodeIgniter.php(317): CodeIgniter\CodeIgniter->handleRequest(NULL, Object(Config\Cache), false)
#8 C:\xampp\htdocs\diskominfo.bolmutkab.go.id\public\index.php(37): CodeIgniter\CodeIgniter->run()
#9 C:\xampp\htdocs\diskominfo.bolmutkab.go.id\system\Commands\Server\rewrite.php(43): require_once('C:\\xampp\\htdocs...')
#10 {main}
CRITICAL - 2022-01-17 06:29:47 --> Undefined variable: rows
#0 C:\xampp\htdocs\diskominfo.bolmutkab.go.id\app\Views\backend\pegawai\pegawai.php(111): CodeIgniter\Debug\Exceptions->errorHandler(8, 'Undefined varia...', 'C:\\xampp\\htdocs...', 111, Array)
#1 C:\xampp\htdocs\diskominfo.bolmutkab.go.id\system\View\View.php(214): include('C:\\xampp\\htdocs...')
#2 C:\xampp\htdocs\diskominfo.bolmutkab.go.id\system\View\View.php(217): CodeIgniter\View\View->CodeIgniter\View\{closure}()
#3 C:\xampp\htdocs\diskominfo.bolmutkab.go.id\system\Common.php(1092): CodeIgniter\View\View->render('backend/pegawai...', Array, true)
#4 C:\xampp\htdocs\diskominfo.bolmutkab.go.id\app\Controllers\Backend\Pegawai.php(16): view('backend/pegawai...', Array)
#5 C:\xampp\htdocs\diskominfo.bolmutkab.go.id\system\CodeIgniter.php(802): App\Controllers\Backend\Pegawai->index()
#6 C:\xampp\htdocs\diskominfo.bolmutkab.go.id\system\CodeIgniter.php(399): CodeIgniter\CodeIgniter->runController(Object(App\Controllers\Backend\Pegawai))
#7 C:\xampp\htdocs\diskominfo.bolmutkab.go.id\system\CodeIgniter.php(317): CodeIgniter\CodeIgniter->handleRequest(NULL, Object(Config\Cache), false)
#8 C:\xampp\htdocs\diskominfo.bolmutkab.go.id\public\index.php(37): CodeIgniter\CodeIgniter->run()
#9 C:\xampp\htdocs\diskominfo.bolmutkab.go.id\system\Commands\Server\rewrite.php(43): require_once('C:\\xampp\\htdocs...')
#10 {main}
CRITICAL - 2022-01-17 07:16:10 --> syntax error, unexpected '}', expecting end of file
#0 C:\xampp\htdocs\diskominfo.bolmutkab.go.id\system\View\View.php(217): CodeIgniter\View\View->CodeIgniter\View\{closure}()
#1 C:\xampp\htdocs\diskominfo.bolmutkab.go.id\system\Common.php(1092): CodeIgniter\View\View->render('backend/pegawai...', Array, true)
#2 C:\xampp\htdocs\diskominfo.bolmutkab.go.id\app\Controllers\Backend\Pegawai.php(50): view('backend/pegawai...', Array)
#3 C:\xampp\htdocs\diskominfo.bolmutkab.go.id\system\CodeIgniter.php(802): App\Controllers\Backend\Pegawai->struktur()
#4 C:\xampp\htdocs\diskominfo.bolmutkab.go.id\system\CodeIgniter.php(399): CodeIgniter\CodeIgniter->runController(Object(App\Controllers\Backend\Pegawai))
#5 C:\xampp\htdocs\diskominfo.bolmutkab.go.id\system\CodeIgniter.php(317): CodeIgniter\CodeIgniter->handleRequest(NULL, Object(Config\Cache), false)
#6 C:\xampp\htdocs\diskominfo.bolmutkab.go.id\public\index.php(37): CodeIgniter\CodeIgniter->run()
#7 C:\xampp\htdocs\diskominfo.bolmutkab.go.id\system\Commands\Server\rewrite.php(43): require_once('C:\\xampp\\htdocs...')
#8 {main}
