CRITICAL - 2022-03-10 12:47:11 --> Undefined variable: q
#0 C:\xampp\htdocs\diskominfo.bolmutkab.go.id\app\Views\backend\profil\profil_list.php(17): CodeIgniter\Debug\Exceptions->errorHandler(8, 'Undefined varia...', 'C:\\xampp\\htdocs...', 17, Array)
#1 C:\xampp\htdocs\diskominfo.bolmutkab.go.id\system\View\View.php(214): include('C:\\xampp\\htdocs...')
#2 C:\xampp\htdocs\diskominfo.bolmutkab.go.id\system\View\View.php(217): CodeIgniter\View\View->CodeIgniter\View\{closure}()
#3 C:\xampp\htdocs\diskominfo.bolmutkab.go.id\system\Common.php(1092): CodeIgniter\View\View->render('backend/profil/...', Array, true)
#4 C:\xampp\htdocs\diskominfo.bolmutkab.go.id\app\Controllers\Backend\Profil.php(16): view('backend/profil/...')
#5 C:\xampp\htdocs\diskominfo.bolmutkab.go.id\system\CodeIgniter.php(802): App\Controllers\Backend\Profil->index()
#6 C:\xampp\htdocs\diskominfo.bolmutkab.go.id\system\CodeIgniter.php(399): CodeIgniter\CodeIgniter->runController(Object(App\Controllers\Backend\Profil))
#7 C:\xampp\htdocs\diskominfo.bolmutkab.go.id\system\CodeIgniter.php(317): CodeIgniter\CodeIgniter->handleRequest(NULL, Object(Config\Cache), false)
#8 C:\xampp\htdocs\diskominfo.bolmutkab.go.id\public\index.php(37): CodeIgniter\CodeIgniter->run()
#9 C:\xampp\htdocs\diskominfo.bolmutkab.go.id\system\Commands\Server\rewrite.php(43): require_once('C:\\xampp\\htdocs...')
#10 {main}
CRITICAL - 2022-03-10 12:48:19 --> Undefined property: CodeIgniter\View\View::$session
#0 C:\xampp\htdocs\diskominfo.bolmutkab.go.id\app\Views\backend\profil\profil_list.php(27): CodeIgniter\Debug\Exceptions->errorHandler(8, 'Undefined prope...', 'C:\\xampp\\htdocs...', 27, Array)
#1 C:\xampp\htdocs\diskominfo.bolmutkab.go.id\system\View\View.php(214): include('C:\\xampp\\htdocs...')
#2 C:\xampp\htdocs\diskominfo.bolmutkab.go.id\system\View\View.php(217): CodeIgniter\View\View->CodeIgniter\View\{closure}()
#3 C:\xampp\htdocs\diskominfo.bolmutkab.go.id\system\Common.php(1092): CodeIgniter\View\View->render('backend/profil/...', Array, true)
#4 C:\xampp\htdocs\diskominfo.bolmutkab.go.id\app\Controllers\Backend\Profil.php(16): view('backend/profil/...')
#5 C:\xampp\htdocs\diskominfo.bolmutkab.go.id\system\CodeIgniter.php(802): App\Controllers\Backend\Profil->index()
#6 C:\xampp\htdocs\diskominfo.bolmutkab.go.id\system\CodeIgniter.php(399): CodeIgniter\CodeIgniter->runController(Object(App\Controllers\Backend\Profil))
#7 C:\xampp\htdocs\diskominfo.bolmutkab.go.id\system\CodeIgniter.php(317): CodeIgniter\CodeIgniter->handleRequest(NULL, Object(Config\Cache), false)
#8 C:\xampp\htdocs\diskominfo.bolmutkab.go.id\public\index.php(37): CodeIgniter\CodeIgniter->run()
#9 C:\xampp\htdocs\diskominfo.bolmutkab.go.id\system\Commands\Server\rewrite.php(43): require_once('C:\\xampp\\htdocs...')
#10 {main}
CRITICAL - 2022-03-10 12:48:37 --> Undefined property: CodeIgniter\View\View::$session
#0 C:\xampp\htdocs\diskominfo.bolmutkab.go.id\app\Views\backend\profil\profil_list.php(27): CodeIgniter\Debug\Exceptions->errorHandler(8, 'Undefined prope...', 'C:\\xampp\\htdocs...', 27, Array)
#1 C:\xampp\htdocs\diskominfo.bolmutkab.go.id\system\View\View.php(214): include('C:\\xampp\\htdocs...')
#2 C:\xampp\htdocs\diskominfo.bolmutkab.go.id\system\View\View.php(217): CodeIgniter\View\View->CodeIgniter\View\{closure}()
#3 C:\xampp\htdocs\diskominfo.bolmutkab.go.id\system\Common.php(1092): CodeIgniter\View\View->render('backend/profil/...', Array, true)
#4 C:\xampp\htdocs\diskominfo.bolmutkab.go.id\app\Controllers\Backend\Profil.php(16): view('backend/profil/...')
#5 C:\xampp\htdocs\diskominfo.bolmutkab.go.id\system\CodeIgniter.php(802): App\Controllers\Backend\Profil->index()
#6 C:\xampp\htdocs\diskominfo.bolmutkab.go.id\system\CodeIgniter.php(399): CodeIgniter\CodeIgniter->runController(Object(App\Controllers\Backend\Profil))
#7 C:\xampp\htdocs\diskominfo.bolmutkab.go.id\system\CodeIgniter.php(317): CodeIgniter\CodeIgniter->handleRequest(NULL, Object(Config\Cache), false)
#8 C:\xampp\htdocs\diskominfo.bolmutkab.go.id\public\index.php(37): CodeIgniter\CodeIgniter->run()
#9 C:\xampp\htdocs\diskominfo.bolmutkab.go.id\system\Commands\Server\rewrite.php(43): require_once('C:\\xampp\\htdocs...')
#10 {main}
CRITICAL - 2022-03-10 13:28:13 --> Undefined property: CodeIgniter\View\View::$session
#0 C:\xampp\htdocs\diskominfo.bolmutkab.go.id\app\Views\backend\profil\profil_form.php(23): CodeIgniter\Debug\Exceptions->errorHandler(8, 'Undefined prope...', 'C:\\xampp\\htdocs...', 23, Array)
#1 C:\xampp\htdocs\diskominfo.bolmutkab.go.id\system\View\View.php(214): include('C:\\xampp\\htdocs...')
#2 C:\xampp\htdocs\diskominfo.bolmutkab.go.id\system\View\View.php(217): CodeIgniter\View\View->CodeIgniter\View\{closure}()
#3 C:\xampp\htdocs\diskominfo.bolmutkab.go.id\system\Common.php(1092): CodeIgniter\View\View->render('backend/profil/...', Array, true)
#4 C:\xampp\htdocs\diskominfo.bolmutkab.go.id\app\Controllers\Backend\Profil.php(30): view('backend/profil/...')
#5 C:\xampp\htdocs\diskominfo.bolmutkab.go.id\system\CodeIgniter.php(802): App\Controllers\Backend\Profil->profil()
#6 C:\xampp\htdocs\diskominfo.bolmutkab.go.id\system\CodeIgniter.php(399): CodeIgniter\CodeIgniter->runController(Object(App\Controllers\Backend\Profil))
#7 C:\xampp\htdocs\diskominfo.bolmutkab.go.id\system\CodeIgniter.php(317): CodeIgniter\CodeIgniter->handleRequest(NULL, Object(Config\Cache), false)
#8 C:\xampp\htdocs\diskominfo.bolmutkab.go.id\public\index.php(37): CodeIgniter\CodeIgniter->run()
#9 C:\xampp\htdocs\diskominfo.bolmutkab.go.id\system\Commands\Server\rewrite.php(43): require_once('C:\\xampp\\htdocs...')
#10 {main}
