CRITICAL - 2022-01-06 08:29:04 --> syntax error, unexpected 'public' (T_PUBLIC)
#0 C:\xampp\htdocs\diskominfo.bolmutkab1.go.id\system\Router\Router.php(160): CodeIgniter\Router\Router->autoRoute('admin/backend/p...')
#1 C:\xampp\htdocs\diskominfo.bolmutkab1.go.id\system\CodeIgniter.php(702): CodeIgniter\Router\Router->handle('admin/backend/p...')
#2 C:\xampp\htdocs\diskominfo.bolmutkab1.go.id\system\CodeIgniter.php(358): CodeIgniter\CodeIgniter->tryToRouteIt(Object(CodeIgniter\Router\RouteCollection))
#3 C:\xampp\htdocs\diskominfo.bolmutkab1.go.id\system\CodeIgniter.php(317): CodeIgniter\CodeIgniter->handleRequest(NULL, Object(Config\Cache), false)
#4 C:\xampp\htdocs\diskominfo.bolmutkab1.go.id\public\index.php(37): CodeIgniter\CodeIgniter->run()
#5 C:\xampp\htdocs\diskominfo.bolmutkab1.go.id\system\Commands\Server\rewrite.php(43): require_once('C:\\xampp\\htdocs...')
#6 {main}
CRITICAL - 2022-01-06 08:56:22 --> Invalid file: backend/profil/profil.php
#0 C:\xampp\htdocs\diskominfo.bolmutkab1.go.id\system\View\View.php(198): CodeIgniter\Exceptions\FrameworkException::forInvalidFile('backend/profil/...')
#1 C:\xampp\htdocs\diskominfo.bolmutkab1.go.id\system\Common.php(1092): CodeIgniter\View\View->render('backend/profil/...', Array, true)
#2 C:\xampp\htdocs\diskominfo.bolmutkab1.go.id\app\Controllers\Profil.php(8): view('backend/profil/...')
#3 C:\xampp\htdocs\diskominfo.bolmutkab1.go.id\system\CodeIgniter.php(802): App\Controllers\Profil->index()
#4 C:\xampp\htdocs\diskominfo.bolmutkab1.go.id\system\CodeIgniter.php(399): CodeIgniter\CodeIgniter->runController(Object(App\Controllers\Profil))
#5 C:\xampp\htdocs\diskominfo.bolmutkab1.go.id\system\CodeIgniter.php(317): CodeIgniter\CodeIgniter->handleRequest(NULL, Object(Config\Cache), false)
#6 C:\xampp\htdocs\diskominfo.bolmutkab1.go.id\public\index.php(37): CodeIgniter\CodeIgniter->run()
#7 C:\xampp\htdocs\diskominfo.bolmutkab1.go.id\system\Commands\Server\rewrite.php(43): require_once('C:\\xampp\\htdocs...')
#8 {main}
CRITICAL - 2022-01-06 08:56:50 --> Invalid file: backend/profil/profil.php
#0 C:\xampp\htdocs\diskominfo.bolmutkab1.go.id\system\View\View.php(198): CodeIgniter\Exceptions\FrameworkException::forInvalidFile('backend/profil/...')
#1 C:\xampp\htdocs\diskominfo.bolmutkab1.go.id\system\Common.php(1092): CodeIgniter\View\View->render('backend/profil/...', Array, true)
#2 C:\xampp\htdocs\diskominfo.bolmutkab1.go.id\app\Controllers\Profil.php(8): view('backend/profil/...')
#3 C:\xampp\htdocs\diskominfo.bolmutkab1.go.id\system\CodeIgniter.php(802): App\Controllers\Profil->index()
#4 C:\xampp\htdocs\diskominfo.bolmutkab1.go.id\system\CodeIgniter.php(399): CodeIgniter\CodeIgniter->runController(Object(App\Controllers\Profil))
#5 C:\xampp\htdocs\diskominfo.bolmutkab1.go.id\system\CodeIgniter.php(317): CodeIgniter\CodeIgniter->handleRequest(NULL, Object(Config\Cache), false)
#6 C:\xampp\htdocs\diskominfo.bolmutkab1.go.id\public\index.php(37): CodeIgniter\CodeIgniter->run()
#7 C:\xampp\htdocs\diskominfo.bolmutkab1.go.id\system\Commands\Server\rewrite.php(43): require_once('C:\\xampp\\htdocs...')
#8 {main}
CRITICAL - 2022-01-06 08:56:54 --> Invalid file: backend/profil/profil.php
#0 C:\xampp\htdocs\diskominfo.bolmutkab1.go.id\system\View\View.php(198): CodeIgniter\Exceptions\FrameworkException::forInvalidFile('backend/profil/...')
#1 C:\xampp\htdocs\diskominfo.bolmutkab1.go.id\system\Common.php(1092): CodeIgniter\View\View->render('backend/profil/...', Array, true)
#2 C:\xampp\htdocs\diskominfo.bolmutkab1.go.id\app\Controllers\Profil.php(8): view('backend/profil/...')
#3 C:\xampp\htdocs\diskominfo.bolmutkab1.go.id\system\CodeIgniter.php(802): App\Controllers\Profil->index()
#4 C:\xampp\htdocs\diskominfo.bolmutkab1.go.id\system\CodeIgniter.php(399): CodeIgniter\CodeIgniter->runController(Object(App\Controllers\Profil))
#5 C:\xampp\htdocs\diskominfo.bolmutkab1.go.id\system\CodeIgniter.php(317): CodeIgniter\CodeIgniter->handleRequest(NULL, Object(Config\Cache), false)
#6 C:\xampp\htdocs\diskominfo.bolmutkab1.go.id\public\index.php(37): CodeIgniter\CodeIgniter->run()
#7 C:\xampp\htdocs\diskominfo.bolmutkab1.go.id\system\Commands\Server\rewrite.php(43): require_once('C:\\xampp\\htdocs...')
#8 {main}
CRITICAL - 2022-01-06 08:57:12 --> Invalid file: backend/profil/profil.php
#0 C:\xampp\htdocs\diskominfo.bolmutkab1.go.id\system\View\View.php(198): CodeIgniter\Exceptions\FrameworkException::forInvalidFile('backend/profil/...')
#1 C:\xampp\htdocs\diskominfo.bolmutkab1.go.id\system\Common.php(1092): CodeIgniter\View\View->render('backend/profil/...', Array, true)
#2 C:\xampp\htdocs\diskominfo.bolmutkab1.go.id\app\Controllers\Profil.php(8): view('backend/profil/...')
#3 C:\xampp\htdocs\diskominfo.bolmutkab1.go.id\system\CodeIgniter.php(802): App\Controllers\Profil->index()
#4 C:\xampp\htdocs\diskominfo.bolmutkab1.go.id\system\CodeIgniter.php(399): CodeIgniter\CodeIgniter->runController(Object(App\Controllers\Profil))
#5 C:\xampp\htdocs\diskominfo.bolmutkab1.go.id\system\CodeIgniter.php(317): CodeIgniter\CodeIgniter->handleRequest(NULL, Object(Config\Cache), false)
#6 C:\xampp\htdocs\diskominfo.bolmutkab1.go.id\public\index.php(37): CodeIgniter\CodeIgniter->run()
#7 C:\xampp\htdocs\diskominfo.bolmutkab1.go.id\system\Commands\Server\rewrite.php(43): require_once('C:\\xampp\\htdocs...')
#8 {main}
