CRITICAL - 2022-01-05 00:14:05 --> Invalid file: admin/backend/admin-index.php
#0 C:\xampp\htdocs\diskominfo.bolmutkab1.go.id\system\View\View.php(198): CodeIgniter\Exceptions\FrameworkException::forInvalidFile('admin/backend/a...')
#1 C:\xampp\htdocs\diskominfo.bolmutkab1.go.id\system\Common.php(1092): CodeIgniter\View\View->render('admin/backend/a...', Array, true)
#2 C:\xampp\htdocs\diskominfo.bolmutkab1.go.id\app\Controllers\Loginadmin.php(8): view('admin/backend/a...')
#3 C:\xampp\htdocs\diskominfo.bolmutkab1.go.id\system\CodeIgniter.php(802): App\Controllers\Loginadmin->index()
#4 C:\xampp\htdocs\diskominfo.bolmutkab1.go.id\system\CodeIgniter.php(399): CodeIgniter\CodeIgniter->runController(Object(App\Controllers\Loginadmin))
#5 C:\xampp\htdocs\diskominfo.bolmutkab1.go.id\system\CodeIgniter.php(317): CodeIgniter\CodeIgniter->handleRequest(NULL, Object(Config\Cache), false)
#6 C:\xampp\htdocs\diskominfo.bolmutkab1.go.id\public\index.php(37): CodeIgniter\CodeIgniter->run()
#7 C:\xampp\htdocs\diskominfo.bolmutkab1.go.id\system\Commands\Server\rewrite.php(43): require_once('C:\\xampp\\htdocs...')
#8 {main}
CRITICAL - 2022-01-05 00:21:26 --> Invalid file: backend.php
#0 C:\xampp\htdocs\diskominfo.bolmutkab1.go.id\system\View\View.php(198): CodeIgniter\Exceptions\FrameworkException::forInvalidFile('backend.php')
#1 C:\xampp\htdocs\diskominfo.bolmutkab1.go.id\system\Common.php(1092): CodeIgniter\View\View->render('backend', Array, true)
#2 C:\xampp\htdocs\diskominfo.bolmutkab1.go.id\app\Controllers\Loginadmin.php(8): view('backend')
#3 C:\xampp\htdocs\diskominfo.bolmutkab1.go.id\system\CodeIgniter.php(802): App\Controllers\Loginadmin->index()
#4 C:\xampp\htdocs\diskominfo.bolmutkab1.go.id\system\CodeIgniter.php(399): CodeIgniter\CodeIgniter->runController(Object(App\Controllers\Loginadmin))
#5 C:\xampp\htdocs\diskominfo.bolmutkab1.go.id\system\CodeIgniter.php(317): CodeIgniter\CodeIgniter->handleRequest(NULL, Object(Config\Cache), false)
#6 C:\xampp\htdocs\diskominfo.bolmutkab1.go.id\public\index.php(37): CodeIgniter\CodeIgniter->run()
#7 C:\xampp\htdocs\diskominfo.bolmutkab1.go.id\system\Commands\Server\rewrite.php(43): require_once('C:\\xampp\\htdocs...')
#8 {main}
CRITICAL - 2022-01-05 00:21:45 --> Invalid file: admin-index.php
#0 C:\xampp\htdocs\diskominfo.bolmutkab1.go.id\system\View\View.php(198): CodeIgniter\Exceptions\FrameworkException::forInvalidFile('admin-index.php')
#1 C:\xampp\htdocs\diskominfo.bolmutkab1.go.id\system\Common.php(1092): CodeIgniter\View\View->render('admin-index', Array, true)
#2 C:\xampp\htdocs\diskominfo.bolmutkab1.go.id\app\Controllers\Loginadmin.php(8): view('admin-index')
#3 C:\xampp\htdocs\diskominfo.bolmutkab1.go.id\system\CodeIgniter.php(802): App\Controllers\Loginadmin->index()
#4 C:\xampp\htdocs\diskominfo.bolmutkab1.go.id\system\CodeIgniter.php(399): CodeIgniter\CodeIgniter->runController(Object(App\Controllers\Loginadmin))
#5 C:\xampp\htdocs\diskominfo.bolmutkab1.go.id\system\CodeIgniter.php(317): CodeIgniter\CodeIgniter->handleRequest(NULL, Object(Config\Cache), false)
#6 C:\xampp\htdocs\diskominfo.bolmutkab1.go.id\public\index.php(37): CodeIgniter\CodeIgniter->run()
#7 C:\xampp\htdocs\diskominfo.bolmutkab1.go.id\system\Commands\Server\rewrite.php(43): require_once('C:\\xampp\\htdocs...')
#8 {main}
CRITICAL - 2022-01-05 01:15:20 --> Invalid file: backecd/layout/header.php
#0 C:\xampp\htdocs\diskominfo.bolmutkab1.go.id\system\View\View.php(198): CodeIgniter\Exceptions\FrameworkException::forInvalidFile('backecd/layout/...')
#1 C:\xampp\htdocs\diskominfo.bolmutkab1.go.id\system\Common.php(1092): CodeIgniter\View\View->render('backecd/layout/...', Array, true)
#2 C:\xampp\htdocs\diskominfo.bolmutkab1.go.id\app\Controllers\Backend.php(10): view('backecd/layout/...')
#3 C:\xampp\htdocs\diskominfo.bolmutkab1.go.id\system\CodeIgniter.php(802): App\Controllers\Backend->index()
#4 C:\xampp\htdocs\diskominfo.bolmutkab1.go.id\system\CodeIgniter.php(399): CodeIgniter\CodeIgniter->runController(Object(App\Controllers\Backend))
#5 C:\xampp\htdocs\diskominfo.bolmutkab1.go.id\system\CodeIgniter.php(317): CodeIgniter\CodeIgniter->handleRequest(NULL, Object(Config\Cache), false)
#6 C:\xampp\htdocs\diskominfo.bolmutkab1.go.id\public\index.php(37): CodeIgniter\CodeIgniter->run()
#7 C:\xampp\htdocs\diskominfo.bolmutkab1.go.id\system\Commands\Server\rewrite.php(43): require_once('C:\\xampp\\htdocs...')
#8 {main}
CRITICAL - 2022-01-05 02:21:45 --> Invalid file: admin/backend/admin-index.php
#0 C:\xampp\htdocs\diskominfo.bolmutkab1.go.id\system\View\View.php(198): CodeIgniter\Exceptions\FrameworkException::forInvalidFile('admin/backend/a...')
#1 C:\xampp\htdocs\diskominfo.bolmutkab1.go.id\system\Common.php(1092): CodeIgniter\View\View->render('admin/backend/a...', Array, true)
#2 C:\xampp\htdocs\diskominfo.bolmutkab1.go.id\app\Controllers\Loginadmin.php(8): view('admin/backend/a...')
#3 C:\xampp\htdocs\diskominfo.bolmutkab1.go.id\system\CodeIgniter.php(802): App\Controllers\Loginadmin->index()
#4 C:\xampp\htdocs\diskominfo.bolmutkab1.go.id\system\CodeIgniter.php(399): CodeIgniter\CodeIgniter->runController(Object(App\Controllers\Loginadmin))
#5 C:\xampp\htdocs\diskominfo.bolmutkab1.go.id\system\CodeIgniter.php(317): CodeIgniter\CodeIgniter->handleRequest(NULL, Object(Config\Cache), false)
#6 C:\xampp\htdocs\diskominfo.bolmutkab1.go.id\public\index.php(37): CodeIgniter\CodeIgniter->run()
#7 C:\xampp\htdocs\diskominfo.bolmutkab1.go.id\system\Commands\Server\rewrite.php(43): require_once('C:\\xampp\\htdocs...')
#8 {main}
CRITICAL - 2022-01-05 02:24:29 --> syntax error, unexpected 'public' (T_PUBLIC)
#0 C:\xampp\htdocs\diskominfo.bolmutkab1.go.id\system\Router\Router.php(160): CodeIgniter\Router\Router->autoRoute('admin/backend')
#1 C:\xampp\htdocs\diskominfo.bolmutkab1.go.id\system\CodeIgniter.php(702): CodeIgniter\Router\Router->handle('admin/backend')
#2 C:\xampp\htdocs\diskominfo.bolmutkab1.go.id\system\CodeIgniter.php(358): CodeIgniter\CodeIgniter->tryToRouteIt(Object(CodeIgniter\Router\RouteCollection))
#3 C:\xampp\htdocs\diskominfo.bolmutkab1.go.id\system\CodeIgniter.php(317): CodeIgniter\CodeIgniter->handleRequest(NULL, Object(Config\Cache), false)
#4 C:\xampp\htdocs\diskominfo.bolmutkab1.go.id\public\index.php(37): CodeIgniter\CodeIgniter->run()
#5 C:\xampp\htdocs\diskominfo.bolmutkab1.go.id\system\Commands\Server\rewrite.php(43): require_once('C:\\xampp\\htdocs...')
#6 {main}
CRITICAL - 2022-01-05 02:26:23 --> syntax error, unexpected 'public' (T_PUBLIC)
#0 C:\xampp\htdocs\diskominfo.bolmutkab1.go.id\system\Router\Router.php(160): CodeIgniter\Router\Router->autoRoute('admin/backend')
#1 C:\xampp\htdocs\diskominfo.bolmutkab1.go.id\system\CodeIgniter.php(702): CodeIgniter\Router\Router->handle('admin/backend')
#2 C:\xampp\htdocs\diskominfo.bolmutkab1.go.id\system\CodeIgniter.php(358): CodeIgniter\CodeIgniter->tryToRouteIt(Object(CodeIgniter\Router\RouteCollection))
#3 C:\xampp\htdocs\diskominfo.bolmutkab1.go.id\system\CodeIgniter.php(317): CodeIgniter\CodeIgniter->handleRequest(NULL, Object(Config\Cache), false)
#4 C:\xampp\htdocs\diskominfo.bolmutkab1.go.id\public\index.php(37): CodeIgniter\CodeIgniter->run()
#5 C:\xampp\htdocs\diskominfo.bolmutkab1.go.id\system\Commands\Server\rewrite.php(43): require_once('C:\\xampp\\htdocs...')
#6 {main}
CRITICAL - 2022-01-05 02:26:25 --> syntax error, unexpected 'public' (T_PUBLIC)
#0 C:\xampp\htdocs\diskominfo.bolmutkab1.go.id\system\Router\Router.php(160): CodeIgniter\Router\Router->autoRoute('admin/backend')
#1 C:\xampp\htdocs\diskominfo.bolmutkab1.go.id\system\CodeIgniter.php(702): CodeIgniter\Router\Router->handle('admin/backend')
#2 C:\xampp\htdocs\diskominfo.bolmutkab1.go.id\system\CodeIgniter.php(358): CodeIgniter\CodeIgniter->tryToRouteIt(Object(CodeIgniter\Router\RouteCollection))
#3 C:\xampp\htdocs\diskominfo.bolmutkab1.go.id\system\CodeIgniter.php(317): CodeIgniter\CodeIgniter->handleRequest(NULL, Object(Config\Cache), false)
#4 C:\xampp\htdocs\diskominfo.bolmutkab1.go.id\public\index.php(37): CodeIgniter\CodeIgniter->run()
#5 C:\xampp\htdocs\diskominfo.bolmutkab1.go.id\system\Commands\Server\rewrite.php(43): require_once('C:\\xampp\\htdocs...')
#6 {main}
CRITICAL - 2022-01-05 02:42:53 --> syntax error, unexpected end of file, expecting function (T_FUNCTION) or const (T_CONST)
#0 C:\xampp\htdocs\diskominfo.bolmutkab1.go.id\system\Router\Router.php(160): CodeIgniter\Router\Router->autoRoute('admin/backend')
#1 C:\xampp\htdocs\diskominfo.bolmutkab1.go.id\system\CodeIgniter.php(702): CodeIgniter\Router\Router->handle('admin/backend')
#2 C:\xampp\htdocs\diskominfo.bolmutkab1.go.id\system\CodeIgniter.php(358): CodeIgniter\CodeIgniter->tryToRouteIt(Object(CodeIgniter\Router\RouteCollection))
#3 C:\xampp\htdocs\diskominfo.bolmutkab1.go.id\system\CodeIgniter.php(317): CodeIgniter\CodeIgniter->handleRequest(NULL, Object(Config\Cache), false)
#4 C:\xampp\htdocs\diskominfo.bolmutkab1.go.id\public\index.php(37): CodeIgniter\CodeIgniter->run()
#5 C:\xampp\htdocs\diskominfo.bolmutkab1.go.id\system\Commands\Server\rewrite.php(43): require_once('C:\\xampp\\htdocs...')
#6 {main}
CRITICAL - 2022-01-05 03:07:05 --> Invalid file: backend/static-table.php
#0 C:\xampp\htdocs\diskominfo.bolmutkab1.go.id\system\View\View.php(198): CodeIgniter\Exceptions\FrameworkException::forInvalidFile('backend/static-...')
#1 C:\xampp\htdocs\diskominfo.bolmutkab1.go.id\system\Common.php(1092): CodeIgniter\View\View->render('backend/static-...', Array, true)
#2 C:\xampp\htdocs\diskominfo.bolmutkab1.go.id\app\Controllers\Mailbox.php(8): view('backend/static-...')
#3 C:\xampp\htdocs\diskominfo.bolmutkab1.go.id\system\CodeIgniter.php(802): App\Controllers\Mailbox->index()
#4 C:\xampp\htdocs\diskominfo.bolmutkab1.go.id\system\CodeIgniter.php(399): CodeIgniter\CodeIgniter->runController(Object(App\Controllers\Mailbox))
#5 C:\xampp\htdocs\diskominfo.bolmutkab1.go.id\system\CodeIgniter.php(317): CodeIgniter\CodeIgniter->handleRequest(NULL, Object(Config\Cache), false)
#6 C:\xampp\htdocs\diskominfo.bolmutkab1.go.id\public\index.php(37): CodeIgniter\CodeIgniter->run()
#7 C:\xampp\htdocs\diskominfo.bolmutkab1.go.id\system\Commands\Server\rewrite.php(43): require_once('C:\\xampp\\htdocs...')
#8 {main}
CRITICAL - 2022-01-05 03:09:34 --> Invalid file: backend/static-table.php
#0 C:\xampp\htdocs\diskominfo.bolmutkab1.go.id\system\View\View.php(198): CodeIgniter\Exceptions\FrameworkException::forInvalidFile('backend/static-...')
#1 C:\xampp\htdocs\diskominfo.bolmutkab1.go.id\system\Common.php(1092): CodeIgniter\View\View->render('backend/static-...', Array, true)
#2 C:\xampp\htdocs\diskominfo.bolmutkab1.go.id\app\Controllers\Mailbox.php(8): view('backend/static-...')
#3 C:\xampp\htdocs\diskominfo.bolmutkab1.go.id\system\CodeIgniter.php(802): App\Controllers\Mailbox->index()
#4 C:\xampp\htdocs\diskominfo.bolmutkab1.go.id\system\CodeIgniter.php(399): CodeIgniter\CodeIgniter->runController(Object(App\Controllers\Mailbox))
#5 C:\xampp\htdocs\diskominfo.bolmutkab1.go.id\system\CodeIgniter.php(317): CodeIgniter\CodeIgniter->handleRequest(NULL, Object(Config\Cache), false)
#6 C:\xampp\htdocs\diskominfo.bolmutkab1.go.id\public\index.php(37): CodeIgniter\CodeIgniter->run()
#7 C:\xampp\htdocs\diskominfo.bolmutkab1.go.id\system\Commands\Server\rewrite.php(43): require_once('C:\\xampp\\htdocs...')
#8 {main}
